# JRE version: Java(TM) SE Runtime Environment (7.0_80-b15) (build 1.7.0_80-b15)
# Java VM: Java HotSpot(TM) 64-Bit Server VM (24.80-b11 mixed mode linux-amd64 compressed oops)
Heap
 PSYoungGen      total 466432K, used 0K [0x00000007d5500000, 0x0000000800000000, 0x0000000800000000)
  eden space 233472K, 0% used [0x00000007d5500000,0x00000007d5500000,0x00000007e3900000)
  from space 232960K, 0% used [0x00000007f1c80000,0x00000007f1c80000,0x0000000800000000)
  to   space 232960K, 0% used [0x00000007e3900000,0x00000007e3900000,0x00000007f1c80000)
 ParOldGen       total 1060352K, used 915334K [0x0000000780000000, 0x00000007c0b80000, 0x00000007d5500000)
  object space 1060352K, 86% used [0x0000000780000000,0x00000007b7de1a40,0x00000007c0b80000)
 PSPermGen       total 21504K, used 12015K [0x000000077ae00000, 0x000000077c300000, 0x0000000780000000)
  object space 21504K, 55% used [0x000000077ae00000,0x000000077b9bbce0,0x000000077c300000)
GC Heap History (10 events):
Event: 60,592 GC heap after
Heap after GC invocations=44 (full 7):
 PSYoungGen      total 466432K, used 3885K [0x00000007d5500000, 0x0000000800000000, 0x0000000800000000)
  eden space 233472K, 0% used [0x00000007d5500000,0x00000007d5500000,0x00000007e3900000)
  from space 232960K, 1% used [0x00000007f1c80000,0x00000007f204b428,0x0000000800000000)
  to   space 232960K, 0% used [0x00000007e3900000,0x00000007e3900000,0x00000007f1c80000)
 ParOldGen       total 1060352K, used 633926K [0x0000000780000000, 0x00000007c0b80000, 0x00000007d5500000)
  object space 1060352K, 59% used [0x0000000780000000,0x00000007a6b11958,0x00000007c0b80000)
 PSPermGen       total 21504K, used 12014K [0x000000077ae00000, 0x000000077c300000, 0x0000000780000000)
  object space 21504K, 55% used [0x000000077ae00000,0x000000077b9bbbd8,0x000000077c300000)
}
Event: 65,334 GC heap before
{Heap before GC invocations=45 (full 7):
 PSYoungGen      total 466432K, used 237357K [0x00000007d5500000, 0x0000000800000000, 0x0000000800000000)
  eden space 233472K, 100% used [0x00000007d5500000,0x00000007e3900000,0x00000007e3900000)
  from space 232960K, 1% used [0x00000007f1c80000,0x00000007f204b428,0x0000000800000000)
  to   space 232960K, 0% used [0x00000007e3900000,0x00000007e3900000,0x00000007f1c80000)
 ParOldGen       total 1060352K, used 633926K [0x0000000780000000, 0x00000007c0b80000, 0x00000007d5500000)
  object space 1060352K, 59% used [0x0000000780000000,0x00000007a6b11958,0x00000007c0b80000)
 PSPermGen       total 21504K, used 12014K [0x000000077ae00000, 0x000000077c300000, 0x0000000780000000)
  object space 21504K, 55% used [0x000000077ae00000,0x000000077b9bbbd8,0x000000077c300000)
Event: 65,594 GC heap after
Heap after GC invocations=45 (full 7):
 PSYoungGen      total 466432K, used 113056K [0x00000007d5500000, 0x0000000800000000, 0x0000000800000000)
  eden space 233472K, 0% used [0x00000007d5500000,0x00000007d5500000,0x00000007e3900000)
  from space 232960K, 48% used [0x00000007e3900000,0x00000007ea768030,0x00000007f1c80000)
  to   space 232960K, 0% used [0x00000007f1c80000,0x00000007f1c80000,0x0000000800000000)
 ParOldGen       total 1060352K, used 637766K [0x0000000780000000, 0x00000007c0b80000, 0x00000007d5500000)
  object space 1060352K, 60% used [0x0000000780000000,0x00000007a6ed1958,0x00000007c0b80000)
 PSPermGen       total 21504K, used 12014K [0x000000077ae00000, 0x000000077c300000, 0x0000000780000000)
  object space 21504K, 55% used [0x000000077ae00000,0x000000077b9bbbd8,0x000000077c300000)
}
Event: 67,515 GC heap before
{Heap before GC invocations=46 (full 7):
 PSYoungGen      total 466432K, used 346528K [0x00000007d5500000, 0x0000000800000000, 0x0000000800000000)
  eden space 233472K, 100% used [0x00000007d5500000,0x00000007e3900000,0x00000007e3900000)
  from space 232960K, 48% used [0x00000007e3900000,0x00000007ea768030,0x00000007f1c80000)
  to   space 232960K, 0% used [0x00000007f1c80000,0x00000007f1c80000,0x0000000800000000)
 ParOldGen       total 1060352K, used 637766K [0x0000000780000000, 0x00000007c0b80000, 0x00000007d5500000)
  object space 1060352K, 60% used [0x0000000780000000,0x00000007a6ed1958,0x00000007c0b80000)
 PSPermGen       total 21504K, used 12015K [0x000000077ae00000, 0x000000077c300000, 0x0000000780000000)
  object space 21504K, 55% used [0x000000077ae00000,0x000000077b9bbce0,0x000000077c300000)
Event: 67,731 GC heap after
Heap after GC invocations=46 (full 7):
 PSYoungGen      total 450048K, used 120832K [0x00000007d5500000, 0x00000007ff000000, 0x0000000800000000)
  eden space 233472K, 0% used [0x00000007d5500000,0x00000007d5500000,0x00000007e3900000)
  from space 216576K, 55% used [0x00000007f1c80000,0x00000007f9280030,0x00000007ff000000)
  to   space 224768K, 0% used [0x00000007e3900000,0x00000007e3900000,0x00000007f1480000)
 ParOldGen       total 1060352K, used 725606K [0x0000000780000000, 0x00000007c0b80000, 0x00000007d5500000)
  object space 1060352K, 68% used [0x0000000780000000,0x00000007ac499958,0x00000007c0b80000)
 PSPermGen       total 21504K, used 12015K [0x000000077ae00000, 0x000000077c300000, 0x0000000780000000)
  object space 21504K, 55% used [0x000000077ae00000,0x000000077b9bbce0,0x000000077c300000)
}
Event: 68,025 GC heap before
{Heap before GC invocations=47 (full 7):
 PSYoungGen      total 450048K, used 354304K [0x00000007d5500000, 0x00000007ff000000, 0x0000000800000000)
  eden space 233472K, 100% used [0x00000007d5500000,0x00000007e3900000,0x00000007e3900000)
  from space 216576K, 55% used [0x00000007f1c80000,0x00000007f9280030,0x00000007ff000000)
  to   space 224768K, 0% used [0x00000007e3900000,0x00000007e3900000,0x00000007f1480000)
 ParOldGen       total 1060352K, used 725606K [0x0000000780000000, 0x00000007c0b80000, 0x00000007d5500000)
  object space 1060352K, 68% used [0x0000000780000000,0x00000007ac499958,0x00000007c0b80000)
 PSPermGen       total 21504K, used 12015K [0x000000077ae00000, 0x000000077c300000, 0x0000000780000000)
  object space 21504K, 55% used [0x000000077ae00000,0x000000077b9bbce0,0x000000077c300000)
Event: 68,201 GC heap after
Heap after GC invocations=47 (full 7):
 PSYoungGen      total 458240K, used 197472K [0x00000007d5500000, 0x0000000800000000, 0x0000000800000000)
  eden space 233472K, 0% used [0x00000007d5500000,0x00000007d5500000,0x00000007e3900000)
  from space 224768K, 87% used [0x00000007e3900000,0x00000007ef9d8040,0x00000007f1480000)
  to   space 232960K, 0% used [0x00000007f1c80000,0x00000007f1c80000,0x0000000800000000)
 ParOldGen       total 1060352K, used 725606K [0x0000000780000000, 0x00000007c0b80000, 0x00000007d5500000)
  object space 1060352K, 68% used [0x0000000780000000,0x00000007ac499958,0x00000007c0b80000)
 PSPermGen       total 21504K, used 12015K [0x000000077ae00000, 0x000000077c300000, 0x0000000780000000)
  object space 21504K, 55% used [0x000000077ae00000,0x000000077b9bbce0,0x000000077c300000)
}
Event: 74,638 GC heap before
{Heap before GC invocations=48 (full 7):
 PSYoungGen      total 458240K, used 430944K [0x00000007d5500000, 0x0000000800000000, 0x0000000800000000)
  eden space 233472K, 100% used [0x00000007d5500000,0x00000007e3900000,0x00000007e3900000)
  from space 224768K, 87% used [0x00000007e3900000,0x00000007ef9d8040,0x00000007f1480000)
  to   space 232960K, 0% used [0x00000007f1c80000,0x00000007f1c80000,0x0000000800000000)
 ParOldGen       total 1060352K, used 725606K [0x0000000780000000, 0x00000007c0b80000, 0x00000007d5500000)
  object space 1060352K, 68% used [0x0000000780000000,0x00000007ac499958,0x00000007c0b80000)
 PSPermGen       total 21504K, used 12015K [0x000000077ae00000, 0x000000077c300000, 0x0000000780000000)
  object space 21504K, 55% used [0x000000077ae00000,0x000000077b9bbce0,0x000000077c300000)
Event: 74,925 GC heap after
Heap after GC invocations=48 (full 7):
 PSYoungGen      total 466432K, used 50016K [0x00000007d5500000, 0x0000000800000000, 0x0000000800000000)
  eden space 233472K, 0% used [0x00000007d5500000,0x00000007d5500000,0x00000007e3900000)
  from space 232960K, 21% used [0x00000007f1c80000,0x00000007f4d58030,0x0000000800000000)
  to   space 232960K, 0% used [0x00000007e3900000,0x00000007e3900000,0x00000007f1c80000)
 ParOldGen       total 1060352K, used 923318K [0x0000000780000000, 0x00000007c0b80000, 0x00000007d5500000)
  object space 1060352K, 87% used [0x0000000780000000,0x00000007b85ad998,0x00000007c0b80000)
 PSPermGen       total 21504K, used 12015K [0x000000077ae00000, 0x000000077c300000, 0x0000000780000000)
  object space 21504K, 55% used [0x000000077ae00000,0x000000077b9bbce0,0x000000077c300000)
}
Event: 74,925 GC heap before
{Heap before GC invocations=49 (full 8):
 PSYoungGen      total 466432K, used 50016K [0x00000007d5500000, 0x0000000800000000, 0x0000000800000000)
  eden space 233472K, 0% used [0x00000007d5500000,0x00000007d5500000,0x00000007e3900000)
  from space 232960K, 21% used [0x00000007f1c80000,0x00000007f4d58030,0x0000000800000000)
  to   space 232960K, 0% used [0x00000007e3900000,0x00000007e3900000,0x00000007f1c80000)
 ParOldGen       total 1060352K, used 923318K [0x0000000780000000, 0x00000007c0b80000, 0x00000007d5500000)
  object space 1060352K, 87% used [0x0000000780000000,0x00000007b85ad998,0x00000007c0b80000)
 PSPermGen       total 21504K, used 12015K [0x000000077ae00000, 0x000000077c300000, 0x0000000780000000)
  object space 21504K, 55% used [0x000000077ae00000,0x000000077b9bbce0,0x000000077c300000)

