# JRE version: Java(TM) SE Runtime Environment (7.0_80-b15) (build 1.7.0_80-b15)
# Java VM: Java HotSpot(TM) 64-Bit Server VM (24.80-b11 mixed mode linux-amd64 compressed oops)
Heap
 PSYoungGen      total 466432K, used 0K [0x00000007d5500000, 0x0000000800000000, 0x0000000800000000)
  eden space 233472K, 0% used [0x00000007d5500000,0x00000007d5500000,0x00000007e3900000)
  from space 232960K, 0% used [0x00000007f1c80000,0x00000007f1c80000,0x0000000800000000)
  to   space 232960K, 0% used [0x00000007e3900000,0x00000007e3900000,0x00000007f1c80000)
 ParOldGen       total 955392K, used 940680K [0x0000000780000000, 0x00000007ba500000, 0x00000007d5500000)
  object space 955392K, 98% used [0x0000000780000000,0x00000007b96a22e8,0x00000007ba500000)
 PSPermGen       total 22528K, used 12018K [0x000000077ae00000, 0x000000077c400000, 0x0000000780000000)
  object space 22528K, 53% used [0x000000077ae00000,0x000000077b9bc960,0x000000077c400000)
GC Heap History (10 events):
Event: 84,504 GC heap after
Heap after GC invocations=40 (full 6):
 PSYoungGen      total 455168K, used 165472K [0x00000007d5500000, 0x0000000800000000, 0x0000000800000000)
  eden space 227840K, 0% used [0x00000007d5500000,0x00000007d5500000,0x00000007e3380000)
  from space 227328K, 72% used [0x00000007f1700000,0x00000007fb898050,0x00000007ff500000)
  to   space 232960K, 0% used [0x00000007e3380000,0x00000007e3380000,0x00000007f1700000)
 ParOldGen       total 955392K, used 561651K [0x0000000780000000, 0x00000007ba500000, 0x00000007d5500000)
  object space 955392K, 58% used [0x0000000780000000,0x00000007a247cdf8,0x00000007ba500000)
 PSPermGen       total 22528K, used 12016K [0x000000077ae00000, 0x000000077c400000, 0x0000000780000000)
  object space 22528K, 53% used [0x000000077ae00000,0x000000077b9bc078,0x000000077c400000)
}
Event: 88,315 GC heap before
{Heap before GC invocations=41 (full 6):
 PSYoungGen      total 455168K, used 393312K [0x00000007d5500000, 0x0000000800000000, 0x0000000800000000)
  eden space 227840K, 100% used [0x00000007d5500000,0x00000007e3380000,0x00000007e3380000)
  from space 227328K, 72% used [0x00000007f1700000,0x00000007fb898050,0x00000007ff500000)
  to   space 232960K, 0% used [0x00000007e3380000,0x00000007e3380000,0x00000007f1700000)
 ParOldGen       total 955392K, used 561651K [0x0000000780000000, 0x00000007ba500000, 0x00000007d5500000)
  object space 955392K, 58% used [0x0000000780000000,0x00000007a247cdf8,0x00000007ba500000)
 PSPermGen       total 22528K, used 12016K [0x000000077ae00000, 0x000000077c400000, 0x0000000780000000)
  object space 22528K, 53% used [0x000000077ae00000,0x000000077b9bc320,0x000000077c400000)
Event: 88,573 GC heap after
Heap after GC invocations=41 (full 6):
 PSYoungGen      total 460800K, used 203872K [0x00000007d5500000, 0x0000000800000000, 0x0000000800000000)
  eden space 227840K, 0% used [0x00000007d5500000,0x00000007d5500000,0x00000007e3380000)
  from space 232960K, 87% used [0x00000007e3380000,0x00000007efa98020,0x00000007f1700000)
  to   space 232960K, 0% used [0x00000007f1c80000,0x00000007f1c80000,0x0000000800000000)
 ParOldGen       total 955392K, used 570651K [0x0000000780000000, 0x00000007ba500000, 0x00000007d5500000)
  object space 955392K, 59% used [0x0000000780000000,0x00000007a2d46df8,0x00000007ba500000)
 PSPermGen       total 22528K, used 12016K [0x000000077ae00000, 0x000000077c400000, 0x0000000780000000)
  object space 22528K, 53% used [0x000000077ae00000,0x000000077b9bc320,0x000000077c400000)
}
Event: 89,032 GC heap before
{Heap before GC invocations=42 (full 6):
 PSYoungGen      total 460800K, used 431712K [0x00000007d5500000, 0x0000000800000000, 0x0000000800000000)
  eden space 227840K, 100% used [0x00000007d5500000,0x00000007e3380000,0x00000007e3380000)
  from space 232960K, 87% used [0x00000007e3380000,0x00000007efa98020,0x00000007f1700000)
  to   space 232960K, 0% used [0x00000007f1c80000,0x00000007f1c80000,0x0000000800000000)
 ParOldGen       total 955392K, used 570651K [0x0000000780000000, 0x00000007ba500000, 0x00000007d5500000)
  object space 955392K, 59% used [0x0000000780000000,0x00000007a2d46df8,0x00000007ba500000)
 PSPermGen       total 22528K, used 12016K [0x000000077ae00000, 0x000000077c400000, 0x0000000780000000)
  object space 22528K, 53% used [0x000000077ae00000,0x000000077b9bc320,0x000000077c400000)
Event: 89,401 GC heap after
Heap after GC invocations=42 (full 6):
 PSYoungGen      total 466432K, used 232160K [0x00000007d5500000, 0x0000000800000000, 0x0000000800000000)
  eden space 233472K, 0% used [0x00000007d5500000,0x00000007d5500000,0x00000007e3900000)
  from space 232960K, 99% used [0x00000007f1c80000,0x00000007fff38010,0x0000000800000000)
  to   space 232960K, 0% used [0x00000007e3900000,0x00000007e3900000,0x00000007f1c80000)
 ParOldGen       total 955392K, used 618163K [0x0000000780000000, 0x00000007ba500000, 0x00000007d5500000)
  object space 955392K, 64% used [0x0000000780000000,0x00000007a5bace08,0x00000007ba500000)
 PSPermGen       total 22528K, used 12016K [0x000000077ae00000, 0x000000077c400000, 0x0000000780000000)
  object space 22528K, 53% used [0x000000077ae00000,0x000000077b9bc320,0x000000077c400000)
}
Event: 96,405 GC heap before
{Heap before GC invocations=43 (full 6):
 PSYoungGen      total 466432K, used 465632K [0x00000007d5500000, 0x0000000800000000, 0x0000000800000000)
  eden space 233472K, 100% used [0x00000007d5500000,0x00000007e3900000,0x00000007e3900000)
  from space 232960K, 99% used [0x00000007f1c80000,0x00000007fff38010,0x0000000800000000)
  to   space 232960K, 0% used [0x00000007e3900000,0x00000007e3900000,0x00000007f1c80000)
 ParOldGen       total 955392K, used 618163K [0x0000000780000000, 0x00000007ba500000, 0x00000007d5500000)
  object space 955392K, 64% used [0x0000000780000000,0x00000007a5bace08,0x00000007ba500000)
 PSPermGen       total 22528K, used 12017K [0x000000077ae00000, 0x000000077c400000, 0x0000000780000000)
  object space 22528K, 53% used [0x000000077ae00000,0x000000077b9bc490,0x000000077c400000)
Event: 96,922 GC heap after
Heap after GC invocations=43 (full 6):
 PSYoungGen      total 466432K, used 130176K [0x00000007d5500000, 0x0000000800000000, 0x0000000800000000)
  eden space 233472K, 0% used [0x00000007d5500000,0x00000007d5500000,0x00000007e3900000)
  from space 232960K, 55% used [0x00000007e3900000,0x00000007eb820040,0x00000007f1c80000)
  to   space 232960K, 0% used [0x00000007f1c80000,0x00000007f1c80000,0x0000000800000000)
 ParOldGen       total 955392K, used 774851K [0x0000000780000000, 0x00000007ba500000, 0x00000007d5500000)
  object space 955392K, 81% used [0x0000000780000000,0x00000007af4b0e08,0x00000007ba500000)
 PSPermGen       total 22528K, used 12017K [0x000000077ae00000, 0x000000077c400000, 0x0000000780000000)
  object space 22528K, 53% used [0x000000077ae00000,0x000000077b9bc490,0x000000077c400000)
}
Event: 110,930 GC heap before
{Heap before GC invocations=44 (full 6):
 PSYoungGen      total 466432K, used 363648K [0x00000007d5500000, 0x0000000800000000, 0x0000000800000000)
  eden space 233472K, 100% used [0x00000007d5500000,0x00000007e3900000,0x00000007e3900000)
  from space 232960K, 55% used [0x00000007e3900000,0x00000007eb820040,0x00000007f1c80000)
  to   space 232960K, 0% used [0x00000007f1c80000,0x00000007f1c80000,0x0000000800000000)
 ParOldGen       total 955392K, used 774851K [0x0000000780000000, 0x00000007ba500000, 0x00000007d5500000)
  object space 955392K, 81% used [0x0000000780000000,0x00000007af4b0e08,0x00000007ba500000)
 PSPermGen       total 22528K, used 12018K [0x000000077ae00000, 0x000000077c400000, 0x0000000780000000)
  object space 22528K, 53% used [0x000000077ae00000,0x000000077b9bca40,0x000000077c400000)
Event: 111,268 GC heap after
Heap after GC invocations=44 (full 6):
 PSYoungGen      total 466432K, used 50752K [0x00000007d5500000, 0x0000000800000000, 0x0000000800000000)
  eden space 233472K, 0% used [0x00000007d5500000,0x00000007d5500000,0x00000007e3900000)
  from space 232960K, 21% used [0x00000007f1c80000,0x00000007f4e10030,0x0000000800000000)
  to   space 232960K, 0% used [0x00000007e3900000,0x00000007e3900000,0x00000007f1c80000)
 ParOldGen       total 955392K, used 891147K [0x0000000780000000, 0x00000007ba500000, 0x00000007d5500000)
  object space 955392K, 93% used [0x0000000780000000,0x00000007b6642e18,0x00000007ba500000)
 PSPermGen       total 22528K, used 12018K [0x000000077ae00000, 0x000000077c400000, 0x0000000780000000)
  object space 22528K, 53% used [0x000000077ae00000,0x000000077b9bca40,0x000000077c400000)
}
Event: 111,268 GC heap before
{Heap before GC invocations=45 (full 7):
 PSYoungGen      total 466432K, used 50752K [0x00000007d5500000, 0x0000000800000000, 0x0000000800000000)
  eden space 233472K, 0% used [0x00000007d5500000,0x00000007d5500000,0x00000007e3900000)
  from space 232960K, 21% used [0x00000007f1c80000,0x00000007f4e10030,0x0000000800000000)
  to   space 232960K, 0% used [0x00000007e3900000,0x00000007e3900000,0x00000007f1c80000)
 ParOldGen       total 955392K, used 891147K [0x0000000780000000, 0x00000007ba500000, 0x00000007d5500000)
  object space 955392K, 93% used [0x0000000780000000,0x00000007b6642e18,0x00000007ba500000)
 PSPermGen       total 22528K, used 12018K [0x000000077ae00000, 0x000000077c400000, 0x0000000780000000)
  object space 22528K, 53% used [0x000000077ae00000,0x000000077b9bca40,0x000000077c400000)

