# JRE version: Java(TM) SE Runtime Environment (7.0_80-b15) (build 1.7.0_80-b15)
# Java VM: Java HotSpot(TM) 64-Bit Server VM (24.80-b11 mixed mode linux-amd64 compressed oops)
Heap
 PSYoungGen      total 466432K, used 0K [0x00000007d5500000, 0x0000000800000000, 0x0000000800000000)
  eden space 233472K, 0% used [0x00000007d5500000,0x00000007d5500000,0x00000007e3900000)
  from space 232960K, 0% used [0x00000007f1c80000,0x00000007f1c80000,0x0000000800000000)
  to   space 232960K, 0% used [0x00000007e3900000,0x00000007e3900000,0x00000007f1c80000)
 ParOldGen       total 983040K, used 856235K [0x0000000780000000, 0x00000007bc000000, 0x00000007d5500000)
  object space 983040K, 87% used [0x0000000780000000,0x00000007b442aec0,0x00000007bc000000)
 PSPermGen       total 23040K, used 12135K [0x000000077ae00000, 0x000000077c480000, 0x0000000780000000)
  object space 23040K, 52% used [0x000000077ae00000,0x000000077b9d9c90,0x000000077c480000)
GC Heap History (10 events):
Event: 59,216 GC heap after
Heap after GC invocations=38 (full 5):
 PSYoungGen      total 466432K, used 181664K [0x00000007d5500000, 0x0000000800000000, 0x0000000800000000)
  eden space 233472K, 0% used [0x00000007d5500000,0x00000007d5500000,0x00000007e3900000)
  from space 232960K, 77% used [0x00000007e3900000,0x00000007eea68050,0x00000007f1c80000)
  to   space 232960K, 0% used [0x00000007f1c80000,0x00000007f1c80000,0x0000000800000000)
 ParOldGen       total 566784K, used 445571K [0x0000000780000000, 0x00000007a2980000, 0x00000007d5500000)
  object space 566784K, 78% used [0x0000000780000000,0x000000079b320e68,0x00000007a2980000)
 PSPermGen       total 24064K, used 12134K [0x000000077ae00000, 0x000000077c580000, 0x0000000780000000)
  object space 24064K, 50% used [0x000000077ae00000,0x000000077b9d9b68,0x000000077c580000)
}
Event: 64,476 GC heap before
{Heap before GC invocations=39 (full 5):
 PSYoungGen      total 466432K, used 415136K [0x00000007d5500000, 0x0000000800000000, 0x0000000800000000)
  eden space 233472K, 100% used [0x00000007d5500000,0x00000007e3900000,0x00000007e3900000)
  from space 232960K, 77% used [0x00000007e3900000,0x00000007eea68050,0x00000007f1c80000)
  to   space 232960K, 0% used [0x00000007f1c80000,0x00000007f1c80000,0x0000000800000000)
 ParOldGen       total 566784K, used 445571K [0x0000000780000000, 0x00000007a2980000, 0x00000007d5500000)
  object space 566784K, 78% used [0x0000000780000000,0x000000079b320e68,0x00000007a2980000)
 PSPermGen       total 24064K, used 12135K [0x000000077ae00000, 0x000000077c580000, 0x0000000780000000)
  object space 24064K, 50% used [0x000000077ae00000,0x000000077b9d9ca8,0x000000077c580000)
Event: 64,719 GC heap after
Heap after GC invocations=39 (full 5):
 PSYoungGen      total 466432K, used 202080K [0x00000007d5500000, 0x0000000800000000, 0x0000000800000000)
  eden space 233472K, 0% used [0x00000007d5500000,0x00000007d5500000,0x00000007e3900000)
  from space 232960K, 86% used [0x00000007f1c80000,0x00000007fe1d8050,0x0000000800000000)
  to   space 232960K, 0% used [0x00000007e3900000,0x00000007e3900000,0x00000007f1c80000)
 ParOldGen       total 566784K, used 531955K [0x0000000780000000, 0x00000007a2980000, 0x00000007d5500000)
  object space 566784K, 93% used [0x0000000780000000,0x00000007a077ce68,0x00000007a2980000)
 PSPermGen       total 24064K, used 12135K [0x000000077ae00000, 0x000000077c580000, 0x0000000780000000)
  object space 24064K, 50% used [0x000000077ae00000,0x000000077b9d9ca8,0x000000077c580000)
}
Event: 64,719 GC heap before
{Heap before GC invocations=40 (full 6):
 PSYoungGen      total 466432K, used 202080K [0x00000007d5500000, 0x0000000800000000, 0x0000000800000000)
  eden space 233472K, 0% used [0x00000007d5500000,0x00000007d5500000,0x00000007e3900000)
  from space 232960K, 86% used [0x00000007f1c80000,0x00000007fe1d8050,0x0000000800000000)
  to   space 232960K, 0% used [0x00000007e3900000,0x00000007e3900000,0x00000007f1c80000)
 ParOldGen       total 566784K, used 531955K [0x0000000780000000, 0x00000007a2980000, 0x00000007d5500000)
  object space 566784K, 93% used [0x0000000780000000,0x00000007a077ce68,0x00000007a2980000)
 PSPermGen       total 24064K, used 12135K [0x000000077ae00000, 0x000000077c580000, 0x0000000780000000)
  object space 24064K, 50% used [0x000000077ae00000,0x000000077b9d9ca8,0x000000077c580000)
Event: 68,113 GC heap after
Heap after GC invocations=40 (full 6):
 PSYoungGen      total 466432K, used 164501K [0x00000007d5500000, 0x0000000800000000, 0x0000000800000000)
  eden space 233472K, 0% used [0x00000007d5500000,0x00000007d5500000,0x00000007e3900000)
  from space 232960K, 70% used [0x00000007f1c80000,0x00000007fbd25560,0x0000000800000000)
  to   space 232960K, 0% used [0x00000007e3900000,0x00000007e3900000,0x00000007f1c80000)
 ParOldGen       total 983040K, used 566596K [0x0000000780000000, 0x00000007bc000000, 0x00000007d5500000)
  object space 983040K, 57% used [0x0000000780000000,0x00000007a2951010,0x00000007bc000000)
 PSPermGen       total 23040K, used 12134K [0x000000077ae00000, 0x000000077c480000, 0x0000000780000000)
  object space 23040K, 52% used [0x000000077ae00000,0x000000077b9d9b88,0x000000077c480000)
}
Event: 71,056 GC heap before
{Heap before GC invocations=41 (full 6):
 PSYoungGen      total 466432K, used 397973K [0x00000007d5500000, 0x0000000800000000, 0x0000000800000000)
  eden space 233472K, 100% used [0x00000007d5500000,0x00000007e3900000,0x00000007e3900000)
  from space 232960K, 70% used [0x00000007f1c80000,0x00000007fbd25560,0x0000000800000000)
  to   space 232960K, 0% used [0x00000007e3900000,0x00000007e3900000,0x00000007f1c80000)
 ParOldGen       total 983040K, used 566596K [0x0000000780000000, 0x00000007bc000000, 0x00000007d5500000)
  object space 983040K, 57% used [0x0000000780000000,0x00000007a2951010,0x00000007bc000000)
 PSPermGen       total 23040K, used 12135K [0x000000077ae00000, 0x000000077c480000, 0x0000000780000000)
  object space 23040K, 52% used [0x000000077ae00000,0x000000077b9d9c90,0x000000077c480000)
Event: 71,673 GC heap after
Heap after GC invocations=41 (full 6):
 PSYoungGen      total 466432K, used 200416K [0x00000007d5500000, 0x0000000800000000, 0x0000000800000000)
  eden space 233472K, 0% used [0x00000007d5500000,0x00000007d5500000,0x00000007e3900000)
  from space 232960K, 86% used [0x00000007e3900000,0x00000007efcb8030,0x00000007f1c80000)
  to   space 232960K, 0% used [0x00000007f1c80000,0x00000007f1c80000,0x0000000800000000)
 ParOldGen       total 983040K, used 644084K [0x0000000780000000, 0x00000007bc000000, 0x00000007d5500000)
  object space 983040K, 65% used [0x0000000780000000,0x00000007a74fd020,0x00000007bc000000)
 PSPermGen       total 23040K, used 12135K [0x000000077ae00000, 0x000000077c480000, 0x0000000780000000)
  object space 23040K, 52% used [0x000000077ae00000,0x000000077b9d9c90,0x000000077c480000)
}
Event: 72,026 GC heap before
{Heap before GC invocations=42 (full 6):
 PSYoungGen      total 466432K, used 433888K [0x00000007d5500000, 0x0000000800000000, 0x0000000800000000)
  eden space 233472K, 100% used [0x00000007d5500000,0x00000007e3900000,0x00000007e3900000)
  from space 232960K, 86% used [0x00000007e3900000,0x00000007efcb8030,0x00000007f1c80000)
  to   space 232960K, 0% used [0x00000007f1c80000,0x00000007f1c80000,0x0000000800000000)
 ParOldGen       total 983040K, used 644084K [0x0000000780000000, 0x00000007bc000000, 0x00000007d5500000)
  object space 983040K, 65% used [0x0000000780000000,0x00000007a74fd020,0x00000007bc000000)
 PSPermGen       total 23040K, used 12135K [0x000000077ae00000, 0x000000077c480000, 0x0000000780000000)
  object space 23040K, 52% used [0x000000077ae00000,0x000000077b9d9c90,0x000000077c480000)
Event: 72,582 GC heap after
Heap after GC invocations=42 (full 6):
 PSYoungGen      total 466432K, used 77024K [0x00000007d5500000, 0x0000000800000000, 0x0000000800000000)
  eden space 233472K, 0% used [0x00000007d5500000,0x00000007d5500000,0x00000007e3900000)
  from space 232960K, 33% used [0x00000007f1c80000,0x00000007f67b8010,0x0000000800000000)
  to   space 232960K, 0% used [0x00000007e3900000,0x00000007e3900000,0x00000007f1c80000)
 ParOldGen       total 983040K, used 844820K [0x0000000780000000, 0x00000007bc000000, 0x00000007d5500000)
  object space 983040K, 85% used [0x0000000780000000,0x00000007b3905050,0x00000007bc000000)
 PSPermGen       total 23040K, used 12135K [0x000000077ae00000, 0x000000077c480000, 0x0000000780000000)
  object space 23040K, 52% used [0x000000077ae00000,0x000000077b9d9c90,0x000000077c480000)
}
Event: 72,582 GC heap before
{Heap before GC invocations=43 (full 7):
 PSYoungGen      total 466432K, used 77024K [0x00000007d5500000, 0x0000000800000000, 0x0000000800000000)
  eden space 233472K, 0% used [0x00000007d5500000,0x00000007d5500000,0x00000007e3900000)
  from space 232960K, 33% used [0x00000007f1c80000,0x00000007f67b8010,0x0000000800000000)
  to   space 232960K, 0% used [0x00000007e3900000,0x00000007e3900000,0x00000007f1c80000)
 ParOldGen       total 983040K, used 844820K [0x0000000780000000, 0x00000007bc000000, 0x00000007d5500000)
  object space 983040K, 85% used [0x0000000780000000,0x00000007b3905050,0x00000007bc000000)
 PSPermGen       total 23040K, used 12135K [0x000000077ae00000, 0x000000077c480000, 0x0000000780000000)
  object space 23040K, 52% used [0x000000077ae00000,0x000000077b9d9c90,0x000000077c480000)

