# JRE version: Java(TM) SE Runtime Environment (7.0_80-b15) (build 1.7.0_80-b15)
# Java VM: Java HotSpot(TM) 64-Bit Server VM (24.80-b11 mixed mode linux-amd64 compressed oops)
Heap
 PSYoungGen      total 440320K, used 86952K [0x00000007d5500000, 0x0000000800000000, 0x0000000800000000)
  eden space 258048K, 0% used [0x00000007d5500000,0x00000007d5500000,0x00000007e5100000)
  from space 182272K, 47% used [0x00000007f4e00000,0x00000007fa2ea3e8,0x0000000800000000)
  to   space 220672K, 0% used [0x00000007e5100000,0x00000007e5100000,0x00000007f2880000)
 ParOldGen       total 539136K, used 538883K [0x0000000780000000, 0x00000007a0e80000, 0x00000007d5500000)
  object space 539136K, 99% used [0x0000000780000000,0x00000007a0e40e08,0x00000007a0e80000)
 PSPermGen       total 25088K, used 11474K [0x000000077ae00000, 0x000000077c680000, 0x0000000780000000)
  object space 25088K, 45% used [0x000000077ae00000,0x000000077b934940,0x000000077c680000)
GC Heap History (10 events):
Event: 17,085 GC heap after
Heap after GC invocations=19 (full 3):
 PSYoungGen      total 524288K, used 114656K [0x00000007d5500000, 0x0000000800000000, 0x0000000800000000)
  eden space 409600K, 0% used [0x00000007d5500000,0x00000007d5500000,0x00000007ee500000)
  from space 114688K, 99% used [0x00000007f9000000,0x00000007ffff8010,0x0000000800000000)
  to   space 144896K, 0% used [0x00000007ee500000,0x00000007ee500000,0x00000007f7280000)
 ParOldGen       total 539136K, used 368138K [0x0000000780000000, 0x00000007a0e80000, 0x00000007d5500000)
  object space 539136K, 68% used [0x0000000780000000,0x0000000796782ab0,0x00000007a0e80000)
 PSPermGen       total 25088K, used 11474K [0x000000077ae00000, 0x000000077c680000, 0x0000000780000000)
  object space 25088K, 45% used [0x000000077ae00000,0x000000077b9348b8,0x000000077c680000)
}
Event: 17,839 GC heap before
{Heap before GC invocations=20 (full 3):
 PSYoungGen      total 524288K, used 524256K [0x00000007d5500000, 0x0000000800000000, 0x0000000800000000)
  eden space 409600K, 100% used [0x00000007d5500000,0x00000007ee500000,0x00000007ee500000)
  from space 114688K, 99% used [0x00000007f9000000,0x00000007ffff8010,0x0000000800000000)
  to   space 144896K, 0% used [0x00000007ee500000,0x00000007ee500000,0x00000007f7280000)
 ParOldGen       total 539136K, used 368138K [0x0000000780000000, 0x00000007a0e80000, 0x00000007d5500000)
  object space 539136K, 68% used [0x0000000780000000,0x0000000796782ab0,0x00000007a0e80000)
 PSPermGen       total 25088K, used 11474K [0x000000077ae00000, 0x000000077c680000, 0x0000000780000000)
  object space 25088K, 45% used [0x000000077ae00000,0x000000077b9348b8,0x000000077c680000)
Event: 18,081 GC heap after
Heap after GC invocations=20 (full 3):
 PSYoungGen      total 526336K, used 116659K [0x00000007d5500000, 0x0000000800000000, 0x0000000800000000)
  eden space 409600K, 0% used [0x00000007d5500000,0x00000007d5500000,0x00000007ee500000)
  from space 116736K, 99% used [0x00000007ee500000,0x00000007f56ece40,0x00000007f5700000)
  to   space 157696K, 0% used [0x00000007f6600000,0x00000007f6600000,0x0000000800000000)
 ParOldGen       total 539136K, used 406802K [0x0000000780000000, 0x00000007a0e80000, 0x00000007d5500000)
  object space 539136K, 75% used [0x0000000780000000,0x0000000798d44ab0,0x00000007a0e80000)
 PSPermGen       total 25088K, used 11474K [0x000000077ae00000, 0x000000077c680000, 0x0000000780000000)
  object space 25088K, 45% used [0x000000077ae00000,0x000000077b9348b8,0x000000077c680000)
}
Event: 18,814 GC heap before
{Heap before GC invocations=21 (full 3):
 PSYoungGen      total 526336K, used 526259K [0x00000007d5500000, 0x0000000800000000, 0x0000000800000000)
  eden space 409600K, 100% used [0x00000007d5500000,0x00000007ee500000,0x00000007ee500000)
  from space 116736K, 99% used [0x00000007ee500000,0x00000007f56ece40,0x00000007f5700000)
  to   space 157696K, 0% used [0x00000007f6600000,0x00000007f6600000,0x0000000800000000)
 ParOldGen       total 539136K, used 406802K [0x0000000780000000, 0x00000007a0e80000, 0x00000007d5500000)
  object space 539136K, 75% used [0x0000000780000000,0x0000000798d44ab0,0x00000007a0e80000)
 PSPermGen       total 25088K, used 11474K [0x000000077ae00000, 0x000000077c680000, 0x0000000780000000)
  object space 25088K, 45% used [0x000000077ae00000,0x000000077b9349c0,0x000000077c680000)
Event: 19,024 GC heap after
Heap after GC invocations=21 (full 3):
 PSYoungGen      total 492544K, used 156179K [0x00000007d5500000, 0x0000000800000000, 0x0000000800000000)
  eden space 334848K, 0% used [0x00000007d5500000,0x00000007d5500000,0x00000007e9c00000)
  from space 157696K, 99% used [0x00000007f6600000,0x00000007ffe84e40,0x0000000800000000)
  to   space 182272K, 0% used [0x00000007e9c00000,0x00000007e9c00000,0x00000007f4e00000)
 ParOldGen       total 539136K, used 406802K [0x0000000780000000, 0x00000007a0e80000, 0x00000007d5500000)
  object space 539136K, 75% used [0x0000000780000000,0x0000000798d44ab0,0x00000007a0e80000)
 PSPermGen       total 25088K, used 11474K [0x000000077ae00000, 0x000000077c680000, 0x0000000780000000)
  object space 25088K, 45% used [0x000000077ae00000,0x000000077b9349c0,0x000000077c680000)
}
Event: 19,596 GC heap before
{Heap before GC invocations=22 (full 3):
 PSYoungGen      total 492544K, used 491027K [0x00000007d5500000, 0x0000000800000000, 0x0000000800000000)
  eden space 334848K, 100% used [0x00000007d5500000,0x00000007e9c00000,0x00000007e9c00000)
  from space 157696K, 99% used [0x00000007f6600000,0x00000007ffe84e40,0x0000000800000000)
  to   space 182272K, 0% used [0x00000007e9c00000,0x00000007e9c00000,0x00000007f4e00000)
 ParOldGen       total 539136K, used 406802K [0x0000000780000000, 0x00000007a0e80000, 0x00000007d5500000)
  object space 539136K, 75% used [0x0000000780000000,0x0000000798d44ab0,0x00000007a0e80000)
 PSPermGen       total 25088K, used 11474K [0x000000077ae00000, 0x000000077c680000, 0x0000000780000000)
  object space 25088K, 45% used [0x000000077ae00000,0x000000077b9349c0,0x000000077c680000)
Event: 19,859 GC heap after
Heap after GC invocations=22 (full 3):
 PSYoungGen      total 517120K, used 182240K [0x00000007d5500000, 0x0000000800000000, 0x0000000800000000)
  eden space 334848K, 0% used [0x00000007d5500000,0x00000007d5500000,0x00000007e9c00000)
  from space 182272K, 99% used [0x00000007e9c00000,0x00000007f4df8010,0x00000007f4e00000)
  to   space 182272K, 0% used [0x00000007f4e00000,0x00000007f4e00000,0x0000000800000000)
 ParOldGen       total 539136K, used 412210K [0x0000000780000000, 0x00000007a0e80000, 0x00000007d5500000)
  object space 539136K, 76% used [0x0000000780000000,0x000000079928cab0,0x00000007a0e80000)
 PSPermGen       total 25088K, used 11474K [0x000000077ae00000, 0x000000077c680000, 0x0000000780000000)
  object space 25088K, 45% used [0x000000077ae00000,0x000000077b9349c0,0x000000077c680000)
}
Event: 20,415 GC heap before
{Heap before GC invocations=23 (full 3):
 PSYoungGen      total 517120K, used 517088K [0x00000007d5500000, 0x0000000800000000, 0x0000000800000000)
  eden space 334848K, 100% used [0x00000007d5500000,0x00000007e9c00000,0x00000007e9c00000)
  from space 182272K, 99% used [0x00000007e9c00000,0x00000007f4df8010,0x00000007f4e00000)
  to   space 182272K, 0% used [0x00000007f4e00000,0x00000007f4e00000,0x0000000800000000)
 ParOldGen       total 539136K, used 412210K [0x0000000780000000, 0x00000007a0e80000, 0x00000007d5500000)
  object space 539136K, 76% used [0x0000000780000000,0x000000079928cab0,0x00000007a0e80000)
 PSPermGen       total 25088K, used 11474K [0x000000077ae00000, 0x000000077c680000, 0x0000000780000000)
  object space 25088K, 45% used [0x000000077ae00000,0x000000077b9349c0,0x000000077c680000)
Event: 20,792 GC heap after
Heap after GC invocations=23 (full 3):
 PSYoungGen      total 440320K, used 139296K [0x00000007d5500000, 0x0000000800000000, 0x0000000800000000)
  eden space 258048K, 0% used [0x00000007d5500000,0x00000007d5500000,0x00000007e5100000)
  from space 182272K, 76% used [0x00000007f4e00000,0x00000007fd608000,0x0000000800000000)
  to   space 220672K, 0% used [0x00000007e5100000,0x00000007e5100000,0x00000007f2880000)
 ParOldGen       total 539136K, used 487882K [0x0000000780000000, 0x00000007a0e80000, 0x00000007d5500000)
  object space 539136K, 90% used [0x0000000780000000,0x000000079dc72ac0,0x00000007a0e80000)
 PSPermGen       total 25088K, used 11474K [0x000000077ae00000, 0x000000077c680000, 0x0000000780000000)
  object space 25088K, 45% used [0x000000077ae00000,0x000000077b9349c0,0x000000077c680000)
}
Event: 20,793 GC heap before
{Heap before GC invocations=24 (full 4):
 PSYoungGen      total 440320K, used 139296K [0x00000007d5500000, 0x0000000800000000, 0x0000000800000000)
  eden space 258048K, 0% used [0x00000007d5500000,0x00000007d5500000,0x00000007e5100000)
  from space 182272K, 76% used [0x00000007f4e00000,0x00000007fd608000,0x0000000800000000)
  to   space 220672K, 0% used [0x00000007e5100000,0x00000007e5100000,0x00000007f2880000)
 ParOldGen       total 539136K, used 487882K [0x0000000780000000, 0x00000007a0e80000, 0x00000007d5500000)
  object space 539136K, 90% used [0x0000000780000000,0x000000079dc72ac0,0x00000007a0e80000)
 PSPermGen       total 25088K, used 11474K [0x000000077ae00000, 0x000000077c680000, 0x0000000780000000)
  object space 25088K, 45% used [0x000000077ae00000,0x000000077b9349c0,0x000000077c680000)

