# JRE version: Java(TM) SE Runtime Environment (7.0_80-b15) (build 1.7.0_80-b15)
# Java VM: Java HotSpot(TM) 64-Bit Server VM (24.80-b11 mixed mode linux-amd64 compressed oops)
Heap
 PSYoungGen      total 1614336K, used 247417K [0x000000076aa80000, 0x00000007ff380000, 0x0000000800000000)
  eden space 798720K, 0% used [0x000000076aa80000,0x000000076aa80000,0x000000079b680000)
  from space 815616K, 30% used [0x00000007cd300000,0x00000007dc49e670,0x00000007fef80000)
  to   space 815616K, 0% used [0x000000079b680000,0x000000079b680000,0x00000007cd300000)
 ParOldGen       total 2344448K, used 2343963K [0x0000000640000000, 0x00000006cf180000, 0x000000076aa80000)
  object space 2344448K, 99% used [0x0000000640000000,0x00000006cf106fb8,0x00000006cf180000)
 PSPermGen       total 21504K, used 11502K [0x000000063ae00000, 0x000000063c300000, 0x0000000640000000)
  object space 21504K, 53% used [0x000000063ae00000,0x000000063b93bad8,0x000000063c300000)
GC Heap History (10 events):
Event: 59,157 GC heap after
Heap after GC invocations=40 (full 7):
 PSYoungGen      total 1472000K, used 693729K [0x000000076aa80000, 0x00000007fac80000, 0x0000000800000000)
  eden space 657920K, 0% used [0x000000076aa80000,0x000000076aa80000,0x0000000792d00000)
  from space 814080K, 85% used [0x0000000792d00000,0x00000007bd2784e0,0x00000007c4800000)
  to   space 815616K, 0% used [0x00000007c9000000,0x00000007c9000000,0x00000007fac80000)
 ParOldGen       total 1823744K, used 1514419K [0x0000000640000000, 0x00000006af500000, 0x000000076aa80000)
  object space 1823744K, 83% used [0x0000000640000000,0x000000069c6ecce8,0x00000006af500000)
 PSPermGen       total 21504K, used 11502K [0x000000063ae00000, 0x000000063c300000, 0x0000000640000000)
  object space 21504K, 53% used [0x000000063ae00000,0x000000063b93baf8,0x000000063c300000)
}
Event: 59,959 GC heap before
{Heap before GC invocations=41 (full 7):
 PSYoungGen      total 1472000K, used 1351649K [0x000000076aa80000, 0x00000007fac80000, 0x0000000800000000)
  eden space 657920K, 100% used [0x000000076aa80000,0x0000000792d00000,0x0000000792d00000)
  from space 814080K, 85% used [0x0000000792d00000,0x00000007bd2784e0,0x00000007c4800000)
  to   space 815616K, 0% used [0x00000007c9000000,0x00000007c9000000,0x00000007fac80000)
 ParOldGen       total 1823744K, used 1514419K [0x0000000640000000, 0x00000006af500000, 0x000000076aa80000)
  object space 1823744K, 83% used [0x0000000640000000,0x000000069c6ecce8,0x00000006af500000)
 PSPermGen       total 21504K, used 11502K [0x000000063ae00000, 0x000000063c300000, 0x0000000640000000)
  object space 21504K, 53% used [0x000000063ae00000,0x000000063b93baf8,0x000000063c300000)
Event: 60,983 GC heap after
Heap after GC invocations=41 (full 7):
 PSYoungGen      total 1545728K, used 683636K [0x000000076aa80000, 0x00000007fb180000, 0x0000000800000000)
  eden space 730112K, 0% used [0x000000076aa80000,0x000000076aa80000,0x0000000797380000)
  from space 815616K, 83% used [0x00000007c9000000,0x00000007f2b9d350,0x00000007fac80000)
  to   space 815616K, 0% used [0x0000000797380000,0x0000000797380000,0x00000007c9000000)
 ParOldGen       total 1823744K, used 1660720K [0x0000000640000000, 0x00000006af500000, 0x000000076aa80000)
  object space 1823744K, 91% used [0x0000000640000000,0x00000006a55cc028,0x00000006af500000)
 PSPermGen       total 21504K, used 11502K [0x000000063ae00000, 0x000000063c300000, 0x0000000640000000)
  object space 21504K, 53% used [0x000000063ae00000,0x000000063b93baf8,0x000000063c300000)
}
Event: 60,983 GC heap before
{Heap before GC invocations=42 (full 8):
 PSYoungGen      total 1545728K, used 683636K [0x000000076aa80000, 0x00000007fb180000, 0x0000000800000000)
  eden space 730112K, 0% used [0x000000076aa80000,0x000000076aa80000,0x0000000797380000)
  from space 815616K, 83% used [0x00000007c9000000,0x00000007f2b9d350,0x00000007fac80000)
  to   space 815616K, 0% used [0x0000000797380000,0x0000000797380000,0x00000007c9000000)
 ParOldGen       total 1823744K, used 1660720K [0x0000000640000000, 0x00000006af500000, 0x000000076aa80000)
  object space 1823744K, 91% used [0x0000000640000000,0x00000006a55cc028,0x00000006af500000)
 PSPermGen       total 21504K, used 11502K [0x000000063ae00000, 0x000000063c300000, 0x0000000640000000)
  object space 21504K, 53% used [0x000000063ae00000,0x000000063b93baf8,0x000000063c300000)
Event: 73,596 GC heap after
Heap after GC invocations=42 (full 8):
 PSYoungGen      total 1545728K, used 500582K [0x000000076aa80000, 0x00000007fb180000, 0x0000000800000000)
  eden space 730112K, 0% used [0x000000076aa80000,0x000000076aa80000,0x0000000797380000)
  from space 815616K, 61% used [0x00000007c9000000,0x00000007e78d9b60,0x00000007fac80000)
  to   space 815616K, 0% used [0x0000000797380000,0x0000000797380000,0x00000007c9000000)
 ParOldGen       total 2344448K, used 1823682K [0x0000000640000000, 0x00000006cf180000, 0x000000076aa80000)
  object space 2344448K, 77% used [0x0000000640000000,0x00000006af4f0820,0x00000006cf180000)
 PSPermGen       total 21504K, used 11502K [0x000000063ae00000, 0x000000063c300000, 0x0000000640000000)
  object space 21504K, 53% used [0x000000063ae00000,0x000000063b93bad8,0x000000063c300000)
}
Event: 74,718 GC heap before
{Heap before GC invocations=43 (full 8):
 PSYoungGen      total 1545728K, used 1230694K [0x000000076aa80000, 0x00000007fb180000, 0x0000000800000000)
  eden space 730112K, 100% used [0x000000076aa80000,0x0000000797380000,0x0000000797380000)
  from space 815616K, 61% used [0x00000007c9000000,0x00000007e78d9b60,0x00000007fac80000)
  to   space 815616K, 0% used [0x0000000797380000,0x0000000797380000,0x00000007c9000000)
 ParOldGen       total 2344448K, used 1823682K [0x0000000640000000, 0x00000006cf180000, 0x000000076aa80000)
  object space 2344448K, 77% used [0x0000000640000000,0x00000006af4f0820,0x00000006cf180000)
 PSPermGen       total 21504K, used 11502K [0x000000063ae00000, 0x000000063c300000, 0x0000000640000000)
  object space 21504K, 53% used [0x000000063ae00000,0x000000063b93bad8,0x000000063c300000)
Event: 75,919 GC heap after
Heap after GC invocations=43 (full 8):
 PSYoungGen      total 1545728K, used 484672K [0x000000076aa80000, 0x00000007fef80000, 0x0000000800000000)
  eden space 730112K, 0% used [0x000000076aa80000,0x000000076aa80000,0x0000000797380000)
  from space 815616K, 59% used [0x0000000797380000,0x00000007b4cd02d0,0x00000007c9000000)
  to   space 815616K, 0% used [0x00000007cd300000,0x00000007cd300000,0x00000007fef80000)
 ParOldGen       total 2344448K, used 1975814K [0x0000000640000000, 0x00000006cf180000, 0x000000076aa80000)
  object space 2344448K, 84% used [0x0000000640000000,0x00000006b8981b70,0x00000006cf180000)
 PSPermGen       total 21504K, used 11502K [0x000000063ae00000, 0x000000063c300000, 0x0000000640000000)
  object space 21504K, 53% used [0x000000063ae00000,0x000000063b93bad8,0x000000063c300000)
}
Event: 76,801 GC heap before
{Heap before GC invocations=44 (full 8):
 PSYoungGen      total 1545728K, used 1214784K [0x000000076aa80000, 0x00000007fef80000, 0x0000000800000000)
  eden space 730112K, 100% used [0x000000076aa80000,0x0000000797380000,0x0000000797380000)
  from space 815616K, 59% used [0x0000000797380000,0x00000007b4cd02d0,0x00000007c9000000)
  to   space 815616K, 0% used [0x00000007cd300000,0x00000007cd300000,0x00000007fef80000)
 ParOldGen       total 2344448K, used 1975814K [0x0000000640000000, 0x00000006cf180000, 0x000000076aa80000)
  object space 2344448K, 84% used [0x0000000640000000,0x00000006b8981b70,0x00000006cf180000)
 PSPermGen       total 21504K, used 11502K [0x000000063ae00000, 0x000000063c300000, 0x0000000640000000)
  object space 21504K, 53% used [0x000000063ae00000,0x000000063b93bad8,0x000000063c300000)
Event: 77,592 GC heap after
Heap after GC invocations=44 (full 8):
 PSYoungGen      total 1614336K, used 450468K [0x000000076aa80000, 0x00000007ff380000, 0x0000000800000000)
  eden space 798720K, 0% used [0x000000076aa80000,0x000000076aa80000,0x000000079b680000)
  from space 815616K, 55% used [0x00000007cd300000,0x00000007e8ae91f0,0x00000007fef80000)
  to   space 815616K, 0% used [0x000000079b680000,0x000000079b680000,0x00000007cd300000)
 ParOldGen       total 2344448K, used 2147724K [0x0000000640000000, 0x00000006cf180000, 0x000000076aa80000)
  object space 2344448K, 91% used [0x0000000640000000,0x00000006c31630a0,0x00000006cf180000)
 PSPermGen       total 21504K, used 11502K [0x000000063ae00000, 0x000000063c300000, 0x0000000640000000)
  object space 21504K, 53% used [0x000000063ae00000,0x000000063b93bad8,0x000000063c300000)
}
Event: 77,592 GC heap before
{Heap before GC invocations=45 (full 9):
 PSYoungGen      total 1614336K, used 450468K [0x000000076aa80000, 0x00000007ff380000, 0x0000000800000000)
  eden space 798720K, 0% used [0x000000076aa80000,0x000000076aa80000,0x000000079b680000)
  from space 815616K, 55% used [0x00000007cd300000,0x00000007e8ae91f0,0x00000007fef80000)
  to   space 815616K, 0% used [0x000000079b680000,0x000000079b680000,0x00000007cd300000)
 ParOldGen       total 2344448K, used 2147724K [0x0000000640000000, 0x00000006cf180000, 0x000000076aa80000)
  object space 2344448K, 91% used [0x0000000640000000,0x00000006c31630a0,0x00000006cf180000)
 PSPermGen       total 21504K, used 11502K [0x000000063ae00000, 0x000000063c300000, 0x0000000640000000)
  object space 21504K, 53% used [0x000000063ae00000,0x000000063b93bad8,0x000000063c300000)

