# JRE version: Java(TM) SE Runtime Environment (7.0_80-b15) (build 1.7.0_80-b15)
# Java VM: Java HotSpot(TM) 64-Bit Server VM (24.80-b11 mixed mode linux-amd64 compressed oops)
Heap
 PSYoungGen      total 1631232K, used 461426K [0x000000076aa80000, 0x0000000800000000, 0x0000000800000000)
  eden space 815616K, 0% used [0x000000076aa80000,0x000000076aa80000,0x000000079c700000)
  from space 815616K, 56% used [0x00000007ce380000,0x00000007ea61ca58,0x0000000800000000)
  to   space 815616K, 0% used [0x000000079c700000,0x000000079c700000,0x00000007ce380000)
 ParOldGen       total 2985984K, used 2985964K [0x0000000640000000, 0x00000006f6400000, 0x000000076aa80000)
  object space 2985984K, 99% used [0x0000000640000000,0x00000006f63fb358,0x00000006f6400000)
 PSPermGen       total 21504K, used 11538K [0x000000063ae00000, 0x000000063c300000, 0x0000000640000000)
  object space 21504K, 53% used [0x000000063ae00000,0x000000063b9448e0,0x000000063c300000)
GC Heap History (10 events):
Event: 92,357 GC heap after
Heap after GC invocations=47 (full 9):
 PSYoungGen      total 1612800K, used 491408K [0x000000076aa80000, 0x00000007fc280000, 0x0000000800000000)
  eden space 834048K, 0% used [0x000000076aa80000,0x000000076aa80000,0x000000079d900000)
  from space 778752K, 63% used [0x00000007cca00000,0x00000007ea9e4350,0x00000007fc280000)
  to   space 771072K, 0% used [0x000000079d900000,0x000000079d900000,0x00000007cca00000)
 ParOldGen       total 2985984K, used 2349723K [0x0000000640000000, 0x00000006f6400000, 0x000000076aa80000)
  object space 2985984K, 78% used [0x0000000640000000,0x00000006cf6a6da0,0x00000006f6400000)
 PSPermGen       total 21504K, used 11532K [0x000000063ae00000, 0x000000063c300000, 0x0000000640000000)
  object space 21504K, 53% used [0x000000063ae00000,0x000000063b9431c0,0x000000063c300000)
}
Event: 93,119 GC heap before
{Heap before GC invocations=48 (full 9):
 PSYoungGen      total 1612800K, used 1325456K [0x000000076aa80000, 0x00000007fc280000, 0x0000000800000000)
  eden space 834048K, 100% used [0x000000076aa80000,0x000000079d900000,0x000000079d900000)
  from space 778752K, 63% used [0x00000007cca00000,0x00000007ea9e4350,0x00000007fc280000)
  to   space 771072K, 0% used [0x000000079d900000,0x000000079d900000,0x00000007cca00000)
 ParOldGen       total 2985984K, used 2349723K [0x0000000640000000, 0x00000006f6400000, 0x000000076aa80000)
  object space 2985984K, 78% used [0x0000000640000000,0x00000006cf6a6da0,0x00000006f6400000)
 PSPermGen       total 21504K, used 11532K [0x000000063ae00000, 0x000000063c300000, 0x0000000640000000)
  object space 21504K, 53% used [0x000000063ae00000,0x000000063b9431c0,0x000000063c300000)
Event: 93,952 GC heap after
Heap after GC invocations=48 (full 9):
 PSYoungGen      total 1605120K, used 650049K [0x000000076aa80000, 0x0000000800000000, 0x0000000800000000)
  eden space 834048K, 0% used [0x000000076aa80000,0x000000076aa80000,0x000000079d900000)
  from space 771072K, 84% used [0x000000079d900000,0x00000007c53d04c0,0x00000007cca00000)
  to   space 812032K, 0% used [0x00000007ce700000,0x00000007ce700000,0x0000000800000000)
 ParOldGen       total 2985984K, used 2349723K [0x0000000640000000, 0x00000006f6400000, 0x000000076aa80000)
  object space 2985984K, 78% used [0x0000000640000000,0x00000006cf6a6da0,0x00000006f6400000)
 PSPermGen       total 21504K, used 11532K [0x000000063ae00000, 0x000000063c300000, 0x0000000640000000)
  object space 21504K, 53% used [0x000000063ae00000,0x000000063b9431c0,0x000000063c300000)
}
Event: 94,714 GC heap before
{Heap before GC invocations=49 (full 9):
 PSYoungGen      total 1605120K, used 1484097K [0x000000076aa80000, 0x0000000800000000, 0x0000000800000000)
  eden space 834048K, 100% used [0x000000076aa80000,0x000000079d900000,0x000000079d900000)
  from space 771072K, 84% used [0x000000079d900000,0x00000007c53d04c0,0x00000007cca00000)
  to   space 812032K, 0% used [0x00000007ce700000,0x00000007ce700000,0x0000000800000000)
 ParOldGen       total 2985984K, used 2349723K [0x0000000640000000, 0x00000006f6400000, 0x000000076aa80000)
  object space 2985984K, 78% used [0x0000000640000000,0x00000006cf6a6da0,0x00000006f6400000)
 PSPermGen       total 21504K, used 11532K [0x000000063ae00000, 0x000000063c300000, 0x0000000640000000)
  object space 21504K, 53% used [0x000000063ae00000,0x000000063b9431c0,0x000000063c300000)
Event: 95,808 GC heap after
Heap after GC invocations=49 (full 9):
 PSYoungGen      total 1627648K, used 803765K [0x000000076aa80000, 0x0000000800000000, 0x0000000800000000)
  eden space 815616K, 0% used [0x000000076aa80000,0x000000076aa80000,0x000000079c700000)
  from space 812032K, 98% used [0x00000007ce700000,0x00000007ff7ed540,0x0000000800000000)
  to   space 815616K, 0% used [0x000000079c700000,0x000000079c700000,0x00000007ce380000)
 ParOldGen       total 2985984K, used 2349723K [0x0000000640000000, 0x00000006f6400000, 0x000000076aa80000)
  object space 2985984K, 78% used [0x0000000640000000,0x00000006cf6a6da0,0x00000006f6400000)
 PSPermGen       total 21504K, used 11532K [0x000000063ae00000, 0x000000063c300000, 0x0000000640000000)
  object space 21504K, 53% used [0x000000063ae00000,0x000000063b9431c0,0x000000063c300000)
}
Event: 96,736 GC heap before
{Heap before GC invocations=50 (full 9):
 PSYoungGen      total 1627648K, used 1619381K [0x000000076aa80000, 0x0000000800000000, 0x0000000800000000)
  eden space 815616K, 100% used [0x000000076aa80000,0x000000079c700000,0x000000079c700000)
  from space 812032K, 98% used [0x00000007ce700000,0x00000007ff7ed540,0x0000000800000000)
  to   space 815616K, 0% used [0x000000079c700000,0x000000079c700000,0x00000007ce380000)
 ParOldGen       total 2985984K, used 2349723K [0x0000000640000000, 0x00000006f6400000, 0x000000076aa80000)
  object space 2985984K, 78% used [0x0000000640000000,0x00000006cf6a6da0,0x00000006f6400000)
 PSPermGen       total 21504K, used 11532K [0x000000063ae00000, 0x000000063c300000, 0x0000000640000000)
  object space 21504K, 53% used [0x000000063ae00000,0x000000063b9431c0,0x000000063c300000)
Event: 97,890 GC heap after
Heap after GC invocations=50 (full 9):
 PSYoungGen      total 1631232K, used 741365K [0x000000076aa80000, 0x0000000800000000, 0x0000000800000000)
  eden space 815616K, 0% used [0x000000076aa80000,0x000000076aa80000,0x000000079c700000)
  from space 815616K, 90% used [0x000000079c700000,0x00000007c9afd4f0,0x00000007ce380000)
  to   space 815616K, 0% used [0x00000007ce380000,0x00000007ce380000,0x0000000800000000)
 ParOldGen       total 2985984K, used 2567693K [0x0000000640000000, 0x00000006f6400000, 0x000000076aa80000)
  object space 2985984K, 85% used [0x0000000640000000,0x00000006dcb83690,0x00000006f6400000)
 PSPermGen       total 21504K, used 11532K [0x000000063ae00000, 0x000000063c300000, 0x0000000640000000)
  object space 21504K, 53% used [0x000000063ae00000,0x000000063b9431c0,0x000000063c300000)
}
Event: 98,651 GC heap before
{Heap before GC invocations=51 (full 9):
 PSYoungGen      total 1631232K, used 1556981K [0x000000076aa80000, 0x0000000800000000, 0x0000000800000000)
  eden space 815616K, 100% used [0x000000076aa80000,0x000000079c700000,0x000000079c700000)
  from space 815616K, 90% used [0x000000079c700000,0x00000007c9afd4f0,0x00000007ce380000)
  to   space 815616K, 0% used [0x00000007ce380000,0x00000007ce380000,0x0000000800000000)
 ParOldGen       total 2985984K, used 2567693K [0x0000000640000000, 0x00000006f6400000, 0x000000076aa80000)
  object space 2985984K, 85% used [0x0000000640000000,0x00000006dcb83690,0x00000006f6400000)
 PSPermGen       total 21504K, used 11538K [0x000000063ae00000, 0x000000063c300000, 0x0000000640000000)
  object space 21504K, 53% used [0x000000063ae00000,0x000000063b9448e0,0x000000063c300000)
Event: 99,801 GC heap after
Heap after GC invocations=51 (full 9):
 PSYoungGen      total 1631232K, used 623457K [0x000000076aa80000, 0x0000000800000000, 0x0000000800000000)
  eden space 815616K, 0% used [0x000000076aa80000,0x000000076aa80000,0x000000079c700000)
  from space 815616K, 76% used [0x00000007ce380000,0x00000007f44586b0,0x0000000800000000)
  to   space 815616K, 0% used [0x000000079c700000,0x000000079c700000,0x00000007ce380000)
 ParOldGen       total 2985984K, used 2841629K [0x0000000640000000, 0x00000006f6400000, 0x000000076aa80000)
  object space 2985984K, 95% used [0x0000000640000000,0x00000006ed7077f0,0x00000006f6400000)
 PSPermGen       total 21504K, used 11538K [0x000000063ae00000, 0x000000063c300000, 0x0000000640000000)
  object space 21504K, 53% used [0x000000063ae00000,0x000000063b9448e0,0x000000063c300000)
}
Event: 99,801 GC heap before
{Heap before GC invocations=52 (full 10):
 PSYoungGen      total 1631232K, used 623457K [0x000000076aa80000, 0x0000000800000000, 0x0000000800000000)
  eden space 815616K, 0% used [0x000000076aa80000,0x000000076aa80000,0x000000079c700000)
  from space 815616K, 76% used [0x00000007ce380000,0x00000007f44586b0,0x0000000800000000)
  to   space 815616K, 0% used [0x000000079c700000,0x000000079c700000,0x00000007ce380000)
 ParOldGen       total 2985984K, used 2841629K [0x0000000640000000, 0x00000006f6400000, 0x000000076aa80000)
  object space 2985984K, 95% used [0x0000000640000000,0x00000006ed7077f0,0x00000006f6400000)
 PSPermGen       total 21504K, used 11538K [0x000000063ae00000, 0x000000063c300000, 0x0000000640000000)
  object space 21504K, 53% used [0x000000063ae00000,0x000000063b9448e0,0x000000063c300000)

