# JRE version: Java(TM) SE Runtime Environment (7.0_80-b15) (build 1.7.0_80-b15)
# Java VM: Java HotSpot(TM) 64-Bit Server VM (24.80-b11 mixed mode linux-amd64 compressed oops)
Heap
 PSYoungGen      total 1477120K, used 190053K [0x000000076aa80000, 0x00000007fbd00000, 0x0000000800000000)
  eden space 661504K, 0% used [0x000000076aa80000,0x000000076aa80000,0x0000000793080000)
  from space 815616K, 23% used [0x0000000793080000,0x000000079ea19438,0x00000007c4d00000)
  to   space 815616K, 0% used [0x00000007ca080000,0x00000007ca080000,0x00000007fbd00000)
 ParOldGen       total 1871360K, used 1871113K [0x0000000640000000, 0x00000006b2380000, 0x000000076aa80000)
  object space 1871360K, 99% used [0x0000000640000000,0x00000006b2342530,0x00000006b2380000)
 PSPermGen       total 21504K, used 11504K [0x000000063ae00000, 0x000000063c300000, 0x0000000640000000)
  object space 21504K, 53% used [0x000000063ae00000,0x000000063b93c0e0,0x000000063c300000)
GC Heap History (10 events):
Event: 38,619 GC heap after
Heap after GC invocations=34 (full 6):
 PSYoungGen      total 1389568K, used 544544K [0x000000076aa80000, 0x00000007f2600000, 0x0000000800000000)
  eden space 592384K, 0% used [0x000000076aa80000,0x000000076aa80000,0x000000078ed00000)
  from space 797184K, 68% used [0x00000007c1b80000,0x00000007e2f48370,0x00000007f2600000)
  to   space 815616K, 0% used [0x000000078ed00000,0x000000078ed00000,0x00000007c0980000)
 ParOldGen       total 1379328K, used 1174095K [0x0000000640000000, 0x0000000694300000, 0x000000076aa80000)
  object space 1379328K, 85% used [0x0000000640000000,0x0000000687a93ed0,0x0000000694300000)
 PSPermGen       total 22016K, used 11504K [0x000000063ae00000, 0x000000063c380000, 0x0000000640000000)
  object space 22016K, 52% used [0x000000063ae00000,0x000000063b93c100,0x000000063c380000)
}
Event: 39,156 GC heap before
{Heap before GC invocations=35 (full 6):
 PSYoungGen      total 1389568K, used 1136928K [0x000000076aa80000, 0x00000007f2600000, 0x0000000800000000)
  eden space 592384K, 100% used [0x000000076aa80000,0x000000078ed00000,0x000000078ed00000)
  from space 797184K, 68% used [0x00000007c1b80000,0x00000007e2f48370,0x00000007f2600000)
  to   space 815616K, 0% used [0x000000078ed00000,0x000000078ed00000,0x00000007c0980000)
 ParOldGen       total 1379328K, used 1174095K [0x0000000640000000, 0x0000000694300000, 0x000000076aa80000)
  object space 1379328K, 85% used [0x0000000640000000,0x0000000687a93ed0,0x0000000694300000)
 PSPermGen       total 22016K, used 11504K [0x000000063ae00000, 0x000000063c380000, 0x0000000640000000)
  object space 22016K, 52% used [0x000000063ae00000,0x000000063b93c100,0x000000063c380000)
Event: 39,984 GC heap after
Heap after GC invocations=35 (full 6):
 PSYoungGen      total 1408000K, used 487364K [0x000000076aa80000, 0x00000007f7b80000, 0x0000000800000000)
  eden space 592384K, 0% used [0x000000076aa80000,0x000000076aa80000,0x000000078ed00000)
  from space 815616K, 59% used [0x000000078ed00000,0x00000007ac8f1140,0x00000007c0980000)
  to   space 815616K, 0% used [0x00000007c5f00000,0x00000007c5f00000,0x00000007f7b80000)
 ParOldGen       total 1379328K, used 1344121K [0x0000000640000000, 0x0000000694300000, 0x000000076aa80000)
  object space 1379328K, 97% used [0x0000000640000000,0x000000069209e6c0,0x0000000694300000)
 PSPermGen       total 22016K, used 11504K [0x000000063ae00000, 0x000000063c380000, 0x0000000640000000)
  object space 22016K, 52% used [0x000000063ae00000,0x000000063b93c100,0x000000063c380000)
}
Event: 39,984 GC heap before
{Heap before GC invocations=36 (full 7):
 PSYoungGen      total 1408000K, used 487364K [0x000000076aa80000, 0x00000007f7b80000, 0x0000000800000000)
  eden space 592384K, 0% used [0x000000076aa80000,0x000000076aa80000,0x000000078ed00000)
  from space 815616K, 59% used [0x000000078ed00000,0x00000007ac8f1140,0x00000007c0980000)
  to   space 815616K, 0% used [0x00000007c5f00000,0x00000007c5f00000,0x00000007f7b80000)
 ParOldGen       total 1379328K, used 1344121K [0x0000000640000000, 0x0000000694300000, 0x000000076aa80000)
  object space 1379328K, 97% used [0x0000000640000000,0x000000069209e6c0,0x0000000694300000)
 PSPermGen       total 22016K, used 11504K [0x000000063ae00000, 0x000000063c380000, 0x0000000640000000)
  object space 22016K, 52% used [0x000000063ae00000,0x000000063b93c100,0x000000063c380000)
Event: 49,616 GC heap after
Heap after GC invocations=36 (full 7):
 PSYoungGen      total 1408000K, used 446675K [0x000000076aa80000, 0x00000007f7b80000, 0x0000000800000000)
  eden space 592384K, 0% used [0x000000076aa80000,0x000000076aa80000,0x000000078ed00000)
  from space 815616K, 54% used [0x000000078ed00000,0x00000007aa134fa0,0x00000007c0980000)
  to   space 815616K, 0% used [0x00000007c5f00000,0x00000007c5f00000,0x00000007f7b80000)
 ParOldGen       total 1871360K, used 1379185K [0x0000000640000000, 0x00000006b2380000, 0x000000076aa80000)
  object space 1871360K, 73% used [0x0000000640000000,0x00000006942dc760,0x00000006b2380000)
 PSPermGen       total 21504K, used 11504K [0x000000063ae00000, 0x000000063c300000, 0x0000000640000000)
  object space 21504K, 53% used [0x000000063ae00000,0x000000063b93c100,0x000000063c300000)
}
Event: 50,155 GC heap before
{Heap before GC invocations=37 (full 7):
 PSYoungGen      total 1408000K, used 1039059K [0x000000076aa80000, 0x00000007f7b80000, 0x0000000800000000)
  eden space 592384K, 100% used [0x000000076aa80000,0x000000078ed00000,0x000000078ed00000)
  from space 815616K, 54% used [0x000000078ed00000,0x00000007aa134fa0,0x00000007c0980000)
  to   space 815616K, 0% used [0x00000007c5f00000,0x00000007c5f00000,0x00000007f7b80000)
 ParOldGen       total 1871360K, used 1379185K [0x0000000640000000, 0x00000006b2380000, 0x000000076aa80000)
  object space 1871360K, 73% used [0x0000000640000000,0x00000006942dc760,0x00000006b2380000)
 PSPermGen       total 21504K, used 11504K [0x000000063ae00000, 0x000000063c300000, 0x0000000640000000)
  object space 21504K, 53% used [0x000000063ae00000,0x000000063b93c100,0x000000063c300000)
Event: 51,049 GC heap after
Heap after GC invocations=37 (full 7):
 PSYoungGen      total 1458688K, used 395556K [0x000000076aa80000, 0x00000007f6980000, 0x0000000800000000)
  eden space 661504K, 0% used [0x000000076aa80000,0x000000076aa80000,0x0000000793080000)
  from space 797184K, 49% used [0x00000007c5f00000,0x00000007de1490b0,0x00000007f6980000)
  to   space 815616K, 0% used [0x0000000793080000,0x0000000793080000,0x00000007c4d00000)
 ParOldGen       total 1871360K, used 1545203K [0x0000000640000000, 0x00000006b2380000, 0x000000076aa80000)
  object space 1871360K, 82% used [0x0000000640000000,0x000000069e4fcdd0,0x00000006b2380000)
 PSPermGen       total 21504K, used 11504K [0x000000063ae00000, 0x000000063c300000, 0x0000000640000000)
  object space 21504K, 53% used [0x000000063ae00000,0x000000063b93c100,0x000000063c300000)
}
Event: 51,637 GC heap before
{Heap before GC invocations=38 (full 7):
 PSYoungGen      total 1458688K, used 1057060K [0x000000076aa80000, 0x00000007f6980000, 0x0000000800000000)
  eden space 661504K, 100% used [0x000000076aa80000,0x0000000793080000,0x0000000793080000)
  from space 797184K, 49% used [0x00000007c5f00000,0x00000007de1490b0,0x00000007f6980000)
  to   space 815616K, 0% used [0x0000000793080000,0x0000000793080000,0x00000007c4d00000)
 ParOldGen       total 1871360K, used 1545203K [0x0000000640000000, 0x00000006b2380000, 0x000000076aa80000)
  object space 1871360K, 82% used [0x0000000640000000,0x000000069e4fcdd0,0x00000006b2380000)
 PSPermGen       total 21504K, used 11504K [0x000000063ae00000, 0x000000063c300000, 0x0000000640000000)
  object space 21504K, 53% used [0x000000063ae00000,0x000000063b93c100,0x000000063c300000)
Event: 52,367 GC heap after
Heap after GC invocations=38 (full 7):
 PSYoungGen      total 1477120K, used 340340K [0x000000076aa80000, 0x00000007fbd00000, 0x0000000800000000)
  eden space 661504K, 0% used [0x000000076aa80000,0x000000076aa80000,0x0000000793080000)
  from space 815616K, 41% used [0x0000000793080000,0x00000007a7cdd120,0x00000007c4d00000)
  to   space 815616K, 0% used [0x00000007ca080000,0x00000007ca080000,0x00000007fbd00000)
 ParOldGen       total 1871360K, used 1727005K [0x0000000640000000, 0x00000006b2380000, 0x000000076aa80000)
  object space 1871360K, 92% used [0x0000000640000000,0x00000006a96876c0,0x00000006b2380000)
 PSPermGen       total 21504K, used 11504K [0x000000063ae00000, 0x000000063c300000, 0x0000000640000000)
  object space 21504K, 53% used [0x000000063ae00000,0x000000063b93c100,0x000000063c300000)
}
Event: 52,367 GC heap before
{Heap before GC invocations=39 (full 8):
 PSYoungGen      total 1477120K, used 340340K [0x000000076aa80000, 0x00000007fbd00000, 0x0000000800000000)
  eden space 661504K, 0% used [0x000000076aa80000,0x000000076aa80000,0x0000000793080000)
  from space 815616K, 41% used [0x0000000793080000,0x00000007a7cdd120,0x00000007c4d00000)
  to   space 815616K, 0% used [0x00000007ca080000,0x00000007ca080000,0x00000007fbd00000)
 ParOldGen       total 1871360K, used 1727005K [0x0000000640000000, 0x00000006b2380000, 0x000000076aa80000)
  object space 1871360K, 92% used [0x0000000640000000,0x00000006a96876c0,0x00000006b2380000)
 PSPermGen       total 21504K, used 11504K [0x000000063ae00000, 0x000000063c300000, 0x0000000640000000)
  object space 21504K, 53% used [0x000000063ae00000,0x000000063b93c100,0x000000063c300000)

