# JRE version: Java(TM) SE Runtime Environment (7.0_80-b15) (build 1.7.0_80-b15)
# Java VM: Java HotSpot(TM) 64-Bit Server VM (24.80-b11 mixed mode linux-amd64 )
Heap
 PSYoungGen      total 793088K, used 187604K [0x00007fc1cd880000, 0x00007fc20dd00000, 0x00007fc524380000)
  eden space 588800K, 0% used [0x00007fc1cd880000,0x00007fc1cd880000,0x00007fc1f1780000)
  from space 204288K, 91% used [0x00007fc1f1780000,0x00007fc1fceb51b8,0x00007fc1fdf00000)
  to   space 164864K, 0% used [0x00007fc1fdf00000,0x00007fc1fdf00000,0x00007fc208000000)
 ParOldGen       total 454144K, used 367696K [0x00007fbb20380000, 0x00007fbb3bf00000, 0x00007fc1cd880000)
  object space 454144K, 80% used [0x00007fbb20380000,0x00007fbb36a940a0,0x00007fbb3bf00000)
 PSPermGen       total 25600K, used 11773K [0x00007fbb1b180000, 0x00007fbb1ca80000, 0x00007fbb20380000)
  object space 25600K, 45% used [0x00007fbb1b180000,0x00007fbb1bcff7e0,0x00007fbb1ca80000)
GC Heap History (10 events):
Event: 7,640 GC heap after
Heap after GC invocations=13 (full 2):
 PSYoungGen      total 547840K, used 104417K [0x00007fc1cd880000, 0x00007fc1fe800000, 0x00007fc524380000)
  eden space 443392K, 0% used [0x00007fc1cd880000,0x00007fc1cd880000,0x00007fc1e8980000)
  from space 104448K, 99% used [0x00007fc1e8980000,0x00007fc1eef787e0,0x00007fc1eef80000)
  to   space 132608K, 0% used [0x00007fc1f6680000,0x00007fc1f6680000,0x00007fc1fe800000)
 ParOldGen       total 287744K, used 192176K [0x00007fbb20380000, 0x00007fbb31c80000, 0x00007fc1cd880000)
  object space 287744K, 66% used [0x00007fbb20380000,0x00007fbb2bf2c3b0,0x00007fbb31c80000)
 PSPermGen       total 26624K, used 11772K [0x00007fbb1b180000, 0x00007fbb1cb80000, 0x00007fbb20380000)
  object space 26624K, 44% used [0x00007fbb1b180000,0x00007fbb1bcff230,0x00007fbb1cb80000)
}
Event: 8,253 GC heap before
{Heap before GC invocations=14 (full 2):
 PSYoungGen      total 547840K, used 547809K [0x00007fc1cd880000, 0x00007fc1fe800000, 0x00007fc524380000)
  eden space 443392K, 100% used [0x00007fc1cd880000,0x00007fc1e8980000,0x00007fc1e8980000)
  from space 104448K, 99% used [0x00007fc1e8980000,0x00007fc1eef787e0,0x00007fc1eef80000)
  to   space 132608K, 0% used [0x00007fc1f6680000,0x00007fc1f6680000,0x00007fc1fe800000)
 ParOldGen       total 287744K, used 192176K [0x00007fbb20380000, 0x00007fbb31c80000, 0x00007fc1cd880000)
  object space 287744K, 66% used [0x00007fbb20380000,0x00007fbb2bf2c3b0,0x00007fbb31c80000)
 PSPermGen       total 26624K, used 11772K [0x00007fbb1b180000, 0x00007fbb1cb80000, 0x00007fbb20380000)
  object space 26624K, 44% used [0x00007fbb1b180000,0x00007fbb1bcff380,0x00007fbb1cb80000)
Event: 8,595 GC heap after
Heap after GC invocations=14 (full 2):
 PSYoungGen      total 655360K, used 110434K [0x00007fc1cd880000, 0x00007fc201b00000, 0x00007fc524380000)
  eden space 522752K, 0% used [0x00007fc1cd880000,0x00007fc1cd880000,0x00007fc1ed700000)
  from space 132608K, 83% used [0x00007fc1f6680000,0x00007fc1fd258828,0x00007fc1fe800000)
  to   space 146944K, 0% used [0x00007fc1ed700000,0x00007fc1ed700000,0x00007fc1f6680000)
 ParOldGen       total 287744K, used 244124K [0x00007fbb20380000, 0x00007fbb31c80000, 0x00007fc1cd880000)
  object space 287744K, 84% used [0x00007fbb20380000,0x00007fbb2f1e7180,0x00007fbb31c80000)
 PSPermGen       total 26624K, used 11772K [0x00007fbb1b180000, 0x00007fbb1cb80000, 0x00007fbb20380000)
  object space 26624K, 44% used [0x00007fbb1b180000,0x00007fbb1bcff380,0x00007fbb1cb80000)
}
Event: 8,595 GC heap before
{Heap before GC invocations=15 (full 3):
 PSYoungGen      total 655360K, used 110434K [0x00007fc1cd880000, 0x00007fc201b00000, 0x00007fc524380000)
  eden space 522752K, 0% used [0x00007fc1cd880000,0x00007fc1cd880000,0x00007fc1ed700000)
  from space 132608K, 83% used [0x00007fc1f6680000,0x00007fc1fd258828,0x00007fc1fe800000)
  to   space 146944K, 0% used [0x00007fc1ed700000,0x00007fc1ed700000,0x00007fc1f6680000)
 ParOldGen       total 287744K, used 244124K [0x00007fbb20380000, 0x00007fbb31c80000, 0x00007fc1cd880000)
  object space 287744K, 84% used [0x00007fbb20380000,0x00007fbb2f1e7180,0x00007fbb31c80000)
 PSPermGen       total 26624K, used 11772K [0x00007fbb1b180000, 0x00007fbb1cb80000, 0x00007fbb20380000)
  object space 26624K, 44% used [0x00007fbb1b180000,0x00007fbb1bcff380,0x00007fbb1cb80000)
Event: 10,233 GC heap after
Heap after GC invocations=15 (full 3):
 PSYoungGen      total 655360K, used 62930K [0x00007fc1cd880000, 0x00007fc201b00000, 0x00007fc524380000)
  eden space 522752K, 0% used [0x00007fc1cd880000,0x00007fc1cd880000,0x00007fc1ed700000)
  from space 132608K, 47% used [0x00007fc1f6680000,0x00007fc1fa3f48f8,0x00007fc1fe800000)
  to   space 146944K, 0% used [0x00007fc1ed700000,0x00007fc1ed700000,0x00007fc1f6680000)
 ParOldGen       total 454144K, used 287456K [0x00007fbb20380000, 0x00007fbb3bf00000, 0x00007fc1cd880000)
  object space 454144K, 63% used [0x00007fbb20380000,0x00007fbb31c380c8,0x00007fbb3bf00000)
 PSPermGen       total 25600K, used 11772K [0x00007fbb1b180000, 0x00007fbb1ca80000, 0x00007fbb20380000)
  object space 25600K, 45% used [0x00007fbb1b180000,0x00007fbb1bcff380,0x00007fbb1ca80000)
}
Event: 10,940 GC heap before
{Heap before GC invocations=16 (full 3):
 PSYoungGen      total 655360K, used 585682K [0x00007fc1cd880000, 0x00007fc201b00000, 0x00007fc524380000)
  eden space 522752K, 100% used [0x00007fc1cd880000,0x00007fc1ed700000,0x00007fc1ed700000)
  from space 132608K, 47% used [0x00007fc1f6680000,0x00007fc1fa3f48f8,0x00007fc1fe800000)
  to   space 146944K, 0% used [0x00007fc1ed700000,0x00007fc1ed700000,0x00007fc1f6680000)
 ParOldGen       total 454144K, used 287456K [0x00007fbb20380000, 0x00007fbb3bf00000, 0x00007fc1cd880000)
  object space 454144K, 63% used [0x00007fbb20380000,0x00007fbb31c380c8,0x00007fbb3bf00000)
 PSPermGen       total 25600K, used 11772K [0x00007fbb1b180000, 0x00007fbb1ca80000, 0x00007fbb20380000)
  object space 25600K, 45% used [0x00007fbb1b180000,0x00007fbb1bcff3a0,0x00007fbb1ca80000)
Event: 11,175 GC heap after
Heap after GC invocations=16 (full 3):
 PSYoungGen      total 669696K, used 127922K [0x00007fc1cd880000, 0x00007fc208000000, 0x00007fc524380000)
  eden space 522752K, 0% used [0x00007fc1cd880000,0x00007fc1cd880000,0x00007fc1ed700000)
  from space 146944K, 87% used [0x00007fc1ed700000,0x00007fc1f53ec8a0,0x00007fc1f6680000)
  to   space 164864K, 0% used [0x00007fc1fdf00000,0x00007fc1fdf00000,0x00007fc208000000)
 ParOldGen       total 454144K, used 287456K [0x00007fbb20380000, 0x00007fbb3bf00000, 0x00007fc1cd880000)
  object space 454144K, 63% used [0x00007fbb20380000,0x00007fbb31c380c8,0x00007fbb3bf00000)
 PSPermGen       total 25600K, used 11772K [0x00007fbb1b180000, 0x00007fbb1ca80000, 0x00007fbb20380000)
  object space 25600K, 45% used [0x00007fbb1b180000,0x00007fbb1bcff3a0,0x00007fbb1ca80000)
}
Event: 11,918 GC heap before
{Heap before GC invocations=17 (full 3):
 PSYoungGen      total 669696K, used 650674K [0x00007fc1cd880000, 0x00007fc208000000, 0x00007fc524380000)
  eden space 522752K, 100% used [0x00007fc1cd880000,0x00007fc1ed700000,0x00007fc1ed700000)
  from space 146944K, 87% used [0x00007fc1ed700000,0x00007fc1f53ec8a0,0x00007fc1f6680000)
  to   space 164864K, 0% used [0x00007fc1fdf00000,0x00007fc1fdf00000,0x00007fc208000000)
 ParOldGen       total 454144K, used 287456K [0x00007fbb20380000, 0x00007fbb3bf00000, 0x00007fc1cd880000)
  object space 454144K, 63% used [0x00007fbb20380000,0x00007fbb31c380c8,0x00007fbb3bf00000)
 PSPermGen       total 25600K, used 11773K [0x00007fbb1b180000, 0x00007fbb1ca80000, 0x00007fbb20380000)
  object space 25600K, 45% used [0x00007fbb1b180000,0x00007fbb1bcff7e0,0x00007fbb1ca80000)
Event: 12,275 GC heap after
Heap after GC invocations=17 (full 3):
 PSYoungGen      total 753664K, used 164851K [0x00007fc1cd880000, 0x00007fc20dd00000, 0x00007fc524380000)
  eden space 588800K, 0% used [0x00007fc1cd880000,0x00007fc1cd880000,0x00007fc1f1780000)
  from space 164864K, 99% used [0x00007fc1fdf00000,0x00007fc207ffcd50,0x00007fc208000000)
  to   space 204288K, 0% used [0x00007fc1f1780000,0x00007fc1f1780000,0x00007fc1fdf00000)
 ParOldGen       total 454144K, used 318248K [0x00007fbb20380000, 0x00007fbb3bf00000, 0x00007fc1cd880000)
  object space 454144K, 70% used [0x00007fbb20380000,0x00007fbb33a4a3b0,0x00007fbb3bf00000)
 PSPermGen       total 25600K, used 11773K [0x00007fbb1b180000, 0x00007fbb1ca80000, 0x00007fbb20380000)
  object space 25600K, 45% used [0x00007fbb1b180000,0x00007fbb1bcff7e0,0x00007fbb1ca80000)
}
Event: 13,172 GC heap before
{Heap before GC invocations=18 (full 3):
 PSYoungGen      total 753664K, used 753651K [0x00007fc1cd880000, 0x00007fc20dd00000, 0x00007fc524380000)
  eden space 588800K, 100% used [0x00007fc1cd880000,0x00007fc1f1780000,0x00007fc1f1780000)
  from space 164864K, 99% used [0x00007fc1fdf00000,0x00007fc207ffcd50,0x00007fc208000000)
  to   space 204288K, 0% used [0x00007fc1f1780000,0x00007fc1f1780000,0x00007fc1fdf00000)
 ParOldGen       total 454144K, used 318248K [0x00007fbb20380000, 0x00007fbb3bf00000, 0x00007fc1cd880000)
  object space 454144K, 70% used [0x00007fbb20380000,0x00007fbb33a4a3b0,0x00007fbb3bf00000)
 PSPermGen       total 25600K, used 11773K [0x00007fbb1b180000, 0x00007fbb1ca80000, 0x00007fbb20380000)
  object space 25600K, 45% used [0x00007fbb1b180000,0x00007fbb1bcff7e0,0x00007fbb1ca80000)

