# JRE version: Java(TM) SE Runtime Environment (7.0_80-b15) (build 1.7.0_80-b15)
# Java VM: Java HotSpot(TM) 64-Bit Server VM (24.80-b11 mixed mode linux-amd64 compressed oops)
Heap
 PSYoungGen      total 466432K, used 20516K [0x00000007d5500000, 0x0000000800000000, 0x0000000800000000)
  eden space 233472K, 0% used [0x00000007d5500000,0x00000007d5500000,0x00000007e3900000)
  from space 232960K, 8% used [0x00000007e3900000,0x00000007e4d093c8,0x00000007f1c80000)
  to   space 232960K, 0% used [0x00000007f1c80000,0x00000007f1c80000,0x0000000800000000)
 ParOldGen       total 824832K, used 824648K [0x0000000780000000, 0x00000007b2580000, 0x00000007d5500000)
  object space 824832K, 99% used [0x0000000780000000,0x00000007b2552060,0x00000007b2580000)
 PSPermGen       total 24064K, used 11816K [0x000000077ae00000, 0x000000077c580000, 0x0000000780000000)
  object space 24064K, 49% used [0x000000077ae00000,0x000000077b98a330,0x000000077c580000)
GC Heap History (10 events):
Event: 25,902 GC heap after
Heap after GC invocations=23 (full 4):
 PSYoungGen      total 511488K, used 150384K [0x00000007d5500000, 0x0000000800000000, 0x0000000800000000)
  eden space 360960K, 0% used [0x00000007d5500000,0x00000007d5500000,0x00000007eb580000)
  from space 150528K, 99% used [0x00000007eb580000,0x00000007f485c350,0x00000007f4880000)
  to   space 187904K, 0% used [0x00000007f4880000,0x00000007f4880000,0x0000000800000000)
 ParOldGen       total 824832K, used 556003K [0x0000000780000000, 0x00000007b2580000, 0x00000007d5500000)
  object space 824832K, 67% used [0x0000000780000000,0x00000007a1ef8dd8,0x00000007b2580000)
 PSPermGen       total 24064K, used 11816K [0x000000077ae00000, 0x000000077c580000, 0x0000000780000000)
  object space 24064K, 49% used [0x000000077ae00000,0x000000077b98a350,0x000000077c580000)
}
Event: 26,542 GC heap before
{Heap before GC invocations=24 (full 4):
 PSYoungGen      total 511488K, used 511344K [0x00000007d5500000, 0x0000000800000000, 0x0000000800000000)
  eden space 360960K, 100% used [0x00000007d5500000,0x00000007eb580000,0x00000007eb580000)
  from space 150528K, 99% used [0x00000007eb580000,0x00000007f485c350,0x00000007f4880000)
  to   space 187904K, 0% used [0x00000007f4880000,0x00000007f4880000,0x0000000800000000)
 ParOldGen       total 824832K, used 556003K [0x0000000780000000, 0x00000007b2580000, 0x00000007d5500000)
  object space 824832K, 67% used [0x0000000780000000,0x00000007a1ef8dd8,0x00000007b2580000)
 PSPermGen       total 24064K, used 11816K [0x000000077ae00000, 0x000000077c580000, 0x0000000780000000)
  object space 24064K, 49% used [0x000000077ae00000,0x000000077b98a350,0x000000077c580000)
Event: 26,856 GC heap after
Heap after GC invocations=24 (full 4):
 PSYoungGen      total 445952K, used 187873K [0x00000007d5500000, 0x0000000800000000, 0x0000000800000000)
  eden space 258048K, 0% used [0x00000007d5500000,0x00000007d5500000,0x00000007e5100000)
  from space 187904K, 99% used [0x00000007f4880000,0x00000007ffff84a0,0x0000000800000000)
  to   space 220672K, 0% used [0x00000007e5100000,0x00000007e5100000,0x00000007f2880000)
 ParOldGen       total 824832K, used 566451K [0x0000000780000000, 0x00000007b2580000, 0x00000007d5500000)
  object space 824832K, 68% used [0x0000000780000000,0x00000007a292cdd8,0x00000007b2580000)
 PSPermGen       total 24064K, used 11816K [0x000000077ae00000, 0x000000077c580000, 0x0000000780000000)
  object space 24064K, 49% used [0x000000077ae00000,0x000000077b98a350,0x000000077c580000)
}
Event: 27,270 GC heap before
{Heap before GC invocations=25 (full 4):
 PSYoungGen      total 445952K, used 445921K [0x00000007d5500000, 0x0000000800000000, 0x0000000800000000)
  eden space 258048K, 100% used [0x00000007d5500000,0x00000007e5100000,0x00000007e5100000)
  from space 187904K, 99% used [0x00000007f4880000,0x00000007ffff84a0,0x0000000800000000)
  to   space 220672K, 0% used [0x00000007e5100000,0x00000007e5100000,0x00000007f2880000)
 ParOldGen       total 824832K, used 566451K [0x0000000780000000, 0x00000007b2580000, 0x00000007d5500000)
  object space 824832K, 68% used [0x0000000780000000,0x00000007a292cdd8,0x00000007b2580000)
 PSPermGen       total 24064K, used 11816K [0x000000077ae00000, 0x000000077c580000, 0x0000000780000000)
  object space 24064K, 49% used [0x000000077ae00000,0x000000077b98a350,0x000000077c580000)
Event: 27,605 GC heap after
Heap after GC invocations=25 (full 4):
 PSYoungGen      total 472064K, used 213825K [0x00000007d5500000, 0x0000000800000000, 0x0000000800000000)
  eden space 258048K, 0% used [0x00000007d5500000,0x00000007d5500000,0x00000007e5100000)
  from space 214016K, 99% used [0x00000007e5100000,0x00000007f21d0520,0x00000007f2200000)
  to   space 227328K, 0% used [0x00000007f2200000,0x00000007f2200000,0x0000000800000000)
 ParOldGen       total 824832K, used 572903K [0x0000000780000000, 0x00000007b2580000, 0x00000007d5500000)
  object space 824832K, 69% used [0x0000000780000000,0x00000007a2f79e08,0x00000007b2580000)
 PSPermGen       total 24064K, used 11816K [0x000000077ae00000, 0x000000077c580000, 0x0000000780000000)
  object space 24064K, 49% used [0x000000077ae00000,0x000000077b98a350,0x000000077c580000)
}
Event: 28,030 GC heap before
{Heap before GC invocations=26 (full 4):
 PSYoungGen      total 472064K, used 471873K [0x00000007d5500000, 0x0000000800000000, 0x0000000800000000)
  eden space 258048K, 100% used [0x00000007d5500000,0x00000007e5100000,0x00000007e5100000)
  from space 214016K, 99% used [0x00000007e5100000,0x00000007f21d0520,0x00000007f2200000)
  to   space 227328K, 0% used [0x00000007f2200000,0x00000007f2200000,0x0000000800000000)
 ParOldGen       total 824832K, used 572903K [0x0000000780000000, 0x00000007b2580000, 0x00000007d5500000)
  object space 824832K, 69% used [0x0000000780000000,0x00000007a2f79e08,0x00000007b2580000)
 PSPermGen       total 24064K, used 11816K [0x000000077ae00000, 0x000000077c580000, 0x0000000780000000)
  object space 24064K, 49% used [0x000000077ae00000,0x000000077b98a350,0x000000077c580000)
Event: 28,519 GC heap after
Heap after GC invocations=26 (full 4):
 PSYoungGen      total 460800K, used 158004K [0x00000007d5500000, 0x0000000800000000, 0x0000000800000000)
  eden space 233472K, 0% used [0x00000007d5500000,0x00000007d5500000,0x00000007e3900000)
  from space 227328K, 69% used [0x00000007f2200000,0x00000007fbc4d1f0,0x0000000800000000)
  to   space 232960K, 0% used [0x00000007e3900000,0x00000007e3900000,0x00000007f1c80000)
 ParOldGen       total 824832K, used 663491K [0x0000000780000000, 0x00000007b2580000, 0x00000007d5500000)
  object space 824832K, 80% used [0x0000000780000000,0x00000007a87f0c18,0x00000007b2580000)
 PSPermGen       total 24064K, used 11816K [0x000000077ae00000, 0x000000077c580000, 0x0000000780000000)
  object space 24064K, 49% used [0x000000077ae00000,0x000000077b98a350,0x000000077c580000)
}
Event: 28,984 GC heap before
{Heap before GC invocations=27 (full 4):
 PSYoungGen      total 460800K, used 391476K [0x00000007d5500000, 0x0000000800000000, 0x0000000800000000)
  eden space 233472K, 100% used [0x00000007d5500000,0x00000007e3900000,0x00000007e3900000)
  from space 227328K, 69% used [0x00000007f2200000,0x00000007fbc4d1f0,0x0000000800000000)
  to   space 232960K, 0% used [0x00000007e3900000,0x00000007e3900000,0x00000007f1c80000)
 ParOldGen       total 824832K, used 663491K [0x0000000780000000, 0x00000007b2580000, 0x00000007d5500000)
  object space 824832K, 80% used [0x0000000780000000,0x00000007a87f0c18,0x00000007b2580000)
 PSPermGen       total 24064K, used 11816K [0x000000077ae00000, 0x000000077c580000, 0x0000000780000000)
  object space 24064K, 49% used [0x000000077ae00000,0x000000077b98a350,0x000000077c580000)
Event: 29,381 GC heap after
Heap after GC invocations=27 (full 4):
 PSYoungGen      total 466432K, used 98452K [0x00000007d5500000, 0x0000000800000000, 0x0000000800000000)
  eden space 233472K, 0% used [0x00000007d5500000,0x00000007d5500000,0x00000007e3900000)
  from space 232960K, 42% used [0x00000007e3900000,0x00000007e99250c0,0x00000007f1c80000)
  to   space 232960K, 0% used [0x00000007f1c80000,0x00000007f1c80000,0x0000000800000000)
 ParOldGen       total 824832K, used 754686K [0x0000000780000000, 0x00000007b2580000, 0x00000007d5500000)
  object space 824832K, 91% used [0x0000000780000000,0x00000007ae0ffa68,0x00000007b2580000)
 PSPermGen       total 24064K, used 11816K [0x000000077ae00000, 0x000000077c580000, 0x0000000780000000)
  object space 24064K, 49% used [0x000000077ae00000,0x000000077b98a350,0x000000077c580000)
}
Event: 29,381 GC heap before
{Heap before GC invocations=28 (full 5):
 PSYoungGen      total 466432K, used 98452K [0x00000007d5500000, 0x0000000800000000, 0x0000000800000000)
  eden space 233472K, 0% used [0x00000007d5500000,0x00000007d5500000,0x00000007e3900000)
  from space 232960K, 42% used [0x00000007e3900000,0x00000007e99250c0,0x00000007f1c80000)
  to   space 232960K, 0% used [0x00000007f1c80000,0x00000007f1c80000,0x0000000800000000)
 ParOldGen       total 824832K, used 754686K [0x0000000780000000, 0x00000007b2580000, 0x00000007d5500000)
  object space 824832K, 91% used [0x0000000780000000,0x00000007ae0ffa68,0x00000007b2580000)
 PSPermGen       total 24064K, used 11816K [0x000000077ae00000, 0x000000077c580000, 0x0000000780000000)
  object space 24064K, 49% used [0x000000077ae00000,0x000000077b98a350,0x000000077c580000)

