# JRE version: Java(TM) SE Runtime Environment (7.0_80-b15) (build 1.7.0_80-b15)
# Java VM: Java HotSpot(TM) 64-Bit Server VM (24.80-b11 mixed mode linux-amd64 compressed oops)
Heap
 PSYoungGen      total 466432K, used 40222K [0x00000007d5500000, 0x0000000800000000, 0x0000000800000000)
  eden space 233472K, 0% used [0x00000007d5500000,0x00000007d5500000,0x00000007e3900000)
  from space 232960K, 17% used [0x00000007e3900000,0x00000007e6047b88,0x00000007f1c80000)
  to   space 232960K, 0% used [0x00000007f1c80000,0x00000007f1c80000,0x0000000800000000)
 ParOldGen       total 1016320K, used 1016117K [0x0000000780000000, 0x00000007be080000, 0x00000007d5500000)
  object space 1016320K, 99% used [0x0000000780000000,0x00000007be04d4b8,0x00000007be080000)
 PSPermGen       total 23040K, used 12467K [0x000000077ae00000, 0x000000077c480000, 0x0000000780000000)
  object space 23040K, 54% used [0x000000077ae00000,0x000000077ba2cc98,0x000000077c480000)
GC Heap History (10 events):
Event: 35,821 GC heap after
Heap after GC invocations=36 (full 5):
 PSYoungGen      total 334336K, used 89664K [0x00000007d5500000, 0x00000007fe180000, 0x0000000800000000)
  eden space 244224K, 0% used [0x00000007d5500000,0x00000007d5500000,0x00000007e4380000)
  from space 90112K, 99% used [0x00000007e4380000,0x00000007e9b101d0,0x00000007e9b80000)
  to   space 208896K, 0% used [0x00000007f1580000,0x00000007f1580000,0x00000007fe180000)
 ParOldGen       total 1016320K, used 884371K [0x0000000780000000, 0x00000007be080000, 0x00000007d5500000)
  object space 1016320K, 87% used [0x0000000780000000,0x00000007b5fa4c78,0x00000007be080000)
 PSPermGen       total 23040K, used 11522K [0x000000077ae00000, 0x000000077c480000, 0x0000000780000000)
  object space 23040K, 50% used [0x000000077ae00000,0x000000077b9409c0,0x000000077c480000)
}
Event: 36,208 GC heap before
{Heap before GC invocations=37 (full 5):
 PSYoungGen      total 334336K, used 333888K [0x00000007d5500000, 0x00000007fe180000, 0x0000000800000000)
  eden space 244224K, 100% used [0x00000007d5500000,0x00000007e4380000,0x00000007e4380000)
  from space 90112K, 99% used [0x00000007e4380000,0x00000007e9b101d0,0x00000007e9b80000)
  to   space 208896K, 0% used [0x00000007f1580000,0x00000007f1580000,0x00000007fe180000)
 ParOldGen       total 1016320K, used 884371K [0x0000000780000000, 0x00000007be080000, 0x00000007d5500000)
  object space 1016320K, 87% used [0x0000000780000000,0x00000007b5fa4c78,0x00000007be080000)
 PSPermGen       total 23040K, used 11522K [0x000000077ae00000, 0x000000077c480000, 0x0000000780000000)
  object space 23040K, 50% used [0x000000077ae00000,0x000000077b9409c0,0x000000077c480000)
Event: 36,395 GC heap after
Heap after GC invocations=37 (full 5):
 PSYoungGen      total 457216K, used 119924K [0x00000007d5500000, 0x00000007ffa80000, 0x0000000800000000)
  eden space 248320K, 0% used [0x00000007d5500000,0x00000007d5500000,0x00000007e4780000)
  from space 208896K, 57% used [0x00000007f1580000,0x00000007f8a9d140,0x00000007fe180000)
  to   space 210944K, 0% used [0x00000007e4780000,0x00000007e4780000,0x00000007f1580000)
 ParOldGen       total 1016320K, used 884371K [0x0000000780000000, 0x00000007be080000, 0x00000007d5500000)
  object space 1016320K, 87% used [0x0000000780000000,0x00000007b5fa4c78,0x00000007be080000)
 PSPermGen       total 23040K, used 11522K [0x000000077ae00000, 0x000000077c480000, 0x0000000780000000)
  object space 23040K, 50% used [0x000000077ae00000,0x000000077b9409c0,0x000000077c480000)
}
Event: 36,816 GC heap before
{Heap before GC invocations=38 (full 5):
 PSYoungGen      total 457216K, used 368244K [0x00000007d5500000, 0x00000007ffa80000, 0x0000000800000000)
  eden space 248320K, 100% used [0x00000007d5500000,0x00000007e4780000,0x00000007e4780000)
  from space 208896K, 57% used [0x00000007f1580000,0x00000007f8a9d140,0x00000007fe180000)
  to   space 210944K, 0% used [0x00000007e4780000,0x00000007e4780000,0x00000007f1580000)
 ParOldGen       total 1016320K, used 884371K [0x0000000780000000, 0x00000007be080000, 0x00000007d5500000)
  object space 1016320K, 87% used [0x0000000780000000,0x00000007b5fa4c78,0x00000007be080000)
 PSPermGen       total 23040K, used 11522K [0x000000077ae00000, 0x000000077c480000, 0x0000000780000000)
  object space 23040K, 50% used [0x000000077ae00000,0x000000077b940ac0,0x000000077c480000)
Event: 37,037 GC heap after
Heap after GC invocations=38 (full 5):
 PSYoungGen      total 459264K, used 152528K [0x00000007d5500000, 0x0000000800000000, 0x0000000800000000)
  eden space 248320K, 0% used [0x00000007d5500000,0x00000007d5500000,0x00000007e4780000)
  from space 210944K, 72% used [0x00000007e4780000,0x00000007edc743c0,0x00000007f1580000)
  to   space 223232K, 0% used [0x00000007f2600000,0x00000007f2600000,0x0000000800000000)
 ParOldGen       total 1016320K, used 884371K [0x0000000780000000, 0x00000007be080000, 0x00000007d5500000)
  object space 1016320K, 87% used [0x0000000780000000,0x00000007b5fa4c78,0x00000007be080000)
 PSPermGen       total 23040K, used 11522K [0x000000077ae00000, 0x000000077c480000, 0x0000000780000000)
  object space 23040K, 50% used [0x000000077ae00000,0x000000077b940ac0,0x000000077c480000)
}
Event: 130,338 GC heap before
{Heap before GC invocations=39 (full 5):
 PSYoungGen      total 459264K, used 400848K [0x00000007d5500000, 0x0000000800000000, 0x0000000800000000)
  eden space 248320K, 100% used [0x00000007d5500000,0x00000007e4780000,0x00000007e4780000)
  from space 210944K, 72% used [0x00000007e4780000,0x00000007edc743c0,0x00000007f1580000)
  to   space 223232K, 0% used [0x00000007f2600000,0x00000007f2600000,0x0000000800000000)
 ParOldGen       total 1016320K, used 884371K [0x0000000780000000, 0x00000007be080000, 0x00000007d5500000)
  object space 1016320K, 87% used [0x0000000780000000,0x00000007b5fa4c78,0x00000007be080000)
 PSPermGen       total 23040K, used 12123K [0x000000077ae00000, 0x000000077c480000, 0x0000000780000000)
  object space 23040K, 52% used [0x000000077ae00000,0x000000077b9d6ef8,0x000000077c480000)
Event: 130,592 GC heap after
Heap after GC invocations=39 (full 5):
 PSYoungGen      total 456704K, used 181108K [0x00000007d5500000, 0x0000000800000000, 0x0000000800000000)
  eden space 233472K, 0% used [0x00000007d5500000,0x00000007d5500000,0x00000007e3900000)
  from space 223232K, 81% used [0x00000007f2600000,0x00000007fd6dd3d0,0x0000000800000000)
  to   space 232960K, 0% used [0x00000007e3900000,0x00000007e3900000,0x00000007f1c80000)
 ParOldGen       total 1016320K, used 884371K [0x0000000780000000, 0x00000007be080000, 0x00000007d5500000)
  object space 1016320K, 87% used [0x0000000780000000,0x00000007b5fa4c78,0x00000007be080000)
 PSPermGen       total 23040K, used 12123K [0x000000077ae00000, 0x000000077c480000, 0x0000000780000000)
  object space 23040K, 52% used [0x000000077ae00000,0x000000077b9d6ef8,0x000000077c480000)
}
Event: 511,691 GC heap before
{Heap before GC invocations=40 (full 5):
 PSYoungGen      total 456704K, used 414580K [0x00000007d5500000, 0x0000000800000000, 0x0000000800000000)
  eden space 233472K, 100% used [0x00000007d5500000,0x00000007e3900000,0x00000007e3900000)
  from space 223232K, 81% used [0x00000007f2600000,0x00000007fd6dd3d0,0x0000000800000000)
  to   space 232960K, 0% used [0x00000007e3900000,0x00000007e3900000,0x00000007f1c80000)
 ParOldGen       total 1016320K, used 884371K [0x0000000780000000, 0x00000007be080000, 0x00000007d5500000)
  object space 1016320K, 87% used [0x0000000780000000,0x00000007b5fa4c78,0x00000007be080000)
 PSPermGen       total 23040K, used 12468K [0x000000077ae00000, 0x000000077c480000, 0x0000000780000000)
  object space 23040K, 54% used [0x000000077ae00000,0x000000077ba2d0f8,0x000000077c480000)
Event: 512,070 GC heap after
Heap after GC invocations=40 (full 5):
 PSYoungGen      total 466432K, used 124332K [0x00000007d5500000, 0x0000000800000000, 0x0000000800000000)
  eden space 233472K, 0% used [0x00000007d5500000,0x00000007d5500000,0x00000007e3900000)
  from space 232960K, 53% used [0x00000007e3900000,0x00000007eb26b3f8,0x00000007f1c80000)
  to   space 232960K, 0% used [0x00000007f1c80000,0x00000007f1c80000,0x0000000800000000)
 ParOldGen       total 1016320K, used 941568K [0x0000000780000000, 0x00000007be080000, 0x00000007d5500000)
  object space 1016320K, 92% used [0x0000000780000000,0x00000007b9780298,0x00000007be080000)
 PSPermGen       total 23040K, used 12468K [0x000000077ae00000, 0x000000077c480000, 0x0000000780000000)
  object space 23040K, 54% used [0x000000077ae00000,0x000000077ba2d0f8,0x000000077c480000)
}
Event: 512,070 GC heap before
{Heap before GC invocations=41 (full 6):
 PSYoungGen      total 466432K, used 124332K [0x00000007d5500000, 0x0000000800000000, 0x0000000800000000)
  eden space 233472K, 0% used [0x00000007d5500000,0x00000007d5500000,0x00000007e3900000)
  from space 232960K, 53% used [0x00000007e3900000,0x00000007eb26b3f8,0x00000007f1c80000)
  to   space 232960K, 0% used [0x00000007f1c80000,0x00000007f1c80000,0x0000000800000000)
 ParOldGen       total 1016320K, used 941568K [0x0000000780000000, 0x00000007be080000, 0x00000007d5500000)
  object space 1016320K, 92% used [0x0000000780000000,0x00000007b9780298,0x00000007be080000)
 PSPermGen       total 23040K, used 12468K [0x000000077ae00000, 0x000000077c480000, 0x0000000780000000)
  object space 23040K, 54% used [0x000000077ae00000,0x000000077ba2d0f8,0x000000077c480000)

