# JRE version: Java(TM) SE Runtime Environment (7.0_80-b15) (build 1.7.0_80-b15)
# Java VM: Java HotSpot(TM) 64-Bit Server VM (24.80-b11 mixed mode linux-amd64 compressed oops)
Heap
 PSYoungGen      total 1284608K, used 238272K [0x000000076aa80000, 0x00000007eaa00000, 0x0000000800000000)
  eden space 506368K, 0% used [0x000000076aa80000,0x000000076aa80000,0x0000000789900000)
  from space 778240K, 30% used [0x00000007bb200000,0x00000007c9ab02e0,0x00000007eaa00000)
  to   space 795136K, 0% used [0x0000000789900000,0x0000000789900000,0x00000007ba180000)
 ParOldGen       total 2334208K, used 2333832K [0x0000000640000000, 0x00000006ce780000, 0x000000076aa80000)
  object space 2334208K, 99% used [0x0000000640000000,0x00000006ce7221b8,0x00000006ce780000)
 PSPermGen       total 21504K, used 11516K [0x000000063ae00000, 0x000000063c300000, 0x0000000640000000)
  object space 21504K, 53% used [0x000000063ae00000,0x000000063b93f118,0x000000063c300000)
GC Heap History (10 events):
Event: 49,030 GC heap after
Heap after GC invocations=40 (full 7):
 PSYoungGen      total 1177600K, used 625123K [0x000000076aa80000, 0x00000007e9e00000, 0x0000000800000000)
  eden space 400896K, 0% used [0x000000076aa80000,0x000000076aa80000,0x0000000783200000)
  from space 776704K, 80% used [0x0000000783200000,0x00000007a9478ff0,0x00000007b2880000)
  to   space 815616K, 0% used [0x00000007b8180000,0x00000007b8180000,0x00000007e9e00000)
 ParOldGen       total 1786368K, used 1569239K [0x0000000640000000, 0x00000006ad080000, 0x000000076aa80000)
  object space 1786368K, 87% used [0x0000000640000000,0x000000069fc75f28,0x00000006ad080000)
 PSPermGen       total 21504K, used 11516K [0x000000063ae00000, 0x000000063c300000, 0x0000000640000000)
  object space 21504K, 53% used [0x000000063ae00000,0x000000063b93f118,0x000000063c300000)
}
Event: 49,570 GC heap before
{Heap before GC invocations=41 (full 7):
 PSYoungGen      total 1177600K, used 1026019K [0x000000076aa80000, 0x00000007e9e00000, 0x0000000800000000)
  eden space 400896K, 100% used [0x000000076aa80000,0x0000000783200000,0x0000000783200000)
  from space 776704K, 80% used [0x0000000783200000,0x00000007a9478ff0,0x00000007b2880000)
  to   space 815616K, 0% used [0x00000007b8180000,0x00000007b8180000,0x00000007e9e00000)
 ParOldGen       total 1786368K, used 1569239K [0x0000000640000000, 0x00000006ad080000, 0x000000076aa80000)
  object space 1786368K, 87% used [0x0000000640000000,0x000000069fc75f28,0x00000006ad080000)
 PSPermGen       total 21504K, used 11516K [0x000000063ae00000, 0x000000063c300000, 0x0000000640000000)
  object space 21504K, 53% used [0x000000063ae00000,0x000000063b93f118,0x000000063c300000)
Event: 50,566 GC heap after
Heap after GC invocations=41 (full 7):
 PSYoungGen      total 1268736K, used 614356K [0x000000076aa80000, 0x00000007ea100000, 0x0000000800000000)
  eden space 453120K, 0% used [0x000000076aa80000,0x000000076aa80000,0x0000000786500000)
  from space 815616K, 75% used [0x00000007b8180000,0x00000007dd975010,0x00000007e9e00000)
  to   space 815616K, 0% used [0x0000000786500000,0x0000000786500000,0x00000007b8180000)
 ParOldGen       total 1786368K, used 1699344K [0x0000000640000000, 0x00000006ad080000, 0x000000076aa80000)
  object space 1786368K, 95% used [0x0000000640000000,0x00000006a7b840b8,0x00000006ad080000)
 PSPermGen       total 21504K, used 11516K [0x000000063ae00000, 0x000000063c300000, 0x0000000640000000)
  object space 21504K, 53% used [0x000000063ae00000,0x000000063b93f118,0x000000063c300000)
}
Event: 50,566 GC heap before
{Heap before GC invocations=42 (full 8):
 PSYoungGen      total 1268736K, used 614356K [0x000000076aa80000, 0x00000007ea100000, 0x0000000800000000)
  eden space 453120K, 0% used [0x000000076aa80000,0x000000076aa80000,0x0000000786500000)
  from space 815616K, 75% used [0x00000007b8180000,0x00000007dd975010,0x00000007e9e00000)
  to   space 815616K, 0% used [0x0000000786500000,0x0000000786500000,0x00000007b8180000)
 ParOldGen       total 1786368K, used 1699344K [0x0000000640000000, 0x00000006ad080000, 0x000000076aa80000)
  object space 1786368K, 95% used [0x0000000640000000,0x00000006a7b840b8,0x00000006ad080000)
 PSPermGen       total 21504K, used 11516K [0x000000063ae00000, 0x000000063c300000, 0x0000000640000000)
  object space 21504K, 53% used [0x000000063ae00000,0x000000063b93f118,0x000000063c300000)
Event: 61,949 GC heap after
Heap after GC invocations=42 (full 8):
 PSYoungGen      total 1268736K, used 517307K [0x000000076aa80000, 0x00000007ea100000, 0x0000000800000000)
  eden space 453120K, 0% used [0x000000076aa80000,0x000000076aa80000,0x0000000786500000)
  from space 815616K, 63% used [0x00000007b8180000,0x00000007d7aaef28,0x00000007e9e00000)
  to   space 815616K, 0% used [0x0000000786500000,0x0000000786500000,0x00000007b8180000)
 ParOldGen       total 2334208K, used 1785957K [0x0000000640000000, 0x00000006ce780000, 0x000000076aa80000)
  object space 2334208K, 76% used [0x0000000640000000,0x00000006ad019628,0x00000006ce780000)
 PSPermGen       total 21504K, used 11516K [0x000000063ae00000, 0x000000063c300000, 0x0000000640000000)
  object space 21504K, 53% used [0x000000063ae00000,0x000000063b93f118,0x000000063c300000)
}
Event: 62,619 GC heap before
{Heap before GC invocations=43 (full 8):
 PSYoungGen      total 1268736K, used 970427K [0x000000076aa80000, 0x00000007ea100000, 0x0000000800000000)
  eden space 453120K, 100% used [0x000000076aa80000,0x0000000786500000,0x0000000786500000)
  from space 815616K, 63% used [0x00000007b8180000,0x00000007d7aaef28,0x00000007e9e00000)
  to   space 815616K, 0% used [0x0000000786500000,0x0000000786500000,0x00000007b8180000)
 ParOldGen       total 2334208K, used 1785957K [0x0000000640000000, 0x00000006ce780000, 0x000000076aa80000)
  object space 2334208K, 76% used [0x0000000640000000,0x00000006ad019628,0x00000006ce780000)
 PSPermGen       total 21504K, used 11516K [0x000000063ae00000, 0x000000063c300000, 0x0000000640000000)
  object space 21504K, 53% used [0x000000063ae00000,0x000000063b93f118,0x000000063c300000)
Event: 63,722 GC heap after
Heap after GC invocations=43 (full 8):
 PSYoungGen      total 1268736K, used 508259K [0x000000076aa80000, 0x00000007ece80000, 0x0000000800000000)
  eden space 453120K, 0% used [0x000000076aa80000,0x000000076aa80000,0x0000000786500000)
  from space 815616K, 62% used [0x0000000786500000,0x00000007a5558ef0,0x00000007b8180000)
  to   space 815616K, 0% used [0x00000007bb200000,0x00000007bb200000,0x00000007ece80000)
 ParOldGen       total 2334208K, used 1932758K [0x0000000640000000, 0x00000006ce780000, 0x000000076aa80000)
  object space 2334208K, 82% used [0x0000000640000000,0x00000006b5f75858,0x00000006ce780000)
 PSPermGen       total 21504K, used 11516K [0x000000063ae00000, 0x000000063c300000, 0x0000000640000000)
  object space 21504K, 53% used [0x000000063ae00000,0x000000063b93f118,0x000000063c300000)
}
Event: 64,370 GC heap before
{Heap before GC invocations=44 (full 8):
 PSYoungGen      total 1268736K, used 961379K [0x000000076aa80000, 0x00000007ece80000, 0x0000000800000000)
  eden space 453120K, 100% used [0x000000076aa80000,0x0000000786500000,0x0000000786500000)
  from space 815616K, 62% used [0x0000000786500000,0x00000007a5558ef0,0x00000007b8180000)
  to   space 815616K, 0% used [0x00000007bb200000,0x00000007bb200000,0x00000007ece80000)
 ParOldGen       total 2334208K, used 1932758K [0x0000000640000000, 0x00000006ce780000, 0x000000076aa80000)
  object space 2334208K, 82% used [0x0000000640000000,0x00000006b5f75858,0x00000006ce780000)
 PSPermGen       total 21504K, used 11516K [0x000000063ae00000, 0x000000063c300000, 0x0000000640000000)
  object space 21504K, 53% used [0x000000063ae00000,0x000000063b93f118,0x000000063c300000)
Event: 65,223 GC heap after
Heap after GC invocations=44 (full 8):
 PSYoungGen      total 1284608K, used 473091K [0x000000076aa80000, 0x00000007eaa00000, 0x0000000800000000)
  eden space 506368K, 0% used [0x000000076aa80000,0x000000076aa80000,0x0000000789900000)
  from space 778240K, 60% used [0x00000007bb200000,0x00000007d8000fc0,0x00000007eaa00000)
  to   space 795136K, 0% used [0x0000000789900000,0x0000000789900000,0x00000007ba180000)
 ParOldGen       total 2334208K, used 2105067K [0x0000000640000000, 0x00000006ce780000, 0x000000076aa80000)
  object space 2334208K, 90% used [0x0000000640000000,0x00000006c07bac38,0x00000006ce780000)
 PSPermGen       total 21504K, used 11516K [0x000000063ae00000, 0x000000063c300000, 0x0000000640000000)
  object space 21504K, 53% used [0x000000063ae00000,0x000000063b93f118,0x000000063c300000)
}
Event: 65,226 GC heap before
{Heap before GC invocations=45 (full 9):
 PSYoungGen      total 1284608K, used 473091K [0x000000076aa80000, 0x00000007eaa00000, 0x0000000800000000)
  eden space 506368K, 0% used [0x000000076aa80000,0x000000076aa80000,0x0000000789900000)
  from space 778240K, 60% used [0x00000007bb200000,0x00000007d8000fc0,0x00000007eaa00000)
  to   space 795136K, 0% used [0x0000000789900000,0x0000000789900000,0x00000007ba180000)
 ParOldGen       total 2334208K, used 2105067K [0x0000000640000000, 0x00000006ce780000, 0x000000076aa80000)
  object space 2334208K, 90% used [0x0000000640000000,0x00000006c07bac38,0x00000006ce780000)
 PSPermGen       total 21504K, used 11516K [0x000000063ae00000, 0x000000063c300000, 0x0000000640000000)
  object space 21504K, 53% used [0x000000063ae00000,0x000000063b93f118,0x000000063c300000)

