# JRE version: Java(TM) SE Runtime Environment (7.0_80-b15) (build 1.7.0_80-b15)
# Java VM: Java HotSpot(TM) 64-Bit Server VM (24.80-b11 mixed mode linux-amd64 compressed oops)
Heap
 PSYoungGen      total 1631232K, used 500036K [0x000000076aa80000, 0x0000000800000000, 0x0000000800000000)
  eden space 815616K, 0% used [0x000000076aa80000,0x000000076aa80000,0x000000079c700000)
  from space 815616K, 61% used [0x00000007ce380000,0x00000007ecbd1200,0x0000000800000000)
  to   space 815616K, 0% used [0x000000079c700000,0x000000079c700000,0x00000007ce380000)
 ParOldGen       total 2399744K, used 2399696K [0x0000000640000000, 0x00000006d2780000, 0x000000076aa80000)
  object space 2399744K, 99% used [0x0000000640000000,0x00000006d27741f8,0x00000006d2780000)
 PSPermGen       total 21504K, used 11591K [0x000000063ae00000, 0x000000063c300000, 0x0000000640000000)
  object space 21504K, 53% used [0x000000063ae00000,0x000000063b951ea8,0x000000063c300000)
GC Heap History (10 events):
Event: 65,121 GC heap after
Heap after GC invocations=40 (full 8):
 PSYoungGen      total 1527296K, used 454768K [0x000000076aa80000, 0x00000007f5480000, 0x0000000800000000)
  eden space 781312K, 0% used [0x000000076aa80000,0x000000076aa80000,0x000000079a580000)
  from space 745984K, 60% used [0x00000007c7c00000,0x00000007e381c290,0x00000007f5480000)
  to   space 743936K, 0% used [0x000000079a580000,0x000000079a580000,0x00000007c7c00000)
 ParOldGen       total 2399744K, used 1838535K [0x0000000640000000, 0x00000006d2780000, 0x000000076aa80000)
  object space 2399744K, 76% used [0x0000000640000000,0x00000006b0371f28,0x00000006d2780000)
 PSPermGen       total 21504K, used 11590K [0x000000063ae00000, 0x000000063c300000, 0x0000000640000000)
  object space 21504K, 53% used [0x000000063ae00000,0x000000063b951ae8,0x000000063c300000)
}
Event: 65,895 GC heap before
{Heap before GC invocations=41 (full 8):
 PSYoungGen      total 1527296K, used 1236080K [0x000000076aa80000, 0x00000007f5480000, 0x0000000800000000)
  eden space 781312K, 100% used [0x000000076aa80000,0x000000079a580000,0x000000079a580000)
  from space 745984K, 60% used [0x00000007c7c00000,0x00000007e381c290,0x00000007f5480000)
  to   space 743936K, 0% used [0x000000079a580000,0x000000079a580000,0x00000007c7c00000)
 ParOldGen       total 2399744K, used 1838535K [0x0000000640000000, 0x00000006d2780000, 0x000000076aa80000)
  object space 2399744K, 76% used [0x0000000640000000,0x00000006b0371f28,0x00000006d2780000)
 PSPermGen       total 21504K, used 11591K [0x000000063ae00000, 0x000000063c300000, 0x0000000640000000)
  object space 21504K, 53% used [0x000000063ae00000,0x000000063b951cc8,0x000000063c300000)
Event: 66,721 GC heap after
Heap after GC invocations=41 (full 8):
 PSYoungGen      total 1525248K, used 618528K [0x000000076aa80000, 0x0000000800000000, 0x0000000800000000)
  eden space 781312K, 0% used [0x000000076aa80000,0x000000076aa80000,0x000000079a580000)
  from space 743936K, 83% used [0x000000079a580000,0x00000007c01883e0,0x00000007c7c00000)
  to   space 797184K, 0% used [0x00000007cf580000,0x00000007cf580000,0x0000000800000000)
 ParOldGen       total 2399744K, used 1838535K [0x0000000640000000, 0x00000006d2780000, 0x000000076aa80000)
  object space 2399744K, 76% used [0x0000000640000000,0x00000006b0371f28,0x00000006d2780000)
 PSPermGen       total 21504K, used 11591K [0x000000063ae00000, 0x000000063c300000, 0x0000000640000000)
  object space 21504K, 53% used [0x000000063ae00000,0x000000063b951cc8,0x000000063c300000)
}
Event: 67,428 GC heap before
{Heap before GC invocations=42 (full 8):
 PSYoungGen      total 1525248K, used 1399840K [0x000000076aa80000, 0x0000000800000000, 0x0000000800000000)
  eden space 781312K, 100% used [0x000000076aa80000,0x000000079a580000,0x000000079a580000)
  from space 743936K, 83% used [0x000000079a580000,0x00000007c01883e0,0x00000007c7c00000)
  to   space 797184K, 0% used [0x00000007cf580000,0x00000007cf580000,0x0000000800000000)
 ParOldGen       total 2399744K, used 1838535K [0x0000000640000000, 0x00000006d2780000, 0x000000076aa80000)
  object space 2399744K, 76% used [0x0000000640000000,0x00000006b0371f28,0x00000006d2780000)
 PSPermGen       total 21504K, used 11591K [0x000000063ae00000, 0x000000063c300000, 0x0000000640000000)
  object space 21504K, 53% used [0x000000063ae00000,0x000000063b951ec8,0x000000063c300000)
Event: 68,503 GC heap after
Heap after GC invocations=42 (full 8):
 PSYoungGen      total 1612800K, used 767060K [0x000000076aa80000, 0x0000000800000000, 0x0000000800000000)
  eden space 815616K, 0% used [0x000000076aa80000,0x000000076aa80000,0x000000079c700000)
  from space 797184K, 96% used [0x00000007cf580000,0x00000007fe295340,0x0000000800000000)
  to   space 815616K, 0% used [0x000000079c700000,0x000000079c700000,0x00000007ce380000)
 ParOldGen       total 2399744K, used 1838535K [0x0000000640000000, 0x00000006d2780000, 0x000000076aa80000)
  object space 2399744K, 76% used [0x0000000640000000,0x00000006b0371f28,0x00000006d2780000)
 PSPermGen       total 21504K, used 11591K [0x000000063ae00000, 0x000000063c300000, 0x0000000640000000)
  object space 21504K, 53% used [0x000000063ae00000,0x000000063b951ec8,0x000000063c300000)
}
Event: 69,244 GC heap before
{Heap before GC invocations=43 (full 8):
 PSYoungGen      total 1612800K, used 1582676K [0x000000076aa80000, 0x0000000800000000, 0x0000000800000000)
  eden space 815616K, 100% used [0x000000076aa80000,0x000000079c700000,0x000000079c700000)
  from space 797184K, 96% used [0x00000007cf580000,0x00000007fe295340,0x0000000800000000)
  to   space 815616K, 0% used [0x000000079c700000,0x000000079c700000,0x00000007ce380000)
 ParOldGen       total 2399744K, used 1838535K [0x0000000640000000, 0x00000006d2780000, 0x000000076aa80000)
  object space 2399744K, 76% used [0x0000000640000000,0x00000006b0371f28,0x00000006d2780000)
 PSPermGen       total 21504K, used 11591K [0x000000063ae00000, 0x000000063c300000, 0x0000000640000000)
  object space 21504K, 53% used [0x000000063ae00000,0x000000063b951ec8,0x000000063c300000)
Event: 70,326 GC heap after
Heap after GC invocations=43 (full 8):
 PSYoungGen      total 1631232K, used 809217K [0x000000076aa80000, 0x0000000800000000, 0x0000000800000000)
  eden space 815616K, 0% used [0x000000076aa80000,0x000000076aa80000,0x000000079c700000)
  from space 815616K, 99% used [0x000000079c700000,0x00000007cdd40710,0x00000007ce380000)
  to   space 815616K, 0% used [0x00000007ce380000,0x00000007ce380000,0x0000000800000000)
 ParOldGen       total 2399744K, used 1955887K [0x0000000640000000, 0x00000006d2780000, 0x000000076aa80000)
  object space 2399744K, 81% used [0x0000000640000000,0x00000006b760bf88,0x00000006d2780000)
 PSPermGen       total 21504K, used 11591K [0x000000063ae00000, 0x000000063c300000, 0x0000000640000000)
  object space 21504K, 53% used [0x000000063ae00000,0x000000063b951ec8,0x000000063c300000)
}
Event: 71,056 GC heap before
{Heap before GC invocations=44 (full 8):
 PSYoungGen      total 1631232K, used 1624833K [0x000000076aa80000, 0x0000000800000000, 0x0000000800000000)
  eden space 815616K, 100% used [0x000000076aa80000,0x000000079c700000,0x000000079c700000)
  from space 815616K, 99% used [0x000000079c700000,0x00000007cdd40710,0x00000007ce380000)
  to   space 815616K, 0% used [0x00000007ce380000,0x00000007ce380000,0x0000000800000000)
 ParOldGen       total 2399744K, used 1955887K [0x0000000640000000, 0x00000006d2780000, 0x000000076aa80000)
  object space 2399744K, 81% used [0x0000000640000000,0x00000006b760bf88,0x00000006d2780000)
 PSPermGen       total 21504K, used 11591K [0x000000063ae00000, 0x000000063c300000, 0x0000000640000000)
  object space 21504K, 53% used [0x000000063ae00000,0x000000063b951ec8,0x000000063c300000)
Event: 72,263 GC heap after
Heap after GC invocations=44 (full 8):
 PSYoungGen      total 1631232K, used 769573K [0x000000076aa80000, 0x0000000800000000, 0x0000000800000000)
  eden space 815616K, 0% used [0x000000076aa80000,0x000000076aa80000,0x000000079c700000)
  from space 815616K, 94% used [0x00000007ce380000,0x00000007fd3095b0,0x0000000800000000)
  to   space 815616K, 0% used [0x000000079c700000,0x000000079c700000,0x00000007ce380000)
 ParOldGen       total 2399744K, used 2155482K [0x0000000640000000, 0x00000006d2780000, 0x000000076aa80000)
  object space 2399744K, 89% used [0x0000000640000000,0x00000006c38f6918,0x00000006d2780000)
 PSPermGen       total 21504K, used 11591K [0x000000063ae00000, 0x000000063c300000, 0x0000000640000000)
  object space 21504K, 53% used [0x000000063ae00000,0x000000063b951ec8,0x000000063c300000)
}
Event: 72,263 GC heap before
{Heap before GC invocations=45 (full 9):
 PSYoungGen      total 1631232K, used 769573K [0x000000076aa80000, 0x0000000800000000, 0x0000000800000000)
  eden space 815616K, 0% used [0x000000076aa80000,0x000000076aa80000,0x000000079c700000)
  from space 815616K, 94% used [0x00000007ce380000,0x00000007fd3095b0,0x0000000800000000)
  to   space 815616K, 0% used [0x000000079c700000,0x000000079c700000,0x00000007ce380000)
 ParOldGen       total 2399744K, used 2155482K [0x0000000640000000, 0x00000006d2780000, 0x000000076aa80000)
  object space 2399744K, 89% used [0x0000000640000000,0x00000006c38f6918,0x00000006d2780000)
 PSPermGen       total 21504K, used 11591K [0x000000063ae00000, 0x000000063c300000, 0x0000000640000000)
  object space 21504K, 53% used [0x000000063ae00000,0x000000063b951ec8,0x000000063c300000)

