# JRE version: Java(TM) SE Runtime Environment (7.0_80-b15) (build 1.7.0_80-b15)
# Java VM: Java HotSpot(TM) 64-Bit Server VM (24.80-b11 mixed mode linux-amd64 compressed oops)
Heap
 PSYoungGen      total 466432K, used 0K [0x00000007d5500000, 0x0000000800000000, 0x0000000800000000)
  eden space 233472K, 0% used [0x00000007d5500000,0x00000007d5500000,0x00000007e3900000)
  from space 232960K, 0% used [0x00000007e3900000,0x00000007e3900000,0x00000007f1c80000)
  to   space 232960K, 0% used [0x00000007f1c80000,0x00000007f1c80000,0x0000000800000000)
 ParOldGen       total 991232K, used 920320K [0x0000000780000000, 0x00000007bc800000, 0x00000007d5500000)
  object space 991232K, 92% used [0x0000000780000000,0x00000007b82c0280,0x00000007bc800000)
 PSPermGen       total 23040K, used 11603K [0x000000077ae00000, 0x000000077c480000, 0x0000000780000000)
  object space 23040K, 50% used [0x000000077ae00000,0x000000077b954e40,0x000000077c480000)
GC Heap History (10 events):
Event: 25,315 GC heap after
Heap after GC invocations=25 (full 4):
 PSYoungGen      total 457216K, used 155956K [0x00000007d5500000, 0x0000000800000000, 0x0000000800000000)
  eden space 233472K, 0% used [0x00000007d5500000,0x00000007d5500000,0x00000007e3900000)
  from space 223744K, 69% used [0x00000007f2580000,0x00000007fbdcd230,0x0000000800000000)
  to   space 232960K, 0% used [0x00000007e3900000,0x00000007e3900000,0x00000007f1c80000)
 ParOldGen       total 686592K, used 686228K [0x0000000780000000, 0x00000007a9e80000, 0x00000007d5500000)
  object space 686592K, 99% used [0x0000000780000000,0x00000007a9e25090,0x00000007a9e80000)
 PSPermGen       total 24064K, used 11602K [0x000000077ae00000, 0x000000077c580000, 0x0000000780000000)
  object space 24064K, 48% used [0x000000077ae00000,0x000000077b9548b8,0x000000077c580000)
}
Event: 25,315 GC heap before
{Heap before GC invocations=26 (full 5):
 PSYoungGen      total 457216K, used 155956K [0x00000007d5500000, 0x0000000800000000, 0x0000000800000000)
  eden space 233472K, 0% used [0x00000007d5500000,0x00000007d5500000,0x00000007e3900000)
  from space 223744K, 69% used [0x00000007f2580000,0x00000007fbdcd230,0x0000000800000000)
  to   space 232960K, 0% used [0x00000007e3900000,0x00000007e3900000,0x00000007f1c80000)
 ParOldGen       total 686592K, used 686228K [0x0000000780000000, 0x00000007a9e80000, 0x00000007d5500000)
  object space 686592K, 99% used [0x0000000780000000,0x00000007a9e25090,0x00000007a9e80000)
 PSPermGen       total 24064K, used 11602K [0x000000077ae00000, 0x000000077c580000, 0x0000000780000000)
  object space 24064K, 48% used [0x000000077ae00000,0x000000077b9548b8,0x000000077c580000)
Event: 31,301 GC heap after
Heap after GC invocations=26 (full 5):
 PSYoungGen      total 457216K, used 144291K [0x00000007d5500000, 0x0000000800000000, 0x0000000800000000)
  eden space 233472K, 0% used [0x00000007d5500000,0x00000007d5500000,0x00000007e3900000)
  from space 223744K, 64% used [0x00000007f2580000,0x00000007fb268dc8,0x0000000800000000)
  to   space 232960K, 0% used [0x00000007e3900000,0x00000007e3900000,0x00000007f1c80000)
 ParOldGen       total 991232K, used 686480K [0x0000000780000000, 0x00000007bc800000, 0x00000007d5500000)
  object space 991232K, 69% used [0x0000000780000000,0x00000007a9e641e0,0x00000007bc800000)
 PSPermGen       total 23040K, used 11601K [0x000000077ae00000, 0x000000077c480000, 0x0000000780000000)
  object space 23040K, 50% used [0x000000077ae00000,0x000000077b9547b8,0x000000077c480000)
}
Event: 31,683 GC heap before
{Heap before GC invocations=27 (full 5):
 PSYoungGen      total 457216K, used 377763K [0x00000007d5500000, 0x0000000800000000, 0x0000000800000000)
  eden space 233472K, 100% used [0x00000007d5500000,0x00000007e3900000,0x00000007e3900000)
  from space 223744K, 64% used [0x00000007f2580000,0x00000007fb268dc8,0x0000000800000000)
  to   space 232960K, 0% used [0x00000007e3900000,0x00000007e3900000,0x00000007f1c80000)
 ParOldGen       total 991232K, used 686480K [0x0000000780000000, 0x00000007bc800000, 0x00000007d5500000)
  object space 991232K, 69% used [0x0000000780000000,0x00000007a9e641e0,0x00000007bc800000)
 PSPermGen       total 23040K, used 11603K [0x000000077ae00000, 0x000000077c480000, 0x0000000780000000)
  object space 23040K, 50% used [0x000000077ae00000,0x000000077b954d38,0x000000077c480000)
Event: 32,163 GC heap after
Heap after GC invocations=27 (full 5):
 PSYoungGen      total 466432K, used 94132K [0x00000007d5500000, 0x0000000800000000, 0x0000000800000000)
  eden space 233472K, 0% used [0x00000007d5500000,0x00000007d5500000,0x00000007e3900000)
  from space 232960K, 40% used [0x00000007e3900000,0x00000007e94ed0c0,0x00000007f1c80000)
  to   space 232960K, 0% used [0x00000007f1c80000,0x00000007f1c80000,0x0000000800000000)
 ParOldGen       total 991232K, used 768627K [0x0000000780000000, 0x00000007bc800000, 0x00000007d5500000)
  object space 991232K, 77% used [0x0000000780000000,0x00000007aee9cca0,0x00000007bc800000)
 PSPermGen       total 23040K, used 11603K [0x000000077ae00000, 0x000000077c480000, 0x0000000780000000)
  object space 23040K, 50% used [0x000000077ae00000,0x000000077b954d38,0x000000077c480000)
}
Event: 32,558 GC heap before
{Heap before GC invocations=28 (full 5):
 PSYoungGen      total 466432K, used 327604K [0x00000007d5500000, 0x0000000800000000, 0x0000000800000000)
  eden space 233472K, 100% used [0x00000007d5500000,0x00000007e3900000,0x00000007e3900000)
  from space 232960K, 40% used [0x00000007e3900000,0x00000007e94ed0c0,0x00000007f1c80000)
  to   space 232960K, 0% used [0x00000007f1c80000,0x00000007f1c80000,0x0000000800000000)
 ParOldGen       total 991232K, used 768627K [0x0000000780000000, 0x00000007bc800000, 0x00000007d5500000)
  object space 991232K, 77% used [0x0000000780000000,0x00000007aee9cca0,0x00000007bc800000)
 PSPermGen       total 23040K, used 11603K [0x000000077ae00000, 0x000000077c480000, 0x0000000780000000)
  object space 23040K, 50% used [0x000000077ae00000,0x000000077b954d38,0x000000077c480000)
Event: 32,792 GC heap after
Heap after GC invocations=28 (full 5):
 PSYoungGen      total 466432K, used 63251K [0x00000007d5500000, 0x0000000800000000, 0x0000000800000000)
  eden space 233472K, 0% used [0x00000007d5500000,0x00000007d5500000,0x00000007e3900000)
  from space 232960K, 27% used [0x00000007f1c80000,0x00000007f5a44fa0,0x0000000800000000)
  to   space 232960K, 0% used [0x00000007e3900000,0x00000007e3900000,0x00000007f1c80000)
 ParOldGen       total 991232K, used 831281K [0x0000000780000000, 0x00000007bc800000, 0x00000007d5500000)
  object space 991232K, 83% used [0x0000000780000000,0x00000007b2bcc590,0x00000007bc800000)
 PSPermGen       total 23040K, used 11603K [0x000000077ae00000, 0x000000077c480000, 0x0000000780000000)
  object space 23040K, 50% used [0x000000077ae00000,0x000000077b954d38,0x000000077c480000)
}
Event: 33,129 GC heap before
{Heap before GC invocations=29 (full 5):
 PSYoungGen      total 466432K, used 296723K [0x00000007d5500000, 0x0000000800000000, 0x0000000800000000)
  eden space 233472K, 100% used [0x00000007d5500000,0x00000007e3900000,0x00000007e3900000)
  from space 232960K, 27% used [0x00000007f1c80000,0x00000007f5a44fa0,0x0000000800000000)
  to   space 232960K, 0% used [0x00000007e3900000,0x00000007e3900000,0x00000007f1c80000)
 ParOldGen       total 991232K, used 831281K [0x0000000780000000, 0x00000007bc800000, 0x00000007d5500000)
  object space 991232K, 83% used [0x0000000780000000,0x00000007b2bcc590,0x00000007bc800000)
 PSPermGen       total 23040K, used 11603K [0x000000077ae00000, 0x000000077c480000, 0x0000000780000000)
  object space 23040K, 50% used [0x000000077ae00000,0x000000077b954e40,0x000000077c480000)
Event: 33,384 GC heap after
Heap after GC invocations=29 (full 5):
 PSYoungGen      total 466432K, used 28707K [0x00000007d5500000, 0x0000000800000000, 0x0000000800000000)
  eden space 233472K, 0% used [0x00000007d5500000,0x00000007d5500000,0x00000007e3900000)
  from space 232960K, 12% used [0x00000007e3900000,0x00000007e5508ea0,0x00000007f1c80000)
  to   space 232960K, 0% used [0x00000007f1c80000,0x00000007f1c80000,0x0000000800000000)
 ParOldGen       total 991232K, used 894439K [0x0000000780000000, 0x00000007bc800000, 0x00000007d5500000)
  object space 991232K, 90% used [0x0000000780000000,0x00000007b6979e60,0x00000007bc800000)
 PSPermGen       total 23040K, used 11603K [0x000000077ae00000, 0x000000077c480000, 0x0000000780000000)
  object space 23040K, 50% used [0x000000077ae00000,0x000000077b954e40,0x000000077c480000)
}
Event: 33,384 GC heap before
{Heap before GC invocations=30 (full 6):
 PSYoungGen      total 466432K, used 28707K [0x00000007d5500000, 0x0000000800000000, 0x0000000800000000)
  eden space 233472K, 0% used [0x00000007d5500000,0x00000007d5500000,0x00000007e3900000)
  from space 232960K, 12% used [0x00000007e3900000,0x00000007e5508ea0,0x00000007f1c80000)
  to   space 232960K, 0% used [0x00000007f1c80000,0x00000007f1c80000,0x0000000800000000)
 ParOldGen       total 991232K, used 894439K [0x0000000780000000, 0x00000007bc800000, 0x00000007d5500000)
  object space 991232K, 90% used [0x0000000780000000,0x00000007b6979e60,0x00000007bc800000)
 PSPermGen       total 23040K, used 11603K [0x000000077ae00000, 0x000000077c480000, 0x0000000780000000)
  object space 23040K, 50% used [0x000000077ae00000,0x000000077b954e40,0x000000077c480000)

