# JRE version: Java(TM) SE Runtime Environment (7.0_80-b15) (build 1.7.0_80-b15)
# Java VM: Java HotSpot(TM) 64-Bit Server VM (24.80-b11 mixed mode linux-amd64 compressed oops)
Heap
 PSYoungGen      total 466432K, used 32645K [0x00000007d5500000, 0x0000000800000000, 0x0000000800000000)
  eden space 233472K, 0% used [0x00000007d5500000,0x00000007d5500000,0x00000007e3900000)
  from space 232960K, 14% used [0x00000007e3900000,0x00000007e58e1460,0x00000007f1c80000)
  to   space 232960K, 0% used [0x00000007f1c80000,0x00000007f1c80000,0x0000000800000000)
 ParOldGen       total 812032K, used 811575K [0x0000000780000000, 0x00000007b1900000, 0x00000007d5500000)
  object space 812032K, 99% used [0x0000000780000000,0x00000007b188dfc0,0x00000007b1900000)
 PSPermGen       total 24064K, used 11522K [0x000000077ae00000, 0x000000077c580000, 0x0000000780000000)
  object space 24064K, 47% used [0x000000077ae00000,0x000000077b940b40,0x000000077c580000)
GC Heap History (10 events):
Event: 22,490 GC heap after
Heap after GC invocations=23 (full 4):
 PSYoungGen      total 515072K, used 155444K [0x00000007d5500000, 0x0000000800000000, 0x0000000800000000)
  eden space 359424K, 0% used [0x00000007d5500000,0x00000007d5500000,0x00000007eb400000)
  from space 155648K, 99% used [0x00000007eb400000,0x00000007f4bcd1a0,0x00000007f4c00000)
  to   space 184320K, 0% used [0x00000007f4c00000,0x00000007f4c00000,0x0000000800000000)
 ParOldGen       total 812032K, used 552055K [0x0000000780000000, 0x00000007b1900000, 0x00000007d5500000)
  object space 812032K, 67% used [0x0000000780000000,0x00000007a1b1dc88,0x00000007b1900000)
 PSPermGen       total 24064K, used 11522K [0x000000077ae00000, 0x000000077c580000, 0x0000000780000000)
  object space 24064K, 47% used [0x000000077ae00000,0x000000077b940a20,0x000000077c580000)
}
Event: 22,950 GC heap before
{Heap before GC invocations=24 (full 4):
 PSYoungGen      total 515072K, used 514868K [0x00000007d5500000, 0x0000000800000000, 0x0000000800000000)
  eden space 359424K, 100% used [0x00000007d5500000,0x00000007eb400000,0x00000007eb400000)
  from space 155648K, 99% used [0x00000007eb400000,0x00000007f4bcd1a0,0x00000007f4c00000)
  to   space 184320K, 0% used [0x00000007f4c00000,0x00000007f4c00000,0x0000000800000000)
 ParOldGen       total 812032K, used 552055K [0x0000000780000000, 0x00000007b1900000, 0x00000007d5500000)
  object space 812032K, 67% used [0x0000000780000000,0x00000007a1b1dc88,0x00000007b1900000)
 PSPermGen       total 24064K, used 11522K [0x000000077ae00000, 0x000000077c580000, 0x0000000780000000)
  object space 24064K, 47% used [0x000000077ae00000,0x000000077b940a20,0x000000077c580000)
Event: 23,278 GC heap after
Heap after GC invocations=24 (full 4):
 PSYoungGen      total 434176K, used 184289K [0x00000007d5500000, 0x0000000800000000, 0x0000000800000000)
  eden space 249856K, 0% used [0x00000007d5500000,0x00000007d5500000,0x00000007e4900000)
  from space 184320K, 99% used [0x00000007f4c00000,0x00000007ffff84a0,0x0000000800000000)
  to   space 224768K, 0% used [0x00000007e4900000,0x00000007e4900000,0x00000007f2480000)
 ParOldGen       total 812032K, used 571374K [0x0000000780000000, 0x00000007b1900000, 0x00000007d5500000)
  object space 812032K, 70% used [0x0000000780000000,0x00000007a2dfbbe8,0x00000007b1900000)
 PSPermGen       total 24064K, used 11522K [0x000000077ae00000, 0x000000077c580000, 0x0000000780000000)
  object space 24064K, 47% used [0x000000077ae00000,0x000000077b940a20,0x000000077c580000)
}
Event: 23,556 GC heap before
{Heap before GC invocations=25 (full 4):
 PSYoungGen      total 434176K, used 434145K [0x00000007d5500000, 0x0000000800000000, 0x0000000800000000)
  eden space 249856K, 100% used [0x00000007d5500000,0x00000007e4900000,0x00000007e4900000)
  from space 184320K, 99% used [0x00000007f4c00000,0x00000007ffff84a0,0x0000000800000000)
  to   space 224768K, 0% used [0x00000007e4900000,0x00000007e4900000,0x00000007f2480000)
 ParOldGen       total 812032K, used 571374K [0x0000000780000000, 0x00000007b1900000, 0x00000007d5500000)
  object space 812032K, 70% used [0x0000000780000000,0x00000007a2dfbbe8,0x00000007b1900000)
 PSPermGen       total 24064K, used 11522K [0x000000077ae00000, 0x000000077c580000, 0x0000000780000000)
  object space 24064K, 47% used [0x000000077ae00000,0x000000077b940ac8,0x000000077c580000)
Event: 23,871 GC heap after
Heap after GC invocations=25 (full 4):
 PSYoungGen      total 454656K, used 204612K [0x00000007d5500000, 0x0000000800000000, 0x0000000800000000)
  eden space 249856K, 0% used [0x00000007d5500000,0x00000007d5500000,0x00000007e4900000)
  from space 204800K, 99% used [0x00000007e4900000,0x00000007f10d1360,0x00000007f1100000)
  to   space 232960K, 0% used [0x00000007f1c80000,0x00000007f1c80000,0x0000000800000000)
 ParOldGen       total 812032K, used 582247K [0x0000000780000000, 0x00000007b1900000, 0x00000007d5500000)
  object space 812032K, 71% used [0x0000000780000000,0x00000007a3899ca8,0x00000007b1900000)
 PSPermGen       total 24064K, used 11522K [0x000000077ae00000, 0x000000077c580000, 0x0000000780000000)
  object space 24064K, 47% used [0x000000077ae00000,0x000000077b940ac8,0x000000077c580000)
}
Event: 24,133 GC heap before
{Heap before GC invocations=26 (full 4):
 PSYoungGen      total 454656K, used 454468K [0x00000007d5500000, 0x0000000800000000, 0x0000000800000000)
  eden space 249856K, 100% used [0x00000007d5500000,0x00000007e4900000,0x00000007e4900000)
  from space 204800K, 99% used [0x00000007e4900000,0x00000007f10d1360,0x00000007f1100000)
  to   space 232960K, 0% used [0x00000007f1c80000,0x00000007f1c80000,0x0000000800000000)
 ParOldGen       total 812032K, used 582247K [0x0000000780000000, 0x00000007b1900000, 0x00000007d5500000)
  object space 812032K, 71% used [0x0000000780000000,0x00000007a3899ca8,0x00000007b1900000)
 PSPermGen       total 24064K, used 11522K [0x000000077ae00000, 0x000000077c580000, 0x0000000780000000)
  object space 24064K, 47% used [0x000000077ae00000,0x000000077b940ba0,0x000000077c580000)
Event: 24,634 GC heap after
Heap after GC invocations=26 (full 4):
 PSYoungGen      total 466432K, used 150676K [0x00000007d5500000, 0x0000000800000000, 0x0000000800000000)
  eden space 233472K, 0% used [0x00000007d5500000,0x00000007d5500000,0x00000007e3900000)
  from space 232960K, 64% used [0x00000007f1c80000,0x00000007fafa51c0,0x0000000800000000)
  to   space 232960K, 0% used [0x00000007e3900000,0x00000007e3900000,0x00000007f1c80000)
 ParOldGen       total 812032K, used 669726K [0x0000000780000000, 0x00000007b1900000, 0x00000007d5500000)
  object space 812032K, 82% used [0x0000000780000000,0x00000007a8e07a08,0x00000007b1900000)
 PSPermGen       total 24064K, used 11522K [0x000000077ae00000, 0x000000077c580000, 0x0000000780000000)
  object space 24064K, 47% used [0x000000077ae00000,0x000000077b940ba0,0x000000077c580000)
}
Event: 24,888 GC heap before
{Heap before GC invocations=27 (full 4):
 PSYoungGen      total 466432K, used 384148K [0x00000007d5500000, 0x0000000800000000, 0x0000000800000000)
  eden space 233472K, 100% used [0x00000007d5500000,0x00000007e3900000,0x00000007e3900000)
  from space 232960K, 64% used [0x00000007f1c80000,0x00000007fafa51c0,0x0000000800000000)
  to   space 232960K, 0% used [0x00000007e3900000,0x00000007e3900000,0x00000007f1c80000)
 ParOldGen       total 812032K, used 669726K [0x0000000780000000, 0x00000007b1900000, 0x00000007d5500000)
  object space 812032K, 82% used [0x0000000780000000,0x00000007a8e07a08,0x00000007b1900000)
 PSPermGen       total 24064K, used 11522K [0x000000077ae00000, 0x000000077c580000, 0x0000000780000000)
  object space 24064K, 47% used [0x000000077ae00000,0x000000077b940ba0,0x000000077c580000)
Event: 25,309 GC heap after
Heap after GC invocations=27 (full 4):
 PSYoungGen      total 466432K, used 96276K [0x00000007d5500000, 0x0000000800000000, 0x0000000800000000)
  eden space 233472K, 0% used [0x00000007d5500000,0x00000007d5500000,0x00000007e3900000)
  from space 232960K, 41% used [0x00000007e3900000,0x00000007e97050e0,0x00000007f1c80000)
  to   space 232960K, 0% used [0x00000007f1c80000,0x00000007f1c80000,0x0000000800000000)
 ParOldGen       total 812032K, used 756005K [0x0000000780000000, 0x00000007b1900000, 0x00000007d5500000)
  object space 812032K, 93% used [0x0000000780000000,0x00000007ae249678,0x00000007b1900000)
 PSPermGen       total 24064K, used 11522K [0x000000077ae00000, 0x000000077c580000, 0x0000000780000000)
  object space 24064K, 47% used [0x000000077ae00000,0x000000077b940ba0,0x000000077c580000)
}
Event: 25,309 GC heap before
{Heap before GC invocations=28 (full 5):
 PSYoungGen      total 466432K, used 96276K [0x00000007d5500000, 0x0000000800000000, 0x0000000800000000)
  eden space 233472K, 0% used [0x00000007d5500000,0x00000007d5500000,0x00000007e3900000)
  from space 232960K, 41% used [0x00000007e3900000,0x00000007e97050e0,0x00000007f1c80000)
  to   space 232960K, 0% used [0x00000007f1c80000,0x00000007f1c80000,0x0000000800000000)
 ParOldGen       total 812032K, used 756005K [0x0000000780000000, 0x00000007b1900000, 0x00000007d5500000)
  object space 812032K, 93% used [0x0000000780000000,0x00000007ae249678,0x00000007b1900000)
 PSPermGen       total 24064K, used 11522K [0x000000077ae00000, 0x000000077c580000, 0x0000000780000000)
  object space 24064K, 47% used [0x000000077ae00000,0x000000077b940ba0,0x000000077c580000)

