# JRE version: Java(TM) SE Runtime Environment (7.0_80-b15) (build 1.7.0_80-b15)
# Java VM: Java HotSpot(TM) 64-Bit Server VM (24.80-b11 mixed mode linux-amd64 compressed oops)
Heap
 PSYoungGen      total 466432K, used 29534K [0x00000007d5500000, 0x0000000800000000, 0x0000000800000000)
  eden space 233472K, 0% used [0x00000007d5500000,0x00000007d5500000,0x00000007e3900000)
  from space 232960K, 12% used [0x00000007e3900000,0x00000007e55d7ab8,0x00000007f1c80000)
  to   space 232960K, 0% used [0x00000007f1c80000,0x00000007f1c80000,0x0000000800000000)
 ParOldGen       total 814080K, used 813599K [0x0000000780000000, 0x00000007b1b00000, 0x00000007d5500000)
  object space 814080K, 99% used [0x0000000780000000,0x00000007b1a87ee8,0x00000007b1b00000)
 PSPermGen       total 24064K, used 11522K [0x000000077ae00000, 0x000000077c580000, 0x0000000780000000)
  object space 24064K, 47% used [0x000000077ae00000,0x000000077b940b08,0x000000077c580000)
GC Heap History (10 events):
Event: 22,827 GC heap after
Heap after GC invocations=23 (full 4):
 PSYoungGen      total 514048K, used 154516K [0x00000007d5500000, 0x0000000800000000, 0x0000000800000000)
  eden space 359424K, 0% used [0x00000007d5500000,0x00000007d5500000,0x00000007eb400000)
  from space 154624K, 99% used [0x00000007eb400000,0x00000007f4ae5170,0x00000007f4b00000)
  to   space 185344K, 0% used [0x00000007f4b00000,0x00000007f4b00000,0x0000000800000000)
 ParOldGen       total 814080K, used 551477K [0x0000000780000000, 0x00000007b1b00000, 0x00000007d5500000)
  object space 814080K, 67% used [0x0000000780000000,0x00000007a1a8d5c0,0x00000007b1b00000)
 PSPermGen       total 24064K, used 11522K [0x000000077ae00000, 0x000000077c580000, 0x0000000780000000)
  object space 24064K, 47% used [0x000000077ae00000,0x000000077b940b68,0x000000077c580000)
}
Event: 23,288 GC heap before
{Heap before GC invocations=24 (full 4):
 PSYoungGen      total 514048K, used 513940K [0x00000007d5500000, 0x0000000800000000, 0x0000000800000000)
  eden space 359424K, 100% used [0x00000007d5500000,0x00000007eb400000,0x00000007eb400000)
  from space 154624K, 99% used [0x00000007eb400000,0x00000007f4ae5170,0x00000007f4b00000)
  to   space 185344K, 0% used [0x00000007f4b00000,0x00000007f4b00000,0x0000000800000000)
 ParOldGen       total 814080K, used 551477K [0x0000000780000000, 0x00000007b1b00000, 0x00000007d5500000)
  object space 814080K, 67% used [0x0000000780000000,0x00000007a1a8d5c0,0x00000007b1b00000)
 PSPermGen       total 24064K, used 11522K [0x000000077ae00000, 0x000000077c580000, 0x0000000780000000)
  object space 24064K, 47% used [0x000000077ae00000,0x000000077b940b68,0x000000077c580000)
Event: 23,632 GC heap after
Heap after GC invocations=24 (full 4):
 PSYoungGen      total 437248K, used 185332K [0x00000007d5500000, 0x0000000800000000, 0x0000000800000000)
  eden space 251904K, 0% used [0x00000007d5500000,0x00000007d5500000,0x00000007e4b00000)
  from space 185344K, 99% used [0x00000007f4b00000,0x00000007ffffd2c0,0x0000000800000000)
  to   space 223744K, 0% used [0x00000007e4b00000,0x00000007e4b00000,0x00000007f2580000)
 ParOldGen       total 814080K, used 568357K [0x0000000780000000, 0x00000007b1b00000, 0x00000007d5500000)
  object space 814080K, 69% used [0x0000000780000000,0x00000007a2b095e0,0x00000007b1b00000)
 PSPermGen       total 24064K, used 11522K [0x000000077ae00000, 0x000000077c580000, 0x0000000780000000)
  object space 24064K, 47% used [0x000000077ae00000,0x000000077b940b68,0x000000077c580000)
}
Event: 23,985 GC heap before
{Heap before GC invocations=25 (full 4):
 PSYoungGen      total 437248K, used 437236K [0x00000007d5500000, 0x0000000800000000, 0x0000000800000000)
  eden space 251904K, 100% used [0x00000007d5500000,0x00000007e4b00000,0x00000007e4b00000)
  from space 185344K, 99% used [0x00000007f4b00000,0x00000007ffffd2c0,0x0000000800000000)
  to   space 223744K, 0% used [0x00000007e4b00000,0x00000007e4b00000,0x00000007f2580000)
 ParOldGen       total 814080K, used 568357K [0x0000000780000000, 0x00000007b1b00000, 0x00000007d5500000)
  object space 814080K, 69% used [0x0000000780000000,0x00000007a2b095e0,0x00000007b1b00000)
 PSPermGen       total 24064K, used 11522K [0x000000077ae00000, 0x000000077c580000, 0x0000000780000000)
  object space 24064K, 47% used [0x000000077ae00000,0x000000077b940b68,0x000000077c580000)
Event: 24,364 GC heap after
Heap after GC invocations=25 (full 4):
 PSYoungGen      total 460288K, used 207988K [0x00000007d5500000, 0x0000000800000000, 0x0000000800000000)
  eden space 251904K, 0% used [0x00000007d5500000,0x00000007d5500000,0x00000007e4b00000)
  from space 208384K, 99% used [0x00000007e4b00000,0x00000007f161d320,0x00000007f1680000)
  to   space 232960K, 0% used [0x00000007f1c80000,0x00000007f1c80000,0x0000000800000000)
 ParOldGen       total 814080K, used 577097K [0x0000000780000000, 0x00000007b1b00000, 0x00000007d5500000)
  object space 814080K, 70% used [0x0000000780000000,0x00000007a3392600,0x00000007b1b00000)
 PSPermGen       total 24064K, used 11522K [0x000000077ae00000, 0x000000077c580000, 0x0000000780000000)
  object space 24064K, 47% used [0x000000077ae00000,0x000000077b940b68,0x000000077c580000)
}
Event: 24,732 GC heap before
{Heap before GC invocations=26 (full 4):
 PSYoungGen      total 460288K, used 459892K [0x00000007d5500000, 0x0000000800000000, 0x0000000800000000)
  eden space 251904K, 100% used [0x00000007d5500000,0x00000007e4b00000,0x00000007e4b00000)
  from space 208384K, 99% used [0x00000007e4b00000,0x00000007f161d320,0x00000007f1680000)
  to   space 232960K, 0% used [0x00000007f1c80000,0x00000007f1c80000,0x0000000800000000)
 ParOldGen       total 814080K, used 577097K [0x0000000780000000, 0x00000007b1b00000, 0x00000007d5500000)
  object space 814080K, 70% used [0x0000000780000000,0x00000007a3392600,0x00000007b1b00000)
 PSPermGen       total 24064K, used 11522K [0x000000077ae00000, 0x000000077c580000, 0x0000000780000000)
  object space 24064K, 47% used [0x000000077ae00000,0x000000077b940b68,0x000000077c580000)
Event: 25,234 GC heap after
Heap after GC invocations=26 (full 4):
 PSYoungGen      total 466432K, used 153300K [0x00000007d5500000, 0x0000000800000000, 0x0000000800000000)
  eden space 233472K, 0% used [0x00000007d5500000,0x00000007d5500000,0x00000007e3900000)
  from space 232960K, 65% used [0x00000007f1c80000,0x00000007fb235280,0x0000000800000000)
  to   space 232960K, 0% used [0x00000007e3900000,0x00000007e3900000,0x00000007f1c80000)
 ParOldGen       total 814080K, used 665569K [0x0000000780000000, 0x00000007b1b00000, 0x00000007d5500000)
  object space 814080K, 81% used [0x0000000780000000,0x00000007a89f8440,0x00000007b1b00000)
 PSPermGen       total 24064K, used 11522K [0x000000077ae00000, 0x000000077c580000, 0x0000000780000000)
  object space 24064K, 47% used [0x000000077ae00000,0x000000077b940b68,0x000000077c580000)
}
Event: 25,507 GC heap before
{Heap before GC invocations=27 (full 4):
 PSYoungGen      total 466432K, used 386772K [0x00000007d5500000, 0x0000000800000000, 0x0000000800000000)
  eden space 233472K, 100% used [0x00000007d5500000,0x00000007e3900000,0x00000007e3900000)
  from space 232960K, 65% used [0x00000007f1c80000,0x00000007fb235280,0x0000000800000000)
  to   space 232960K, 0% used [0x00000007e3900000,0x00000007e3900000,0x00000007f1c80000)
 ParOldGen       total 814080K, used 665569K [0x0000000780000000, 0x00000007b1b00000, 0x00000007d5500000)
  object space 814080K, 81% used [0x0000000780000000,0x00000007a89f8440,0x00000007b1b00000)
 PSPermGen       total 24064K, used 11522K [0x000000077ae00000, 0x000000077c580000, 0x0000000780000000)
  object space 24064K, 47% used [0x000000077ae00000,0x000000077b940b68,0x000000077c580000)
Event: 25,863 GC heap after
Heap after GC invocations=27 (full 4):
 PSYoungGen      total 466432K, used 97248K [0x00000007d5500000, 0x0000000800000000, 0x0000000800000000)
  eden space 233472K, 0% used [0x00000007d5500000,0x00000007d5500000,0x00000007e3900000)
  from space 232960K, 41% used [0x00000007e3900000,0x00000007e97f8280,0x00000007f1c80000)
  to   space 232960K, 0% used [0x00000007f1c80000,0x00000007f1c80000,0x0000000800000000)
 ParOldGen       total 814080K, used 753924K [0x0000000780000000, 0x00000007b1b00000, 0x00000007d5500000)
  object space 814080K, 92% used [0x0000000780000000,0x00000007ae0411b0,0x00000007b1b00000)
 PSPermGen       total 24064K, used 11522K [0x000000077ae00000, 0x000000077c580000, 0x0000000780000000)
  object space 24064K, 47% used [0x000000077ae00000,0x000000077b940b68,0x000000077c580000)
}
Event: 25,863 GC heap before
{Heap before GC invocations=28 (full 5):
 PSYoungGen      total 466432K, used 97248K [0x00000007d5500000, 0x0000000800000000, 0x0000000800000000)
  eden space 233472K, 0% used [0x00000007d5500000,0x00000007d5500000,0x00000007e3900000)
  from space 232960K, 41% used [0x00000007e3900000,0x00000007e97f8280,0x00000007f1c80000)
  to   space 232960K, 0% used [0x00000007f1c80000,0x00000007f1c80000,0x0000000800000000)
 ParOldGen       total 814080K, used 753924K [0x0000000780000000, 0x00000007b1b00000, 0x00000007d5500000)
  object space 814080K, 92% used [0x0000000780000000,0x00000007ae0411b0,0x00000007b1b00000)
 PSPermGen       total 24064K, used 11522K [0x000000077ae00000, 0x000000077c580000, 0x0000000780000000)
  object space 24064K, 47% used [0x000000077ae00000,0x000000077b940b68,0x000000077c580000)

