# JRE version: Java(TM) SE Runtime Environment (7.0_80-b15) (build 1.7.0_80-b15)
# Java VM: Java HotSpot(TM) 64-Bit Server VM (24.80-b11 mixed mode linux-amd64 compressed oops)
Heap
 PSYoungGen      total 466432K, used 5524K [0x00000007d5500000, 0x0000000800000000, 0x0000000800000000)
  eden space 233472K, 0% used [0x00000007d5500000,0x00000007d5500000,0x00000007e3900000)
  from space 232960K, 2% used [0x00000007f1c80000,0x00000007f21e5248,0x0000000800000000)
  to   space 232960K, 0% used [0x00000007e3900000,0x00000007e3900000,0x00000007f1c80000)
 ParOldGen       total 969216K, used 968863K [0x0000000780000000, 0x00000007bb280000, 0x00000007d5500000)
  object space 969216K, 99% used [0x0000000780000000,0x00000007bb227d78,0x00000007bb280000)
 PSPermGen       total 23040K, used 11521K [0x000000077ae00000, 0x000000077c480000, 0x0000000780000000)
  object space 23040K, 50% used [0x000000077ae00000,0x000000077b940778,0x000000077c480000)
GC Heap History (10 events):
Event: 30,307 GC heap after
Heap after GC invocations=31 (full 5):
 PSYoungGen      total 459776K, used 159025K [0x00000007d5500000, 0x0000000800000000, 0x0000000800000000)
  eden space 247808K, 0% used [0x00000007d5500000,0x00000007d5500000,0x00000007e4700000)
  from space 211968K, 75% used [0x00000007f2b80000,0x00000007fc6cc430,0x00000007ffa80000)
  to   space 225792K, 0% used [0x00000007e4700000,0x00000007e4700000,0x00000007f2380000)
 ParOldGen       total 969216K, used 701068K [0x0000000780000000, 0x00000007bb280000, 0x00000007d5500000)
  object space 969216K, 72% used [0x0000000780000000,0x00000007aaca3030,0x00000007bb280000)
 PSPermGen       total 23040K, used 11521K [0x000000077ae00000, 0x000000077c480000, 0x0000000780000000)
  object space 23040K, 50% used [0x000000077ae00000,0x000000077b940670,0x000000077c480000)
}
Event: 30,661 GC heap before
{Heap before GC invocations=32 (full 5):
 PSYoungGen      total 459776K, used 406833K [0x00000007d5500000, 0x0000000800000000, 0x0000000800000000)
  eden space 247808K, 100% used [0x00000007d5500000,0x00000007e4700000,0x00000007e4700000)
  from space 211968K, 75% used [0x00000007f2b80000,0x00000007fc6cc430,0x00000007ffa80000)
  to   space 225792K, 0% used [0x00000007e4700000,0x00000007e4700000,0x00000007f2380000)
 ParOldGen       total 969216K, used 701068K [0x0000000780000000, 0x00000007bb280000, 0x00000007d5500000)
  object space 969216K, 72% used [0x0000000780000000,0x00000007aaca3030,0x00000007bb280000)
 PSPermGen       total 23040K, used 11521K [0x000000077ae00000, 0x000000077c480000, 0x0000000780000000)
  object space 23040K, 50% used [0x000000077ae00000,0x000000077b940670,0x000000077c480000)
Event: 30,951 GC heap after
Heap after GC invocations=32 (full 5):
 PSYoungGen      total 440832K, used 192740K [0x00000007d5500000, 0x0000000800000000, 0x0000000800000000)
  eden space 247808K, 0% used [0x00000007d5500000,0x00000007d5500000,0x00000007e4700000)
  from space 193024K, 99% used [0x00000007e4700000,0x00000007f03392e0,0x00000007f0380000)
  to   space 232960K, 0% used [0x00000007f1c80000,0x00000007f1c80000,0x0000000800000000)
 ParOldGen       total 969216K, used 701068K [0x0000000780000000, 0x00000007bb280000, 0x00000007d5500000)
  object space 969216K, 72% used [0x0000000780000000,0x00000007aaca3030,0x00000007bb280000)
 PSPermGen       total 23040K, used 11521K [0x000000077ae00000, 0x000000077c480000, 0x0000000780000000)
  object space 23040K, 50% used [0x000000077ae00000,0x000000077b940670,0x000000077c480000)
}
Event: 31,268 GC heap before
{Heap before GC invocations=33 (full 5):
 PSYoungGen      total 440832K, used 440548K [0x00000007d5500000, 0x0000000800000000, 0x0000000800000000)
  eden space 247808K, 100% used [0x00000007d5500000,0x00000007e4700000,0x00000007e4700000)
  from space 193024K, 99% used [0x00000007e4700000,0x00000007f03392e0,0x00000007f0380000)
  to   space 232960K, 0% used [0x00000007f1c80000,0x00000007f1c80000,0x0000000800000000)
 ParOldGen       total 969216K, used 701068K [0x0000000780000000, 0x00000007bb280000, 0x00000007d5500000)
  object space 969216K, 72% used [0x0000000780000000,0x00000007aaca3030,0x00000007bb280000)
 PSPermGen       total 23040K, used 11521K [0x000000077ae00000, 0x000000077c480000, 0x0000000780000000)
  object space 23040K, 50% used [0x000000077ae00000,0x000000077b940778,0x000000077c480000)
Event: 31,642 GC heap after
Heap after GC invocations=33 (full 5):
 PSYoungGen      total 466432K, used 162836K [0x00000007d5500000, 0x0000000800000000, 0x0000000800000000)
  eden space 233472K, 0% used [0x00000007d5500000,0x00000007d5500000,0x00000007e3900000)
  from space 232960K, 69% used [0x00000007f1c80000,0x00000007fbb85230,0x0000000800000000)
  to   space 232960K, 0% used [0x00000007e3900000,0x00000007e3900000,0x00000007f1c80000)
 ParOldGen       total 969216K, used 761637K [0x0000000780000000, 0x00000007bb280000, 0x00000007d5500000)
  object space 969216K, 78% used [0x0000000780000000,0x00000007ae7c97e0,0x00000007bb280000)
 PSPermGen       total 23040K, used 11521K [0x000000077ae00000, 0x000000077c480000, 0x0000000780000000)
  object space 23040K, 50% used [0x000000077ae00000,0x000000077b940778,0x000000077c480000)
}
Event: 32,009 GC heap before
{Heap before GC invocations=34 (full 5):
 PSYoungGen      total 466432K, used 396308K [0x00000007d5500000, 0x0000000800000000, 0x0000000800000000)
  eden space 233472K, 100% used [0x00000007d5500000,0x00000007e3900000,0x00000007e3900000)
  from space 232960K, 69% used [0x00000007f1c80000,0x00000007fbb85230,0x0000000800000000)
  to   space 232960K, 0% used [0x00000007e3900000,0x00000007e3900000,0x00000007f1c80000)
 ParOldGen       total 969216K, used 761637K [0x0000000780000000, 0x00000007bb280000, 0x00000007d5500000)
  object space 969216K, 78% used [0x0000000780000000,0x00000007ae7c97e0,0x00000007bb280000)
 PSPermGen       total 23040K, used 11521K [0x000000077ae00000, 0x000000077c480000, 0x0000000780000000)
  object space 23040K, 50% used [0x000000077ae00000,0x000000077b940778,0x000000077c480000)
Event: 32,316 GC heap after
Heap after GC invocations=34 (full 5):
 PSYoungGen      total 466432K, used 127044K [0x00000007d5500000, 0x0000000800000000, 0x0000000800000000)
  eden space 233472K, 0% used [0x00000007d5500000,0x00000007d5500000,0x00000007e3900000)
  from space 232960K, 54% used [0x00000007e3900000,0x00000007eb5111a0,0x00000007f1c80000)
  to   space 232960K, 0% used [0x00000007f1c80000,0x00000007f1c80000,0x0000000800000000)
 ParOldGen       total 969216K, used 825980K [0x0000000780000000, 0x00000007bb280000, 0x00000007d5500000)
  object space 969216K, 85% used [0x0000000780000000,0x00000007b269f030,0x00000007bb280000)
 PSPermGen       total 23040K, used 11521K [0x000000077ae00000, 0x000000077c480000, 0x0000000780000000)
  object space 23040K, 50% used [0x000000077ae00000,0x000000077b940778,0x000000077c480000)
}
Event: 32,698 GC heap before
{Heap before GC invocations=35 (full 5):
 PSYoungGen      total 466432K, used 360516K [0x00000007d5500000, 0x0000000800000000, 0x0000000800000000)
  eden space 233472K, 100% used [0x00000007d5500000,0x00000007e3900000,0x00000007e3900000)
  from space 232960K, 54% used [0x00000007e3900000,0x00000007eb5111a0,0x00000007f1c80000)
  to   space 232960K, 0% used [0x00000007f1c80000,0x00000007f1c80000,0x0000000800000000)
 ParOldGen       total 969216K, used 825980K [0x0000000780000000, 0x00000007bb280000, 0x00000007d5500000)
  object space 969216K, 85% used [0x0000000780000000,0x00000007b269f030,0x00000007bb280000)
 PSPermGen       total 23040K, used 11521K [0x000000077ae00000, 0x000000077c480000, 0x0000000780000000)
  object space 23040K, 50% used [0x000000077ae00000,0x000000077b940778,0x000000077c480000)
Event: 32,998 GC heap after
Heap after GC invocations=35 (full 5):
 PSYoungGen      total 466432K, used 88532K [0x00000007d5500000, 0x0000000800000000, 0x0000000800000000)
  eden space 233472K, 0% used [0x00000007d5500000,0x00000007d5500000,0x00000007e3900000)
  from space 232960K, 38% used [0x00000007f1c80000,0x00000007f72f5000,0x0000000800000000)
  to   space 232960K, 0% used [0x00000007e3900000,0x00000007e3900000,0x00000007f1c80000)
 ParOldGen       total 969216K, used 894010K [0x0000000780000000, 0x00000007bb280000, 0x00000007d5500000)
  object space 969216K, 92% used [0x0000000780000000,0x00000007b690e9a0,0x00000007bb280000)
 PSPermGen       total 23040K, used 11521K [0x000000077ae00000, 0x000000077c480000, 0x0000000780000000)
  object space 23040K, 50% used [0x000000077ae00000,0x000000077b940778,0x000000077c480000)
}
Event: 32,999 GC heap before
{Heap before GC invocations=36 (full 6):
 PSYoungGen      total 466432K, used 88532K [0x00000007d5500000, 0x0000000800000000, 0x0000000800000000)
  eden space 233472K, 0% used [0x00000007d5500000,0x00000007d5500000,0x00000007e3900000)
  from space 232960K, 38% used [0x00000007f1c80000,0x00000007f72f5000,0x0000000800000000)
  to   space 232960K, 0% used [0x00000007e3900000,0x00000007e3900000,0x00000007f1c80000)
 ParOldGen       total 969216K, used 894010K [0x0000000780000000, 0x00000007bb280000, 0x00000007d5500000)
  object space 969216K, 92% used [0x0000000780000000,0x00000007b690e9a0,0x00000007bb280000)
 PSPermGen       total 23040K, used 11521K [0x000000077ae00000, 0x000000077c480000, 0x0000000780000000)
  object space 23040K, 50% used [0x000000077ae00000,0x000000077b940778,0x000000077c480000)

