# JRE version: Java(TM) SE Runtime Environment (7.0_80-b15) (build 1.7.0_80-b15)
# Java VM: Java HotSpot(TM) 64-Bit Server VM (24.80-b11 mixed mode linux-amd64 compressed oops)
Heap
 PSYoungGen      total 466432K, used 28155K [0x00000007d5500000, 0x0000000800000000, 0x0000000800000000)
  eden space 233472K, 0% used [0x00000007d5500000,0x00000007d5500000,0x00000007e3900000)
  from space 232960K, 12% used [0x00000007e3900000,0x00000007e547ec88,0x00000007f1c80000)
  to   space 232960K, 0% used [0x00000007f1c80000,0x00000007f1c80000,0x0000000800000000)
 ParOldGen       total 816128K, used 816050K [0x0000000780000000, 0x00000007b1d00000, 0x00000007d5500000)
  object space 816128K, 99% used [0x0000000780000000,0x00000007b1cecaa8,0x00000007b1d00000)
 PSPermGen       total 24064K, used 11578K [0x000000077ae00000, 0x000000077c580000, 0x0000000780000000)
  object space 24064K, 48% used [0x000000077ae00000,0x000000077b94eb08,0x000000077c580000)
GC Heap History (10 events):
Event: 23,842 GC heap after
Heap after GC invocations=23 (full 4):
 PSYoungGen      total 513536K, used 152660K [0x00000007d5500000, 0x0000000800000000, 0x0000000800000000)
  eden space 360448K, 0% used [0x00000007d5500000,0x00000007d5500000,0x00000007eb500000)
  from space 153088K, 99% used [0x00000007eb500000,0x00000007f4a151a0,0x00000007f4a80000)
  to   space 185856K, 0% used [0x00000007f4a80000,0x00000007f4a80000,0x0000000800000000)
 ParOldGen       total 816128K, used 553875K [0x0000000780000000, 0x00000007b1d00000, 0x00000007d5500000)
  object space 816128K, 67% used [0x0000000780000000,0x00000007a1ce4f58,0x00000007b1d00000)
 PSPermGen       total 24064K, used 11578K [0x000000077ae00000, 0x000000077c580000, 0x0000000780000000)
  object space 24064K, 48% used [0x000000077ae00000,0x000000077b94e970,0x000000077c580000)
}
Event: 24,267 GC heap before
{Heap before GC invocations=24 (full 4):
 PSYoungGen      total 513536K, used 513108K [0x00000007d5500000, 0x0000000800000000, 0x0000000800000000)
  eden space 360448K, 100% used [0x00000007d5500000,0x00000007eb500000,0x00000007eb500000)
  from space 153088K, 99% used [0x00000007eb500000,0x00000007f4a151a0,0x00000007f4a80000)
  to   space 185856K, 0% used [0x00000007f4a80000,0x00000007f4a80000,0x0000000800000000)
 ParOldGen       total 816128K, used 553875K [0x0000000780000000, 0x00000007b1d00000, 0x00000007d5500000)
  object space 816128K, 67% used [0x0000000780000000,0x00000007a1ce4f58,0x00000007b1d00000)
 PSPermGen       total 24064K, used 11578K [0x000000077ae00000, 0x000000077c580000, 0x0000000780000000)
  object space 24064K, 48% used [0x000000077ae00000,0x000000077b94e970,0x000000077c580000)
Event: 24,622 GC heap after
Heap after GC invocations=24 (full 4):
 PSYoungGen      total 439808K, used 185828K [0x00000007d5500000, 0x0000000800000000, 0x0000000800000000)
  eden space 253952K, 0% used [0x00000007d5500000,0x00000007d5500000,0x00000007e4d00000)
  from space 185856K, 99% used [0x00000007f4a80000,0x00000007ffff9290,0x0000000800000000)
  to   space 222720K, 0% used [0x00000007e4d00000,0x00000007e4d00000,0x00000007f2680000)
 ParOldGen       total 816128K, used 568787K [0x0000000780000000, 0x00000007b1d00000, 0x00000007d5500000)
  object space 816128K, 69% used [0x0000000780000000,0x00000007a2b74f58,0x00000007b1d00000)
 PSPermGen       total 24064K, used 11578K [0x000000077ae00000, 0x000000077c580000, 0x0000000780000000)
  object space 24064K, 48% used [0x000000077ae00000,0x000000077b94e970,0x000000077c580000)
}
Event: 24,924 GC heap before
{Heap before GC invocations=25 (full 4):
 PSYoungGen      total 439808K, used 439780K [0x00000007d5500000, 0x0000000800000000, 0x0000000800000000)
  eden space 253952K, 100% used [0x00000007d5500000,0x00000007e4d00000,0x00000007e4d00000)
  from space 185856K, 99% used [0x00000007f4a80000,0x00000007ffff9290,0x0000000800000000)
  to   space 222720K, 0% used [0x00000007e4d00000,0x00000007e4d00000,0x00000007f2680000)
 ParOldGen       total 816128K, used 568787K [0x0000000780000000, 0x00000007b1d00000, 0x00000007d5500000)
  object space 816128K, 69% used [0x0000000780000000,0x00000007a2b74f58,0x00000007b1d00000)
 PSPermGen       total 24064K, used 11578K [0x000000077ae00000, 0x000000077c580000, 0x0000000780000000)
  object space 24064K, 48% used [0x000000077ae00000,0x000000077b94e970,0x000000077c580000)
Event: 25,281 GC heap after
Heap after GC invocations=25 (full 4):
 PSYoungGen      total 462336K, used 207873K [0x00000007d5500000, 0x0000000800000000, 0x0000000800000000)
  eden space 253952K, 0% used [0x00000007d5500000,0x00000007d5500000,0x00000007e4d00000)
  from space 208384K, 99% used [0x00000007e4d00000,0x00000007f1800560,0x00000007f1880000)
  to   space 232960K, 0% used [0x00000007f1c80000,0x00000007f1c80000,0x0000000800000000)
 ParOldGen       total 816128K, used 578355K [0x0000000780000000, 0x00000007b1d00000, 0x00000007d5500000)
  object space 816128K, 70% used [0x0000000780000000,0x00000007a34ccf78,0x00000007b1d00000)
 PSPermGen       total 24064K, used 11578K [0x000000077ae00000, 0x000000077c580000, 0x0000000780000000)
  object space 24064K, 48% used [0x000000077ae00000,0x000000077b94e970,0x000000077c580000)
}
Event: 25,595 GC heap before
{Heap before GC invocations=26 (full 4):
 PSYoungGen      total 462336K, used 461825K [0x00000007d5500000, 0x0000000800000000, 0x0000000800000000)
  eden space 253952K, 100% used [0x00000007d5500000,0x00000007e4d00000,0x00000007e4d00000)
  from space 208384K, 99% used [0x00000007e4d00000,0x00000007f1800560,0x00000007f1880000)
  to   space 232960K, 0% used [0x00000007f1c80000,0x00000007f1c80000,0x0000000800000000)
 ParOldGen       total 816128K, used 578355K [0x0000000780000000, 0x00000007b1d00000, 0x00000007d5500000)
  object space 816128K, 70% used [0x0000000780000000,0x00000007a34ccf78,0x00000007b1d00000)
 PSPermGen       total 24064K, used 11578K [0x000000077ae00000, 0x000000077c580000, 0x0000000780000000)
  object space 24064K, 48% used [0x000000077ae00000,0x000000077b94eba8,0x000000077c580000)
Event: 26,155 GC heap after
Heap after GC invocations=26 (full 4):
 PSYoungGen      total 466432K, used 154017K [0x00000007d5500000, 0x0000000800000000, 0x0000000800000000)
  eden space 233472K, 0% used [0x00000007d5500000,0x00000007d5500000,0x00000007e3900000)
  from space 232960K, 66% used [0x00000007f1c80000,0x00000007fb2e8410,0x0000000800000000)
  to   space 232960K, 0% used [0x00000007e3900000,0x00000007e3900000,0x00000007f1c80000)
 ParOldGen       total 816128K, used 666331K [0x0000000780000000, 0x00000007b1d00000, 0x00000007d5500000)
  object space 816128K, 81% used [0x0000000780000000,0x00000007a8ab6e28,0x00000007b1d00000)
 PSPermGen       total 24064K, used 11578K [0x000000077ae00000, 0x000000077c580000, 0x0000000780000000)
  object space 24064K, 48% used [0x000000077ae00000,0x000000077b94eba8,0x000000077c580000)
}
Event: 26,425 GC heap before
{Heap before GC invocations=27 (full 4):
 PSYoungGen      total 466432K, used 387489K [0x00000007d5500000, 0x0000000800000000, 0x0000000800000000)
  eden space 233472K, 100% used [0x00000007d5500000,0x00000007e3900000,0x00000007e3900000)
  from space 232960K, 66% used [0x00000007f1c80000,0x00000007fb2e8410,0x0000000800000000)
  to   space 232960K, 0% used [0x00000007e3900000,0x00000007e3900000,0x00000007f1c80000)
 ParOldGen       total 816128K, used 666331K [0x0000000780000000, 0x00000007b1d00000, 0x00000007d5500000)
  object space 816128K, 81% used [0x0000000780000000,0x00000007a8ab6e28,0x00000007b1d00000)
 PSPermGen       total 24064K, used 11578K [0x000000077ae00000, 0x000000077c580000, 0x0000000780000000)
  object space 24064K, 48% used [0x000000077ae00000,0x000000077b94eba8,0x000000077c580000)
Event: 26,822 GC heap after
Heap after GC invocations=27 (full 4):
 PSYoungGen      total 466432K, used 97364K [0x00000007d5500000, 0x0000000800000000, 0x0000000800000000)
  eden space 233472K, 0% used [0x00000007d5500000,0x00000007d5500000,0x00000007e3900000)
  from space 232960K, 41% used [0x00000007e3900000,0x00000007e98150e0,0x00000007f1c80000)
  to   space 232960K, 0% used [0x00000007f1c80000,0x00000007f1c80000,0x0000000800000000)
 ParOldGen       total 816128K, used 754847K [0x0000000780000000, 0x00000007b1d00000, 0x00000007d5500000)
  object space 816128K, 92% used [0x0000000780000000,0x00000007ae127c08,0x00000007b1d00000)
 PSPermGen       total 24064K, used 11578K [0x000000077ae00000, 0x000000077c580000, 0x0000000780000000)
  object space 24064K, 48% used [0x000000077ae00000,0x000000077b94eba8,0x000000077c580000)
}
Event: 26,822 GC heap before
{Heap before GC invocations=28 (full 5):
 PSYoungGen      total 466432K, used 97364K [0x00000007d5500000, 0x0000000800000000, 0x0000000800000000)
  eden space 233472K, 0% used [0x00000007d5500000,0x00000007d5500000,0x00000007e3900000)
  from space 232960K, 41% used [0x00000007e3900000,0x00000007e98150e0,0x00000007f1c80000)
  to   space 232960K, 0% used [0x00000007f1c80000,0x00000007f1c80000,0x0000000800000000)
 ParOldGen       total 816128K, used 754847K [0x0000000780000000, 0x00000007b1d00000, 0x00000007d5500000)
  object space 816128K, 92% used [0x0000000780000000,0x00000007ae127c08,0x00000007b1d00000)
 PSPermGen       total 24064K, used 11578K [0x000000077ae00000, 0x000000077c580000, 0x0000000780000000)
  object space 24064K, 48% used [0x000000077ae00000,0x000000077b94eba8,0x000000077c580000)

