# JRE version: Java(TM) SE Runtime Environment (7.0_80-b15) (build 1.7.0_80-b15)
# Java VM: Java HotSpot(TM) 64-Bit Server VM (24.80-b11 mixed mode linux-amd64 compressed oops)
Heap
 PSYoungGen      total 460288K, used 0K [0x00000007d5500000, 0x0000000800000000, 0x0000000800000000)
  eden space 227328K, 0% used [0x00000007d5500000,0x00000007d5500000,0x00000007e3300000)
  from space 232960K, 0% used [0x00000007e3300000,0x00000007e3300000,0x00000007f1680000)
  to   space 232960K, 0% used [0x00000007f1c80000,0x00000007f1c80000,0x0000000800000000)
 ParOldGen       total 1029120K, used 865247K [0x0000000780000000, 0x00000007bed00000, 0x00000007d5500000)
  object space 1029120K, 84% used [0x0000000780000000,0x00000007b4cf7f58,0x00000007bed00000)
 PSPermGen       total 21504K, used 12102K [0x000000077ae00000, 0x000000077c300000, 0x0000000780000000)
  object space 21504K, 56% used [0x000000077ae00000,0x000000077b9d1a98,0x000000077c300000)
GC Heap History (10 events):
Event: 79,996 GC heap after
Heap after GC invocations=42 (full 6):
 PSYoungGen      total 466432K, used 101536K [0x00000007d5500000, 0x0000000800000000, 0x0000000800000000)
  eden space 233472K, 0% used [0x00000007d5500000,0x00000007d5500000,0x00000007e3900000)
  from space 232960K, 43% used [0x00000007f1c80000,0x00000007f7fa8050,0x0000000800000000)
  to   space 232960K, 0% used [0x00000007e3900000,0x00000007e3900000,0x00000007f1c80000)
 ParOldGen       total 591872K, used 526623K [0x0000000780000000, 0x00000007a4200000, 0x00000007d5500000)
  object space 591872K, 88% used [0x0000000780000000,0x00000007a0247f20,0x00000007a4200000)
 PSPermGen       total 22528K, used 12100K [0x000000077ae00000, 0x000000077c400000, 0x0000000780000000)
  object space 22528K, 53% used [0x000000077ae00000,0x000000077b9d12b8,0x000000077c400000)
}
Event: 79,996 GC heap before
{Heap before GC invocations=43 (full 7):
 PSYoungGen      total 466432K, used 101536K [0x00000007d5500000, 0x0000000800000000, 0x0000000800000000)
  eden space 233472K, 0% used [0x00000007d5500000,0x00000007d5500000,0x00000007e3900000)
  from space 232960K, 43% used [0x00000007f1c80000,0x00000007f7fa8050,0x0000000800000000)
  to   space 232960K, 0% used [0x00000007e3900000,0x00000007e3900000,0x00000007f1c80000)
 ParOldGen       total 591872K, used 526623K [0x0000000780000000, 0x00000007a4200000, 0x00000007d5500000)
  object space 591872K, 88% used [0x0000000780000000,0x00000007a0247f20,0x00000007a4200000)
 PSPermGen       total 22528K, used 12100K [0x000000077ae00000, 0x000000077c400000, 0x0000000780000000)
  object space 22528K, 53% used [0x000000077ae00000,0x000000077b9d12b8,0x000000077c400000)
Event: 83,450 GC heap after
Heap after GC invocations=43 (full 7):
 PSYoungGen      total 466432K, used 32860K [0x00000007d5500000, 0x0000000800000000, 0x0000000800000000)
  eden space 233472K, 0% used [0x00000007d5500000,0x00000007d5500000,0x00000007e3900000)
  from space 232960K, 14% used [0x00000007f1c80000,0x00000007f3c97098,0x0000000800000000)
  to   space 232960K, 0% used [0x00000007e3900000,0x00000007e3900000,0x00000007f1c80000)
 ParOldGen       total 1029120K, used 591816K [0x0000000780000000, 0x00000007bed00000, 0x00000007d5500000)
  object space 1029120K, 57% used [0x0000000780000000,0x00000007a41f2370,0x00000007bed00000)
 PSPermGen       total 21504K, used 12100K [0x000000077ae00000, 0x000000077c300000, 0x0000000780000000)
  object space 21504K, 56% used [0x000000077ae00000,0x000000077b9d11a0,0x000000077c300000)
}
Event: 89,806 GC heap before
{Heap before GC invocations=44 (full 7):
 PSYoungGen      total 466432K, used 266332K [0x00000007d5500000, 0x0000000800000000, 0x0000000800000000)
  eden space 233472K, 100% used [0x00000007d5500000,0x00000007e3900000,0x00000007e3900000)
  from space 232960K, 14% used [0x00000007f1c80000,0x00000007f3c97098,0x0000000800000000)
  to   space 232960K, 0% used [0x00000007e3900000,0x00000007e3900000,0x00000007f1c80000)
 ParOldGen       total 1029120K, used 591816K [0x0000000780000000, 0x00000007bed00000, 0x00000007d5500000)
  object space 1029120K, 57% used [0x0000000780000000,0x00000007a41f2370,0x00000007bed00000)
 PSPermGen       total 21504K, used 12102K [0x000000077ae00000, 0x000000077c300000, 0x0000000780000000)
  object space 21504K, 56% used [0x000000077ae00000,0x000000077b9d1838,0x000000077c300000)
Event: 90,200 GC heap after
Heap after GC invocations=44 (full 7):
 PSYoungGen      total 351744K, used 117808K [0x00000007d5500000, 0x00000007ff400000, 0x0000000800000000)
  eden space 233472K, 0% used [0x00000007d5500000,0x00000007d5500000,0x00000007e3900000)
  from space 118272K, 99% used [0x00000007e3900000,0x00000007eac0c0d0,0x00000007eac80000)
  to   space 226816K, 0% used [0x00000007f1680000,0x00000007f1680000,0x00000007ff400000)
 ParOldGen       total 1029120K, used 624688K [0x0000000780000000, 0x00000007bed00000, 0x00000007d5500000)
  object space 1029120K, 60% used [0x0000000780000000,0x00000007a620c370,0x00000007bed00000)
 PSPermGen       total 21504K, used 12102K [0x000000077ae00000, 0x000000077c300000, 0x0000000780000000)
  object space 21504K, 56% used [0x000000077ae00000,0x000000077b9d1838,0x000000077c300000)
}
Event: 95,547 GC heap before
{Heap before GC invocations=45 (full 7):
 PSYoungGen      total 351744K, used 351280K [0x00000007d5500000, 0x00000007ff400000, 0x0000000800000000)
  eden space 233472K, 100% used [0x00000007d5500000,0x00000007e3900000,0x00000007e3900000)
  from space 118272K, 99% used [0x00000007e3900000,0x00000007eac0c0d0,0x00000007eac80000)
  to   space 226816K, 0% used [0x00000007f1680000,0x00000007f1680000,0x00000007ff400000)
 ParOldGen       total 1029120K, used 624688K [0x0000000780000000, 0x00000007bed00000, 0x00000007d5500000)
  object space 1029120K, 60% used [0x0000000780000000,0x00000007a620c370,0x00000007bed00000)
 PSPermGen       total 21504K, used 12102K [0x000000077ae00000, 0x000000077c300000, 0x0000000780000000)
  object space 21504K, 56% used [0x000000077ae00000,0x000000077b9d1990,0x000000077c300000)
Event: 95,798 GC heap after
Heap after GC invocations=45 (full 7):
 PSYoungGen      total 454144K, used 226800K [0x00000007d5500000, 0x0000000800000000, 0x0000000800000000)
  eden space 227328K, 0% used [0x00000007d5500000,0x00000007d5500000,0x00000007e3300000)
  from space 226816K, 99% used [0x00000007f1680000,0x00000007ff3fc1f0,0x00000007ff400000)
  to   space 232960K, 0% used [0x00000007e3300000,0x00000007e3300000,0x00000007f1680000)
 ParOldGen       total 1029120K, used 630133K [0x0000000780000000, 0x00000007bed00000, 0x00000007d5500000)
  object space 1029120K, 61% used [0x0000000780000000,0x00000007a675d410,0x00000007bed00000)
 PSPermGen       total 21504K, used 12102K [0x000000077ae00000, 0x000000077c300000, 0x0000000780000000)
  object space 21504K, 56% used [0x000000077ae00000,0x000000077b9d1990,0x000000077c300000)
}
Event: 96,778 GC heap before
{Heap before GC invocations=46 (full 7):
 PSYoungGen      total 454144K, used 454128K [0x00000007d5500000, 0x0000000800000000, 0x0000000800000000)
  eden space 227328K, 100% used [0x00000007d5500000,0x00000007e3300000,0x00000007e3300000)
  from space 226816K, 99% used [0x00000007f1680000,0x00000007ff3fc1f0,0x00000007ff400000)
  to   space 232960K, 0% used [0x00000007e3300000,0x00000007e3300000,0x00000007f1680000)
 ParOldGen       total 1029120K, used 630133K [0x0000000780000000, 0x00000007bed00000, 0x00000007d5500000)
  object space 1029120K, 61% used [0x0000000780000000,0x00000007a675d410,0x00000007bed00000)
 PSPermGen       total 21504K, used 12102K [0x000000077ae00000, 0x000000077c300000, 0x0000000780000000)
  object space 21504K, 56% used [0x000000077ae00000,0x000000077b9d1a98,0x000000077c300000)
Event: 97,244 GC heap after
Heap after GC invocations=46 (full 7):
 PSYoungGen      total 460288K, used 64304K [0x00000007d5500000, 0x0000000800000000, 0x0000000800000000)
  eden space 227328K, 0% used [0x00000007d5500000,0x00000007d5500000,0x00000007e3300000)
  from space 232960K, 27% used [0x00000007e3300000,0x00000007e71cc180,0x00000007f1680000)
  to   space 232960K, 0% used [0x00000007f1c80000,0x00000007f1c80000,0x0000000800000000)
 ParOldGen       total 1029120K, used 856007K [0x0000000780000000, 0x00000007bed00000, 0x00000007d5500000)
  object space 1029120K, 83% used [0x0000000780000000,0x00000007b43f1de0,0x00000007bed00000)
 PSPermGen       total 21504K, used 12102K [0x000000077ae00000, 0x000000077c300000, 0x0000000780000000)
  object space 21504K, 56% used [0x000000077ae00000,0x000000077b9d1a98,0x000000077c300000)
}
Event: 97,244 GC heap before
{Heap before GC invocations=47 (full 8):
 PSYoungGen      total 460288K, used 64304K [0x00000007d5500000, 0x0000000800000000, 0x0000000800000000)
  eden space 227328K, 0% used [0x00000007d5500000,0x00000007d5500000,0x00000007e3300000)
  from space 232960K, 27% used [0x00000007e3300000,0x00000007e71cc180,0x00000007f1680000)
  to   space 232960K, 0% used [0x00000007f1c80000,0x00000007f1c80000,0x0000000800000000)
 ParOldGen       total 1029120K, used 856007K [0x0000000780000000, 0x00000007bed00000, 0x00000007d5500000)
  object space 1029120K, 83% used [0x0000000780000000,0x00000007b43f1de0,0x00000007bed00000)
 PSPermGen       total 21504K, used 12102K [0x000000077ae00000, 0x000000077c300000, 0x0000000780000000)
  object space 21504K, 56% used [0x000000077ae00000,0x000000077b9d1a98,0x000000077c300000)

