# JRE version: Java(TM) SE Runtime Environment (7.0_80-b15) (build 1.7.0_80-b15)
# Java VM: Java HotSpot(TM) 64-Bit Server VM (24.80-b11 mixed mode linux-amd64 compressed oops)
Heap
 PSYoungGen      total 466432K, used 0K [0x00000007d5500000, 0x0000000800000000, 0x0000000800000000)
  eden space 233472K, 0% used [0x00000007d5500000,0x00000007d5500000,0x00000007e3900000)
  from space 232960K, 0% used [0x00000007e3900000,0x00000007e3900000,0x00000007f1c80000)
  to   space 232960K, 0% used [0x00000007f1c80000,0x00000007f1c80000,0x0000000800000000)
 ParOldGen       total 683520K, used 651340K [0x0000000780000000, 0x00000007a9b80000, 0x00000007d5500000)
  object space 683520K, 95% used [0x0000000780000000,0x00000007a7c130d0,0x00000007a9b80000)
 PSPermGen       total 24064K, used 11494K [0x000000077ae00000, 0x000000077c580000, 0x0000000780000000)
  object space 24064K, 47% used [0x000000077ae00000,0x000000077b939aa0,0x000000077c580000)
GC Heap History (10 events):
Event: 16,168 GC heap after
Heap after GC invocations=21 (full 3):
 PSYoungGen      total 466432K, used 129732K [0x00000007d5500000, 0x0000000800000000, 0x0000000800000000)
  eden space 233472K, 0% used [0x00000007d5500000,0x00000007d5500000,0x00000007e3900000)
  from space 232960K, 55% used [0x00000007f1c80000,0x00000007f9b31200,0x0000000800000000)
  to   space 232960K, 0% used [0x00000007e3900000,0x00000007e3900000,0x00000007f1c80000)
 ParOldGen       total 459776K, used 444170K [0x0000000780000000, 0x000000079c100000, 0x00000007d5500000)
  object space 459776K, 96% used [0x0000000780000000,0x000000079b1c2b40,0x000000079c100000)
 PSPermGen       total 25088K, used 11494K [0x000000077ae00000, 0x000000077c680000, 0x0000000780000000)
  object space 25088K, 45% used [0x000000077ae00000,0x000000077b939b20,0x000000077c680000)
}
Event: 16,168 GC heap before
{Heap before GC invocations=22 (full 4):
 PSYoungGen      total 466432K, used 129732K [0x00000007d5500000, 0x0000000800000000, 0x0000000800000000)
  eden space 233472K, 0% used [0x00000007d5500000,0x00000007d5500000,0x00000007e3900000)
  from space 232960K, 55% used [0x00000007f1c80000,0x00000007f9b31200,0x0000000800000000)
  to   space 232960K, 0% used [0x00000007e3900000,0x00000007e3900000,0x00000007f1c80000)
 ParOldGen       total 459776K, used 444170K [0x0000000780000000, 0x000000079c100000, 0x00000007d5500000)
  object space 459776K, 96% used [0x0000000780000000,0x000000079b1c2b40,0x000000079c100000)
 PSPermGen       total 25088K, used 11494K [0x000000077ae00000, 0x000000077c680000, 0x0000000780000000)
  object space 25088K, 45% used [0x000000077ae00000,0x000000077b939b20,0x000000077c680000)
Event: 21,015 GC heap after
Heap after GC invocations=22 (full 4):
 PSYoungGen      total 466432K, used 108340K [0x00000007d5500000, 0x0000000800000000, 0x0000000800000000)
  eden space 233472K, 0% used [0x00000007d5500000,0x00000007d5500000,0x00000007e3900000)
  from space 232960K, 46% used [0x00000007f1c80000,0x00000007f864d078,0x0000000800000000)
  to   space 232960K, 0% used [0x00000007e3900000,0x00000007e3900000,0x00000007f1c80000)
 ParOldGen       total 683520K, used 459356K [0x0000000780000000, 0x00000007a9b80000, 0x00000007d5500000)
  object space 683520K, 67% used [0x0000000780000000,0x000000079c097080,0x00000007a9b80000)
 PSPermGen       total 24064K, used 11494K [0x000000077ae00000, 0x000000077c580000, 0x0000000780000000)
  object space 24064K, 47% used [0x000000077ae00000,0x000000077b939aa0,0x000000077c580000)
}
Event: 21,272 GC heap before
{Heap before GC invocations=23 (full 4):
 PSYoungGen      total 466432K, used 341812K [0x00000007d5500000, 0x0000000800000000, 0x0000000800000000)
  eden space 233472K, 100% used [0x00000007d5500000,0x00000007e3900000,0x00000007e3900000)
  from space 232960K, 46% used [0x00000007f1c80000,0x00000007f864d078,0x0000000800000000)
  to   space 232960K, 0% used [0x00000007e3900000,0x00000007e3900000,0x00000007f1c80000)
 ParOldGen       total 683520K, used 459356K [0x0000000780000000, 0x00000007a9b80000, 0x00000007d5500000)
  object space 683520K, 67% used [0x0000000780000000,0x000000079c097080,0x00000007a9b80000)
 PSPermGen       total 24064K, used 11494K [0x000000077ae00000, 0x000000077c580000, 0x0000000780000000)
  object space 24064K, 47% used [0x000000077ae00000,0x000000077b939aa0,0x000000077c580000)
Event: 21,649 GC heap after
Heap after GC invocations=23 (full 4):
 PSYoungGen      total 466432K, used 79204K [0x00000007d5500000, 0x0000000800000000, 0x0000000800000000)
  eden space 233472K, 0% used [0x00000007d5500000,0x00000007d5500000,0x00000007e3900000)
  from space 232960K, 33% used [0x00000007e3900000,0x00000007e8659080,0x00000007f1c80000)
  to   space 232960K, 0% used [0x00000007f1c80000,0x00000007f1c80000,0x0000000800000000)
 ParOldGen       total 683520K, used 517546K [0x0000000780000000, 0x00000007a9b80000, 0x00000007d5500000)
  object space 683520K, 75% used [0x0000000780000000,0x000000079f96abc0,0x00000007a9b80000)
 PSPermGen       total 24064K, used 11494K [0x000000077ae00000, 0x000000077c580000, 0x0000000780000000)
  object space 24064K, 47% used [0x000000077ae00000,0x000000077b939aa0,0x000000077c580000)
}
Event: 21,950 GC heap before
{Heap before GC invocations=24 (full 4):
 PSYoungGen      total 466432K, used 312676K [0x00000007d5500000, 0x0000000800000000, 0x0000000800000000)
  eden space 233472K, 100% used [0x00000007d5500000,0x00000007e3900000,0x00000007e3900000)
  from space 232960K, 33% used [0x00000007e3900000,0x00000007e8659080,0x00000007f1c80000)
  to   space 232960K, 0% used [0x00000007f1c80000,0x00000007f1c80000,0x0000000800000000)
 ParOldGen       total 683520K, used 517546K [0x0000000780000000, 0x00000007a9b80000, 0x00000007d5500000)
  object space 683520K, 75% used [0x0000000780000000,0x000000079f96abc0,0x00000007a9b80000)
 PSPermGen       total 24064K, used 11494K [0x000000077ae00000, 0x000000077c580000, 0x0000000780000000)
  object space 24064K, 47% used [0x000000077ae00000,0x000000077b939aa0,0x000000077c580000)
Event: 22,162 GC heap after
Heap after GC invocations=24 (full 4):
 PSYoungGen      total 466432K, used 58304K [0x00000007d5500000, 0x0000000800000000, 0x0000000800000000)
  eden space 233472K, 0% used [0x00000007d5500000,0x00000007d5500000,0x00000007e3900000)
  from space 232960K, 25% used [0x00000007f1c80000,0x00000007f5570110,0x0000000800000000)
  to   space 232960K, 0% used [0x00000007e3900000,0x00000007e3900000,0x00000007f1c80000)
 ParOldGen       total 683520K, used 567917K [0x0000000780000000, 0x00000007a9b80000, 0x00000007d5500000)
  object space 683520K, 83% used [0x0000000780000000,0x00000007a2a9b550,0x00000007a9b80000)
 PSPermGen       total 24064K, used 11494K [0x000000077ae00000, 0x000000077c580000, 0x0000000780000000)
  object space 24064K, 47% used [0x000000077ae00000,0x000000077b939aa0,0x000000077c580000)
}
Event: 22,528 GC heap before
{Heap before GC invocations=25 (full 4):
 PSYoungGen      total 466432K, used 291776K [0x00000007d5500000, 0x0000000800000000, 0x0000000800000000)
  eden space 233472K, 100% used [0x00000007d5500000,0x00000007e3900000,0x00000007e3900000)
  from space 232960K, 25% used [0x00000007f1c80000,0x00000007f5570110,0x0000000800000000)
  to   space 232960K, 0% used [0x00000007e3900000,0x00000007e3900000,0x00000007f1c80000)
 ParOldGen       total 683520K, used 567917K [0x0000000780000000, 0x00000007a9b80000, 0x00000007d5500000)
  object space 683520K, 83% used [0x0000000780000000,0x00000007a2a9b550,0x00000007a9b80000)
 PSPermGen       total 24064K, used 11494K [0x000000077ae00000, 0x000000077c580000, 0x0000000780000000)
  object space 24064K, 47% used [0x000000077ae00000,0x000000077b939aa0,0x000000077c580000)
Event: 22,765 GC heap after
Heap after GC invocations=25 (full 4):
 PSYoungGen      total 466432K, used 28304K [0x00000007d5500000, 0x0000000800000000, 0x0000000800000000)
  eden space 233472K, 0% used [0x00000007d5500000,0x00000007d5500000,0x00000007e3900000)
  from space 232960K, 12% used [0x00000007e3900000,0x00000007e54a40e0,0x00000007f1c80000)
  to   space 232960K, 0% used [0x00000007f1c80000,0x00000007f1c80000,0x0000000800000000)
 ParOldGen       total 683520K, used 625991K [0x0000000780000000, 0x00000007a9b80000, 0x00000007d5500000)
  object space 683520K, 91% used [0x0000000780000000,0x00000007a6351ec0,0x00000007a9b80000)
 PSPermGen       total 24064K, used 11494K [0x000000077ae00000, 0x000000077c580000, 0x0000000780000000)
  object space 24064K, 47% used [0x000000077ae00000,0x000000077b939aa0,0x000000077c580000)
}
Event: 22,765 GC heap before
{Heap before GC invocations=26 (full 5):
 PSYoungGen      total 466432K, used 28304K [0x00000007d5500000, 0x0000000800000000, 0x0000000800000000)
  eden space 233472K, 0% used [0x00000007d5500000,0x00000007d5500000,0x00000007e3900000)
  from space 232960K, 12% used [0x00000007e3900000,0x00000007e54a40e0,0x00000007f1c80000)
  to   space 232960K, 0% used [0x00000007f1c80000,0x00000007f1c80000,0x0000000800000000)
 ParOldGen       total 683520K, used 625991K [0x0000000780000000, 0x00000007a9b80000, 0x00000007d5500000)
  object space 683520K, 91% used [0x0000000780000000,0x00000007a6351ec0,0x00000007a9b80000)
 PSPermGen       total 24064K, used 11494K [0x000000077ae00000, 0x000000077c580000, 0x0000000780000000)
  object space 24064K, 47% used [0x000000077ae00000,0x000000077b939aa0,0x000000077c580000)

